This file contains any messages produced by compilers while
running configure, to aid debugging if configure makes a mistake.

It was created by configure, which was
generated by GNU Autoconf 2.61.  Invocation command line was

  $ ./configure 

## --------- ##
## Platform. ##
## --------- ##

hostname = gingavm.telemidia.puc-rio.br
uname -m = i686
uname -r = 2.6.23.17-88.fc7
uname -s = Linux
uname -v = #1 SMP Thu May 15 00:35:10 EDT 2008

/usr/bin/uname -p = unknown
/bin/uname -X     = unknown

/bin/arch              = i686
/usr/bin/arch -k       = unknown
/usr/convex/getsysinfo = unknown
/usr/bin/hostinfo      = unknown
/bin/machine           = unknown
/usr/bin/oslevel       = unknown
/bin/universe          = unknown

PATH: /usr/kerberos/sbin
PATH: /usr/kerberos/bin
PATH: /usr/local/sbin
PATH: /usr/local/bin
PATH: /sbin
PATH: /bin
PATH: /usr/sbin
PATH: /usr/bin
PATH: /root/bin


## ----------- ##
## Core tests. ##
## ----------- ##

configure:1977: checking for a BSD-compatible install
configure:2033: result: /usr/bin/install -c
configure:2044: checking whether build environment is sane
configure:2087: result: yes
configure:2115: checking for a thread-safe mkdir -p
configure:2154: result: /bin/mkdir -p
configure:2167: checking for gawk
configure:2183: found /bin/gawk
configure:2194: result: gawk
configure:2205: checking whether make sets $(MAKE)
configure:2226: result: yes
configure:2479: checking for g++
configure:2495: found /usr/bin/g++
configure:2506: result: g++
configure:2537: checking for C++ compiler version
configure:2544: g++ --version >&5
g++ (GCC) 4.1.2 20070925 (Red Hat 4.1.2-27)
Copyright (C) 2006 Free Software Foundation, Inc.
This is free software; see the source for copying conditions.  There is NO
warranty; not even for MERCHANTABILITY or FITNESS FOR A PARTICULAR PURPOSE.

configure:2547: $? = 0
configure:2554: g++ -v >&5
Using built-in specs.
Target: i386-redhat-linux
Configured with: ../configure --prefix=/usr --mandir=/usr/share/man --infodir=/usr/share/info --enable-shared --enable-threads=posix --enable-checking=release --with-system-zlib --enable-__cxa_atexit --disable-libunwind-exceptions --enable-languages=c,c++,objc,obj-c++,java,fortran,ada --enable-java-awt=gtk --disable-dssi --enable-plugin --with-java-home=/usr/lib/jvm/java-1.5.0-gcj-1.5.0.0/jre --enable-libgcj-multifile --enable-java-maintainer-mode --with-ecj-jar=/usr/share/java/eclipse-ecj.jar --with-cpu=generic --host=i386-redhat-linux
Thread model: posix
gcc version 4.1.2 20070925 (Red Hat 4.1.2-27)
configure:2557: $? = 0
configure:2564: g++ -V >&5
g++: '-V' option must have argument
configure:2567: $? = 1
configure:2590: checking for C++ compiler default output file name
configure:2617: g++    conftest.cpp  >&5
configure:2620: $? = 0
configure:2658: result: a.out
configure:2675: checking whether the C++ compiler works
configure:2685: ./a.out
configure:2688: $? = 0
configure:2705: result: yes
configure:2712: checking whether we are cross compiling
configure:2714: result: no
configure:2717: checking for suffix of executables
configure:2724: g++ -o conftest    conftest.cpp  >&5
configure:2727: $? = 0
configure:2751: result: 
configure:2757: checking for suffix of object files
configure:2783: g++ -c   conftest.cpp >&5
configure:2786: $? = 0
configure:2809: result: o
configure:2813: checking whether we are using the GNU C++ compiler
configure:2842: g++ -c   conftest.cpp >&5
configure:2848: $? = 0
configure:2865: result: yes
configure:2870: checking whether g++ accepts -g
configure:2900: g++ -c -g  conftest.cpp >&5
configure:2906: $? = 0
configure:3005: result: yes
configure:3039: checking for style of include used by make
configure:3067: result: GNU
configure:3092: checking dependency style of g++
configure:3183: result: gcc3
configure:3276: checking build system type
configure:3294: result: i686-pc-linux-gnu
configure:3316: checking host system type
configure:3331: result: i686-pc-linux-gnu
configure:3401: checking for gcc
configure:3417: found /usr/bin/gcc
configure:3428: result: gcc
configure:3666: checking for C compiler version
configure:3673: gcc --version >&5
gcc (GCC) 4.1.2 20070925 (Red Hat 4.1.2-27)
Copyright (C) 2006 Free Software Foundation, Inc.
This is free software; see the source for copying conditions.  There is NO
warranty; not even for MERCHANTABILITY or FITNESS FOR A PARTICULAR PURPOSE.

configure:3676: $? = 0
configure:3683: gcc -v >&5
Using built-in specs.
Target: i386-redhat-linux
Configured with: ../configure --prefix=/usr --mandir=/usr/share/man --infodir=/usr/share/info --enable-shared --enable-threads=posix --enable-checking=release --with-system-zlib --enable-__cxa_atexit --disable-libunwind-exceptions --enable-languages=c,c++,objc,obj-c++,java,fortran,ada --enable-java-awt=gtk --disable-dssi --enable-plugin --with-java-home=/usr/lib/jvm/java-1.5.0-gcj-1.5.0.0/jre --enable-libgcj-multifile --enable-java-maintainer-mode --with-ecj-jar=/usr/share/java/eclipse-ecj.jar --with-cpu=generic --host=i386-redhat-linux
Thread model: posix
gcc version 4.1.2 20070925 (Red Hat 4.1.2-27)
configure:3686: $? = 0
configure:3693: gcc -V >&5
gcc: '-V' option must have argument
configure:3696: $? = 1
configure:3699: checking whether we are using the GNU C compiler
configure:3728: gcc -c   conftest.c >&5
configure:3734: $? = 0
configure:3751: result: yes
configure:3756: checking whether gcc accepts -g
configure:3786: gcc -c -g  conftest.c >&5
configure:3792: $? = 0
configure:3891: result: yes
configure:3908: checking for gcc option to accept ISO C89
configure:3982: gcc  -c -g -O2  conftest.c >&5
configure:3988: $? = 0
configure:4011: result: none needed
configure:4031: checking dependency style of gcc
configure:4122: result: gcc3
configure:4137: checking for a sed that does not truncate output
configure:4193: result: /bin/sed
configure:4196: checking for grep that handles long lines and -e
configure:4270: result: /bin/grep
configure:4275: checking for egrep
configure:4353: result: /bin/grep -E
configure:4369: checking for ld used by gcc
configure:4436: result: /usr/bin/ld
configure:4445: checking if the linker (/usr/bin/ld) is GNU ld
configure:4460: result: yes
configure:4465: checking for /usr/bin/ld option to reload object files
configure:4472: result: -r
configure:4490: checking for BSD-compatible nm
configure:4539: result: /usr/bin/nm -B
configure:4543: checking whether ln -s works
configure:4547: result: yes
configure:4554: checking how to recognise dependent libraries
configure:4730: result: pass_all
configure:4964: checking how to run the C preprocessor
configure:5004: gcc -E  conftest.c
configure:5010: $? = 0
configure:5041: gcc -E  conftest.c
conftest.c:10:28: error: ac_nonexistent.h: No such file or directory
configure:5047: $? = 1
configure: failed program was:
| /* confdefs.h.  */
| #define PACKAGE_NAME ""
| #define PACKAGE_TARNAME ""
| #define PACKAGE_VERSION ""
| #define PACKAGE_STRING ""
| #define PACKAGE_BUGREPORT ""
| #define PACKAGE "ginga"
| #define VERSION "0.11.2"
| /* end confdefs.h.  */
| #include <ac_nonexistent.h>
configure:5080: result: gcc -E
configure:5109: gcc -E  conftest.c
configure:5115: $? = 0
configure:5146: gcc -E  conftest.c
conftest.c:10:28: error: ac_nonexistent.h: No such file or directory
configure:5152: $? = 1
configure: failed program was:
| /* confdefs.h.  */
| #define PACKAGE_NAME ""
| #define PACKAGE_TARNAME ""
| #define PACKAGE_VERSION ""
| #define PACKAGE_STRING ""
| #define PACKAGE_BUGREPORT ""
| #define PACKAGE "ginga"
| #define VERSION "0.11.2"
| /* end confdefs.h.  */
| #include <ac_nonexistent.h>
configure:5190: checking for ANSI C header files
configure:5220: gcc -c -g -O2  conftest.c >&5
configure:5226: $? = 0
configure:5325: gcc -o conftest -g -O2   conftest.c  >&5
configure:5328: $? = 0
configure:5334: ./conftest
configure:5337: $? = 0
configure:5354: result: yes
configure:5378: checking for sys/types.h
configure:5399: gcc -c -g -O2  conftest.c >&5
configure:5405: $? = 0
configure:5421: result: yes
configure:5378: checking for sys/stat.h
configure:5399: gcc -c -g -O2  conftest.c >&5
configure:5405: $? = 0
configure:5421: result: yes
configure:5378: checking for stdlib.h
configure:5399: gcc -c -g -O2  conftest.c >&5
configure:5405: $? = 0
configure:5421: result: yes
configure:5378: checking for string.h
configure:5399: gcc -c -g -O2  conftest.c >&5
configure:5405: $? = 0
configure:5421: result: yes
configure:5378: checking for memory.h
configure:5399: gcc -c -g -O2  conftest.c >&5
configure:5405: $? = 0
configure:5421: result: yes
configure:5378: checking for strings.h
configure:5399: gcc -c -g -O2  conftest.c >&5
configure:5405: $? = 0
configure:5421: result: yes
configure:5378: checking for inttypes.h
configure:5399: gcc -c -g -O2  conftest.c >&5
configure:5405: $? = 0
configure:5421: result: yes
configure:5378: checking for stdint.h
configure:5399: gcc -c -g -O2  conftest.c >&5
configure:5405: $? = 0
configure:5421: result: yes
configure:5378: checking for unistd.h
configure:5399: gcc -c -g -O2  conftest.c >&5
configure:5405: $? = 0
configure:5421: result: yes
configure:5448: checking dlfcn.h usability
configure:5465: gcc -c -g -O2  conftest.c >&5
configure:5471: $? = 0
configure:5485: result: yes
configure:5489: checking dlfcn.h presence
configure:5504: gcc -E  conftest.c
configure:5510: $? = 0
configure:5524: result: yes
configure:5552: checking for dlfcn.h
configure:5560: result: yes
configure:5583: checking how to run the C++ preprocessor
configure:5619: g++ -E  conftest.cpp
configure:5625: $? = 0
configure:5656: g++ -E  conftest.cpp
conftest.cpp:21:28: error: ac_nonexistent.h: No such file or directory
configure:5662: $? = 1
configure: failed program was:
| /* confdefs.h.  */
| #define PACKAGE_NAME ""
| #define PACKAGE_TARNAME ""
| #define PACKAGE_VERSION ""
| #define PACKAGE_STRING ""
| #define PACKAGE_BUGREPORT ""
| #define PACKAGE "ginga"
| #define VERSION "0.11.2"
| #define STDC_HEADERS 1
| #define HAVE_SYS_TYPES_H 1
| #define HAVE_SYS_STAT_H 1
| #define HAVE_STDLIB_H 1
| #define HAVE_STRING_H 1
| #define HAVE_MEMORY_H 1
| #define HAVE_STRINGS_H 1
| #define HAVE_INTTYPES_H 1
| #define HAVE_STDINT_H 1
| #define HAVE_UNISTD_H 1
| #define HAVE_DLFCN_H 1
| /* end confdefs.h.  */
| #include <ac_nonexistent.h>
configure:5695: result: g++ -E
configure:5724: g++ -E  conftest.cpp
configure:5730: $? = 0
configure:5761: g++ -E  conftest.cpp
conftest.cpp:21:28: error: ac_nonexistent.h: No such file or directory
configure:5767: $? = 1
configure: failed program was:
| /* confdefs.h.  */
| #define PACKAGE_NAME ""
| #define PACKAGE_TARNAME ""
| #define PACKAGE_VERSION ""
| #define PACKAGE_STRING ""
| #define PACKAGE_BUGREPORT ""
| #define PACKAGE "ginga"
| #define VERSION "0.11.2"
| #define STDC_HEADERS 1
| #define HAVE_SYS_TYPES_H 1
| #define HAVE_SYS_STAT_H 1
| #define HAVE_STDLIB_H 1
| #define HAVE_STRING_H 1
| #define HAVE_MEMORY_H 1
| #define HAVE_STRINGS_H 1
| #define HAVE_INTTYPES_H 1
| #define HAVE_STDINT_H 1
| #define HAVE_UNISTD_H 1
| #define HAVE_DLFCN_H 1
| /* end confdefs.h.  */
| #include <ac_nonexistent.h>
configure:5860: checking for g77
configure:5890: result: no
configure:5860: checking for xlf
configure:5890: result: no
configure:5860: checking for f77
configure:5890: result: no
configure:5860: checking for frt
configure:5890: result: no
configure:5860: checking for pgf77
configure:5890: result: no
configure:5860: checking for cf77
configure:5890: result: no
configure:5860: checking for fort77
configure:5890: result: no
configure:5860: checking for fl32
configure:5890: result: no
configure:5860: checking for af77
configure:5890: result: no
configure:5860: checking for xlf90
configure:5890: result: no
configure:5860: checking for f90
configure:5890: result: no
configure:5860: checking for pgf90
configure:5890: result: no
configure:5860: checking for pghpf
configure:5890: result: no
configure:5860: checking for epcf90
configure:5890: result: no
configure:5860: checking for gfortran
configure:5890: result: no
configure:5860: checking for g95
configure:5890: result: no
configure:5860: checking for xlf95
configure:5890: result: no
configure:5860: checking for f95
configure:5890: result: no
configure:5860: checking for fort
configure:5890: result: no
configure:5860: checking for ifort
configure:5890: result: no
configure:5860: checking for ifc
configure:5890: result: no
configure:5860: checking for efc
configure:5890: result: no
configure:5860: checking for pgf95
configure:5890: result: no
configure:5860: checking for lf95
configure:5890: result: no
configure:5860: checking for ftn
configure:5890: result: no
configure:5917: checking for Fortran 77 compiler version
configure:5924:  --version >&5
./configure: line 5925: --version: command not found
configure:5927: $? = 127
configure:5934:  -v >&5
./configure: line 5935: -v: command not found
configure:5937: $? = 127
configure:5944:  -V >&5
./configure: line 5945: -V: command not found
configure:5947: $? = 127
configure:5955: checking whether we are using the GNU Fortran 77 compiler
configure:5974:  -c  conftest.F >&5
./configure: line 5975: -c: command not found
configure:5980: $? = 127
configure: failed program was:
|       program main
| #ifndef __GNUC__
|        choke me
| #endif
| 
|       end
configure:5997: result: no
configure:6003: checking whether  accepts -g
configure:6020:  -c -g conftest.f >&5
./configure: line 6021: -c: command not found
configure:6026: $? = 127
configure: failed program was:
|       program main
| 
|       end
configure:6042: result: no
configure:6072: checking the maximum length of command line arguments
configure:6181: result: 32768
configure:6192: checking command to parse /usr/bin/nm -B output from gcc object
configure:6297: g++ -c -g -O2  conftest.cpp >&5
configure:6300: $? = 0
configure:6304: /usr/bin/nm -B conftest.o \| sed -n -e 's/^.*[ 	]\([ABCDGIRSTW][ABCDGIRSTW]*\)[ 	][ 	]*\([_A-Za-z][_A-Za-z0-9]*\)$/\1 \2 \2/p' \> conftest.nm
configure:6307: $? = 0
configure:6359: g++ -o conftest -g -O2   conftest.cpp conftstm.o >&5
configure:6362: $? = 0
configure:6400: result: ok
configure:6404: checking for objdir
configure:6419: result: .libs
configure:6511: checking for ar
configure:6527: found /usr/bin/ar
configure:6538: result: ar
configure:6607: checking for ranlib
configure:6623: found /usr/bin/ranlib
configure:6634: result: ranlib
configure:6703: checking for strip
configure:6719: found /usr/bin/strip
configure:6730: result: strip
configure:7016: checking if gcc supports -fno-rtti -fno-exceptions
configure:7034: gcc -c -g -O2  -fno-rtti -fno-exceptions conftest.c >&5
cc1: warning: command line option "-fno-rtti" is valid for C++/ObjC++ but not for C
configure:7038: $? = 0
configure:7051: result: no
configure:7066: checking for gcc option to produce PIC
configure:7276: result: -fPIC
configure:7284: checking if gcc PIC flag -fPIC works
configure:7302: gcc -c -g -O2  -fPIC -DPIC conftest.c >&5
configure:7306: $? = 0
configure:7319: result: yes
configure:7347: checking if gcc static flag -static works
configure:7375: result: yes
configure:7385: checking if gcc supports -c -o file.o
configure:7406: gcc -c -g -O2  -o out/conftest2.o conftest.c >&5
configure:7410: $? = 0
configure:7432: result: yes
configure:7458: checking whether the gcc linker (/usr/bin/ld) supports shared libraries
configure:8412: result: yes
configure:8433: checking whether -lc should be explicitly linked in
configure:8438: gcc -c -g -O2  conftest.c >&5
configure:8441: $? = 0
configure:8456: gcc -shared conftest.o  -v -Wl,-soname -Wl,conftest -o conftest 2\>\&1 \| grep  -lc  \>/dev/null 2\>\&1
configure:8459: $? = 0
configure:8471: result: no
configure:8479: checking dynamic linker characteristics
configure:9088: result: GNU/Linux ld.so
configure:9097: checking how to hardcode library paths into programs
configure:9122: result: immediate
configure:9136: checking whether stripping libraries is possible
configure:9141: result: yes
configure:9942: checking if libtool supports shared libraries
configure:9944: result: yes
configure:9947: checking whether to build shared libraries
configure:9968: result: yes
configure:9971: checking whether to build static libraries
configure:9975: result: yes
configure:10067: creating libtool
configure:10655: checking for ld used by g++
configure:10722: result: /usr/bin/ld
configure:10731: checking if the linker (/usr/bin/ld) is GNU ld
configure:10746: result: yes
configure:10797: checking whether the g++ linker (/usr/bin/ld) supports shared libraries
configure:11731: result: yes
configure:11749: g++ -c -g -O2  conftest.cpp >&5
configure:11752: $? = 0
configure:11871: checking for g++ option to produce PIC
configure:12145: result: -fPIC
configure:12153: checking if g++ PIC flag -fPIC works
configure:12171: g++ -c -g -O2  -fPIC -DPIC conftest.cpp >&5
configure:12175: $? = 0
configure:12188: result: yes
configure:12216: checking if g++ static flag -static works
configure:12244: result: yes
configure:12254: checking if g++ supports -c -o file.o
configure:12275: g++ -c -g -O2  -o out/conftest2.o conftest.cpp >&5
configure:12279: $? = 0
configure:12301: result: yes
configure:12327: checking whether the g++ linker (/usr/bin/ld) supports shared libraries
configure:12352: result: yes
configure:12419: checking dynamic linker characteristics
configure:13028: result: GNU/Linux ld.so
configure:13037: checking how to hardcode library paths into programs
configure:13062: result: immediate
configure:19280: checking util/Color.h usability
configure:19297: g++ -c -fPIC -g -O2 -I/usr/local/include/ginga/ -I/usr/local/include/ -I/usr/include/  conftest.cpp >&5
configure:19303: $? = 0
configure:19317: result: yes
configure:19321: checking util/Color.h presence
configure:19336: g++ -E -I/usr/local/include/ginga/ -I/usr/local/include/ -I/usr/include/  conftest.cpp
configure:19342: $? = 0
configure:19356: result: yes
configure:19384: checking for util/Color.h
configure:19391: result: yes
configure:19428: checking player/INCLPlayer.h usability
configure:19445: g++ -c -fPIC -g -O2 -I/usr/local/include/ginga/ -I/usr/local/include/ -I/usr/include/  conftest.cpp >&5
configure:19451: $? = 0
configure:19465: result: yes
configure:19469: checking player/INCLPlayer.h presence
configure:19484: g++ -E -I/usr/local/include/ginga/ -I/usr/local/include/ -I/usr/include/  conftest.cpp
configure:19490: $? = 0
configure:19504: result: yes
configure:19532: checking for player/INCLPlayer.h
configure:19539: result: yes
configure:19572: checking for main in -ltelemidiautil
configure:19601: g++ -o conftest -fPIC -g -O2 -I/usr/local/include/ginga/ -I/usr/local/include/ -I/usr/include/  -L/usr/local/lib/ginga/ -L/usr/local/lib/ -L/usr/lib/  conftest.cpp -ltelemidiautil   >&5
configure:19607: $? = 0
configure:19625: result: yes
configure:19875: result: *** Component support will be built.
configure:20026: creating ./config.status

## ---------------------- ##
## Running config.status. ##
## ---------------------- ##

This file was extended by config.status, which was
generated by GNU Autoconf 2.61.  Invocation command line was

  CONFIG_FILES    = 
  CONFIG_HEADERS  = 
  CONFIG_LINKS    = 
  CONFIG_COMMANDS = 
  $ ./config.status 

on gingavm.telemidia.puc-rio.br

config.status:669: creating Makefile
config.status:669: creating src/Makefile
config.status:669: creating config.h
config.status:898: config.h is unchanged
config.status:944: executing depfiles commands

## ---------------- ##
## Cache variables. ##
## ---------------- ##

ac_cv_build=i686-pc-linux-gnu
ac_cv_c_compiler_gnu=yes
ac_cv_cxx_compiler_gnu=yes
ac_cv_env_CCC_set=
ac_cv_env_CCC_value=
ac_cv_env_CC_set=
ac_cv_env_CC_value=
ac_cv_env_CFLAGS_set=
ac_cv_env_CFLAGS_value=
ac_cv_env_CPPFLAGS_set=
ac_cv_env_CPPFLAGS_value=
ac_cv_env_CPP_set=
ac_cv_env_CPP_value=
ac_cv_env_CXXCPP_set=
ac_cv_env_CXXCPP_value=
ac_cv_env_CXXFLAGS_set=
ac_cv_env_CXXFLAGS_value=
ac_cv_env_CXX_set=
ac_cv_env_CXX_value=
ac_cv_env_F77_set=
ac_cv_env_F77_value=
ac_cv_env_FFLAGS_set=
ac_cv_env_FFLAGS_value=
ac_cv_env_LDFLAGS_set=
ac_cv_env_LDFLAGS_value=
ac_cv_env_LIBS_set=
ac_cv_env_LIBS_value=
ac_cv_env_build_alias_set=
ac_cv_env_build_alias_value=
ac_cv_env_host_alias_set=
ac_cv_env_host_alias_value=
ac_cv_env_target_alias_set=
ac_cv_env_target_alias_value=
ac_cv_f77_compiler_gnu=no
ac_cv_header_dlfcn_h=yes
ac_cv_header_inttypes_h=yes
ac_cv_header_memory_h=yes
ac_cv_header_player_INCLPlayer_h=yes
ac_cv_header_stdc=yes
ac_cv_header_stdint_h=yes
ac_cv_header_stdlib_h=yes
ac_cv_header_string_h=yes
ac_cv_header_strings_h=yes
ac_cv_header_sys_stat_h=yes
ac_cv_header_sys_types_h=yes
ac_cv_header_unistd_h=yes
ac_cv_header_util_Color_h=yes
ac_cv_host=i686-pc-linux-gnu
ac_cv_lib_telemidiautil=ac_cv_lib_telemidiautil_main
ac_cv_lib_telemidiautil_main=yes
ac_cv_objext=o
ac_cv_path_EGREP='/bin/grep -E'
ac_cv_path_GREP=/bin/grep
ac_cv_path_install='/usr/bin/install -c'
ac_cv_path_mkdir=/bin/mkdir
ac_cv_prog_AWK=gawk
ac_cv_prog_CPP='gcc -E'
ac_cv_prog_CXXCPP='g++ -E'
ac_cv_prog_ac_ct_AR=ar
ac_cv_prog_ac_ct_CC=gcc
ac_cv_prog_ac_ct_CXX=g++
ac_cv_prog_ac_ct_RANLIB=ranlib
ac_cv_prog_ac_ct_STRIP=strip
ac_cv_prog_cc_c89=
ac_cv_prog_cc_g=yes
ac_cv_prog_cxx_g=yes
ac_cv_prog_f77_g=no
ac_cv_prog_make_make_set=yes
am_cv_CC_dependencies_compiler_type=gcc3
am_cv_CXX_dependencies_compiler_type=gcc3
lt_cv_deplibs_check_method=pass_all
lt_cv_file_magic_cmd='$MAGIC_CMD'
lt_cv_file_magic_test_file=
lt_cv_ld_reload_flag=-r
lt_cv_objdir=.libs
lt_cv_path_LD=/usr/bin/ld
lt_cv_path_LDCXX=/usr/bin/ld
lt_cv_path_NM='/usr/bin/nm -B'
lt_cv_path_SED=/bin/sed
lt_cv_prog_compiler_c_o=yes
lt_cv_prog_compiler_c_o_CXX=yes
lt_cv_prog_compiler_rtti_exceptions=no
lt_cv_prog_gnu_ld=yes
lt_cv_prog_gnu_ldcxx=yes
lt_cv_sys_global_symbol_pipe='sed -n -e '\''s/^.*[ 	]\([ABCDGIRSTW][ABCDGIRSTW]*\)[ 	][ 	]*\([_A-Za-z][_A-Za-z0-9]*\)$/\1 \2 \2/p'\'''
lt_cv_sys_global_symbol_to_c_name_address='sed -n -e '\''s/^: \([^ ]*\) $/  {\"\1\", (lt_ptr) 0},/p'\'' -e '\''s/^[BCDEGRST] \([^ ]*\) \([^ ]*\)$/  {"\2", (lt_ptr) \&\2},/p'\'''
lt_cv_sys_global_symbol_to_cdecl='sed -n -e '\''s/^. .* \(.*\)$/extern int \1;/p'\'''
lt_cv_sys_max_cmd_len=32768
lt_lt_cv_prog_compiler_c_o='"yes"'
lt_lt_cv_prog_compiler_c_o_CXX='"yes"'
lt_lt_cv_sys_global_symbol_pipe='"sed -n -e '\''s/^.*[ 	]\\([ABCDGIRSTW][ABCDGIRSTW]*\\)[ 	][ 	]*\\([_A-Za-z][_A-Za-z0-9]*\\)\$/\\1 \\2 \\2/p'\''"'
lt_lt_cv_sys_global_symbol_to_c_name_address='"sed -n -e '\''s/^: \\([^ ]*\\) \$/  {\\\"\\1\\\", (lt_ptr) 0},/p'\'' -e '\''s/^[BCDEGRST] \\([^ ]*\\) \\([^ ]*\\)\$/  {\"\\2\", (lt_ptr) \\&\\2},/p'\''"'
lt_lt_cv_sys_global_symbol_to_cdecl='"sed -n -e '\''s/^. .* \\(.*\\)\$/extern int \\1;/p'\''"'

## ----------------- ##
## Output variables. ##
## ----------------- ##

ACLOCAL='${SHELL} /usr/src/gingaUFSCAR/ginga-cpp/missing --run aclocal-1.10'
AMDEPBACKSLASH='\'
AMDEP_FALSE='#'
AMDEP_TRUE=''
AMTAR='${SHELL} /usr/src/gingaUFSCAR/ginga-cpp/missing --run tar'
AR='ar'
AUTOCONF='${SHELL} /usr/src/gingaUFSCAR/ginga-cpp/missing --run autoconf'
AUTOHEADER='${SHELL} /usr/src/gingaUFSCAR/ginga-cpp/missing --run autoheader'
AUTOMAKE='${SHELL} /usr/src/gingaUFSCAR/ginga-cpp/missing --run automake-1.10'
AWK='gawk'
CC='gcc'
CCDEPMODE='depmode=gcc3'
CFLAGS='-fPIC -g -O2'
COMPONENTS_FALSE=''
COMPONENTS_LIBS='-ldl -L/usr/local/lib/ginga/'
COMPONENTS_TRUE='#'
CPP='gcc -E'
CPPFLAGS='-I/usr/local/include/ginga/ -I/usr/local/include/ -I/usr/include/ '
CXX='g++'
CXXCPP='g++ -E'
CXXDEPMODE='depmode=gcc3'
CXXFLAGS='-fPIC -g -O2'
CYGPATH_W='echo'
DEFS='-DHAVE_CONFIG_H'
DEPDIR='.deps'
ECHO='echo'
ECHO_C=''
ECHO_N='-n'
ECHO_T=''
EGREP='/bin/grep -E'
EXEEXT=''
F77=''
FFLAGS=''
GREP='/bin/grep'
INSTALL_DATA='${INSTALL} -m 644'
INSTALL_PROGRAM='${INSTALL}'
INSTALL_SCRIPT='${INSTALL}'
INSTALL_STRIP_PROGRAM='$(install_sh) -c -s'
LDFLAGS='-L/usr/local/lib/ginga/ -L/usr/local/lib/ -L/usr/lib/ '
LIBOBJS=''
LIBS='-ltelemidiautil '
LIBTOOL='$(SHELL) $(top_builddir)/libtool'
LN_S='ln -s'
LTLIBOBJS=''
MAKEINFO='${SHELL} /usr/src/gingaUFSCAR/ginga-cpp/missing --run makeinfo'
OBJEXT='o'
PACKAGE='ginga'
PACKAGE_BUGREPORT=''
PACKAGE_NAME=''
PACKAGE_STRING=''
PACKAGE_TARNAME=''
PACKAGE_VERSION=''
PATH_SEPARATOR=':'
RANLIB='ranlib'
RECOMMENDER_FALSE=''
RECOMMENDER_LIBS=''
RECOMMENDER_TRUE='#'
SED='/bin/sed'
SET_MAKE=''
SHELL='/bin/sh'
STRIP='strip'
VERSION='0.11.2'
ac_ct_CC='gcc'
ac_ct_CXX='g++'
ac_ct_F77=''
am__fastdepCC_FALSE='#'
am__fastdepCC_TRUE=''
am__fastdepCXX_FALSE='#'
am__fastdepCXX_TRUE=''
am__include='include'
am__isrc=''
am__leading_dot='.'
am__quote=''
am__tar='${AMTAR} chof - "$$tardir"'
am__untar='${AMTAR} xf -'
bindir='${exec_prefix}/bin'
build='i686-pc-linux-gnu'
build_alias=''
build_cpu='i686'
build_os='linux-gnu'
build_vendor='pc'
datadir='${datarootdir}'
datarootdir='${prefix}/share'
docdir='${datarootdir}/doc/${PACKAGE}'
dvidir='${docdir}'
exec_prefix='${prefix}'
host='i686-pc-linux-gnu'
host_alias=''
host_cpu='i686'
host_os='linux-gnu'
host_vendor='pc'
htmldir='${docdir}'
includedir='${prefix}/include'
infodir='${datarootdir}/info'
install_sh='$(SHELL) /usr/src/gingaUFSCAR/ginga-cpp/install-sh'
libdir='${exec_prefix}/lib'
libexecdir='${exec_prefix}/libexec'
localedir='${datarootdir}/locale'
localstatedir='${prefix}/var'
mandir='${datarootdir}/man'
mkdir_p='/bin/mkdir -p'
oldincludedir='/usr/include'
pdfdir='${docdir}'
prefix='/usr/local'
program_transform_name='s,x,x,'
psdir='${docdir}'
sbindir='${exec_prefix}/sbin'
sharedstatedir='${prefix}/com'
sysconfdir='${prefix}/etc'
target_alias=''

## ----------- ##
## confdefs.h. ##
## ----------- ##

#define PACKAGE_NAME ""
#define PACKAGE_TARNAME ""
#define PACKAGE_VERSION ""
#define PACKAGE_STRING ""
#define PACKAGE_BUGREPORT ""
#define PACKAGE "ginga"
#define VERSION "0.11.2"
#define STDC_HEADERS 1
#define HAVE_SYS_TYPES_H 1
#define HAVE_SYS_STAT_H 1
#define HAVE_STDLIB_H 1
#define HAVE_STRING_H 1
#define HAVE_MEMORY_H 1
#define HAVE_STRINGS_H 1
#define HAVE_INTTYPES_H 1
#define HAVE_STDINT_H 1
#define HAVE_UNISTD_H 1
#define HAVE_DLFCN_H 1
#define HAVE_LIBTELEMIDIAUTIL 1
#define HAVE_COMPSUPPORT 1

configure: exit 0
