This file contains any messages produced by compilers while
running configure, to aid debugging if configure makes a mistake.

It was created by configure, which was
generated by GNU Autoconf 2.61.  Invocation command line was

  $ ./configure 

## --------- ##
## Platform. ##
## --------- ##

hostname = gingavm.telemidia.puc-rio.br
uname -m = i686
uname -r = 2.6.23.17-88.fc7
uname -s = Linux
uname -v = #1 SMP Thu May 15 00:35:10 EDT 2008

/usr/bin/uname -p = unknown
/bin/uname -X     = unknown

/bin/arch              = i686
/usr/bin/arch -k       = unknown
/usr/convex/getsysinfo = unknown
/usr/bin/hostinfo      = unknown
/bin/machine           = unknown
/usr/bin/oslevel       = unknown
/bin/universe          = unknown

PATH: /usr/kerberos/sbin
PATH: /usr/kerberos/bin
PATH: /usr/local/sbin
PATH: /usr/local/bin
PATH: /sbin
PATH: /bin
PATH: /usr/sbin
PATH: /usr/bin
PATH: /root/bin


## ----------- ##
## Core tests. ##
## ----------- ##

configure:1982: checking for a BSD-compatible install
configure:2038: result: /usr/bin/install -c
configure:2049: checking whether build environment is sane
configure:2092: result: yes
configure:2120: checking for a thread-safe mkdir -p
configure:2159: result: /bin/mkdir -p
configure:2172: checking for gawk
configure:2188: found /bin/gawk
configure:2199: result: gawk
configure:2210: checking whether make sets $(MAKE)
configure:2231: result: yes
configure:2484: checking for g++
configure:2500: found /usr/bin/g++
configure:2511: result: g++
configure:2542: checking for C++ compiler version
configure:2549: g++ --version >&5
g++ (GCC) 4.1.2 20070925 (Red Hat 4.1.2-27)
Copyright (C) 2006 Free Software Foundation, Inc.
This is free software; see the source for copying conditions.  There is NO
warranty; not even for MERCHANTABILITY or FITNESS FOR A PARTICULAR PURPOSE.

configure:2552: $? = 0
configure:2559: g++ -v >&5
Using built-in specs.
Target: i386-redhat-linux
Configured with: ../configure --prefix=/usr --mandir=/usr/share/man --infodir=/usr/share/info --enable-shared --enable-threads=posix --enable-checking=release --with-system-zlib --enable-__cxa_atexit --disable-libunwind-exceptions --enable-languages=c,c++,objc,obj-c++,java,fortran,ada --enable-java-awt=gtk --disable-dssi --enable-plugin --with-java-home=/usr/lib/jvm/java-1.5.0-gcj-1.5.0.0/jre --enable-libgcj-multifile --enable-java-maintainer-mode --with-ecj-jar=/usr/share/java/eclipse-ecj.jar --with-cpu=generic --host=i386-redhat-linux
Thread model: posix
gcc version 4.1.2 20070925 (Red Hat 4.1.2-27)
configure:2562: $? = 0
configure:2569: g++ -V >&5
g++: '-V' option must have argument
configure:2572: $? = 1
configure:2595: checking for C++ compiler default output file name
configure:2622: g++    conftest.cpp  >&5
configure:2625: $? = 0
configure:2663: result: a.out
configure:2680: checking whether the C++ compiler works
configure:2690: ./a.out
configure:2693: $? = 0
configure:2710: result: yes
configure:2717: checking whether we are cross compiling
configure:2719: result: no
configure:2722: checking for suffix of executables
configure:2729: g++ -o conftest    conftest.cpp  >&5
configure:2732: $? = 0
configure:2756: result: 
configure:2762: checking for suffix of object files
configure:2788: g++ -c   conftest.cpp >&5
configure:2791: $? = 0
configure:2814: result: o
configure:2818: checking whether we are using the GNU C++ compiler
configure:2847: g++ -c   conftest.cpp >&5
configure:2853: $? = 0
configure:2870: result: yes
configure:2875: checking whether g++ accepts -g
configure:2905: g++ -c -g  conftest.cpp >&5
configure:2911: $? = 0
configure:3010: result: yes
configure:3044: checking for style of include used by make
configure:3072: result: GNU
configure:3097: checking dependency style of g++
configure:3188: result: gcc3
configure:3281: checking build system type
configure:3299: result: i686-pc-linux-gnu
configure:3321: checking host system type
configure:3336: result: i686-pc-linux-gnu
configure:3406: checking for gcc
configure:3422: found /usr/bin/gcc
configure:3433: result: gcc
configure:3671: checking for C compiler version
configure:3678: gcc --version >&5
gcc (GCC) 4.1.2 20070925 (Red Hat 4.1.2-27)
Copyright (C) 2006 Free Software Foundation, Inc.
This is free software; see the source for copying conditions.  There is NO
warranty; not even for MERCHANTABILITY or FITNESS FOR A PARTICULAR PURPOSE.

configure:3681: $? = 0
configure:3688: gcc -v >&5
Using built-in specs.
Target: i386-redhat-linux
Configured with: ../configure --prefix=/usr --mandir=/usr/share/man --infodir=/usr/share/info --enable-shared --enable-threads=posix --enable-checking=release --with-system-zlib --enable-__cxa_atexit --disable-libunwind-exceptions --enable-languages=c,c++,objc,obj-c++,java,fortran,ada --enable-java-awt=gtk --disable-dssi --enable-plugin --with-java-home=/usr/lib/jvm/java-1.5.0-gcj-1.5.0.0/jre --enable-libgcj-multifile --enable-java-maintainer-mode --with-ecj-jar=/usr/share/java/eclipse-ecj.jar --with-cpu=generic --host=i386-redhat-linux
Thread model: posix
gcc version 4.1.2 20070925 (Red Hat 4.1.2-27)
configure:3691: $? = 0
configure:3698: gcc -V >&5
gcc: '-V' option must have argument
configure:3701: $? = 1
configure:3704: checking whether we are using the GNU C compiler
configure:3733: gcc -c   conftest.c >&5
configure:3739: $? = 0
configure:3756: result: yes
configure:3761: checking whether gcc accepts -g
configure:3791: gcc -c -g  conftest.c >&5
configure:3797: $? = 0
configure:3896: result: yes
configure:3913: checking for gcc option to accept ISO C89
configure:3987: gcc  -c -g -O2  conftest.c >&5
configure:3993: $? = 0
configure:4016: result: none needed
configure:4036: checking dependency style of gcc
configure:4127: result: gcc3
configure:4142: checking for a sed that does not truncate output
configure:4198: result: /bin/sed
configure:4201: checking for grep that handles long lines and -e
configure:4275: result: /bin/grep
configure:4280: checking for egrep
configure:4358: result: /bin/grep -E
configure:4374: checking for ld used by gcc
configure:4441: result: /usr/bin/ld
configure:4450: checking if the linker (/usr/bin/ld) is GNU ld
configure:4465: result: yes
configure:4470: checking for /usr/bin/ld option to reload object files
configure:4477: result: -r
configure:4495: checking for BSD-compatible nm
configure:4544: result: /usr/bin/nm -B
configure:4548: checking whether ln -s works
configure:4552: result: yes
configure:4559: checking how to recognise dependent libraries
configure:4735: result: pass_all
configure:4969: checking how to run the C preprocessor
configure:5009: gcc -E  conftest.c
configure:5015: $? = 0
configure:5046: gcc -E  conftest.c
conftest.c:10:28: error: ac_nonexistent.h: No such file or directory
configure:5052: $? = 1
configure: failed program was:
| /* confdefs.h.  */
| #define PACKAGE_NAME ""
| #define PACKAGE_TARNAME ""
| #define PACKAGE_VERSION ""
| #define PACKAGE_STRING ""
| #define PACKAGE_BUGREPORT ""
| #define PACKAGE "gingaccplayer"
| #define VERSION "0.11.2"
| /* end confdefs.h.  */
| #include <ac_nonexistent.h>
configure:5085: result: gcc -E
configure:5114: gcc -E  conftest.c
configure:5120: $? = 0
configure:5151: gcc -E  conftest.c
conftest.c:10:28: error: ac_nonexistent.h: No such file or directory
configure:5157: $? = 1
configure: failed program was:
| /* confdefs.h.  */
| #define PACKAGE_NAME ""
| #define PACKAGE_TARNAME ""
| #define PACKAGE_VERSION ""
| #define PACKAGE_STRING ""
| #define PACKAGE_BUGREPORT ""
| #define PACKAGE "gingaccplayer"
| #define VERSION "0.11.2"
| /* end confdefs.h.  */
| #include <ac_nonexistent.h>
configure:5195: checking for ANSI C header files
configure:5225: gcc -c -g -O2  conftest.c >&5
configure:5231: $? = 0
configure:5330: gcc -o conftest -g -O2   conftest.c  >&5
configure:5333: $? = 0
configure:5339: ./conftest
configure:5342: $? = 0
configure:5359: result: yes
configure:5383: checking for sys/types.h
configure:5404: gcc -c -g -O2  conftest.c >&5
configure:5410: $? = 0
configure:5426: result: yes
configure:5383: checking for sys/stat.h
configure:5404: gcc -c -g -O2  conftest.c >&5
configure:5410: $? = 0
configure:5426: result: yes
configure:5383: checking for stdlib.h
configure:5404: gcc -c -g -O2  conftest.c >&5
configure:5410: $? = 0
configure:5426: result: yes
configure:5383: checking for string.h
configure:5404: gcc -c -g -O2  conftest.c >&5
configure:5410: $? = 0
configure:5426: result: yes
configure:5383: checking for memory.h
configure:5404: gcc -c -g -O2  conftest.c >&5
configure:5410: $? = 0
configure:5426: result: yes
configure:5383: checking for strings.h
configure:5404: gcc -c -g -O2  conftest.c >&5
configure:5410: $? = 0
configure:5426: result: yes
configure:5383: checking for inttypes.h
configure:5404: gcc -c -g -O2  conftest.c >&5
configure:5410: $? = 0
configure:5426: result: yes
configure:5383: checking for stdint.h
configure:5404: gcc -c -g -O2  conftest.c >&5
configure:5410: $? = 0
configure:5426: result: yes
configure:5383: checking for unistd.h
configure:5404: gcc -c -g -O2  conftest.c >&5
configure:5410: $? = 0
configure:5426: result: yes
configure:5453: checking dlfcn.h usability
configure:5470: gcc -c -g -O2  conftest.c >&5
configure:5476: $? = 0
configure:5490: result: yes
configure:5494: checking dlfcn.h presence
configure:5509: gcc -E  conftest.c
configure:5515: $? = 0
configure:5529: result: yes
configure:5557: checking for dlfcn.h
configure:5565: result: yes
configure:5588: checking how to run the C++ preprocessor
configure:5624: g++ -E  conftest.cpp
configure:5630: $? = 0
configure:5661: g++ -E  conftest.cpp
conftest.cpp:21:28: error: ac_nonexistent.h: No such file or directory
configure:5667: $? = 1
configure: failed program was:
| /* confdefs.h.  */
| #define PACKAGE_NAME ""
| #define PACKAGE_TARNAME ""
| #define PACKAGE_VERSION ""
| #define PACKAGE_STRING ""
| #define PACKAGE_BUGREPORT ""
| #define PACKAGE "gingaccplayer"
| #define VERSION "0.11.2"
| #define STDC_HEADERS 1
| #define HAVE_SYS_TYPES_H 1
| #define HAVE_SYS_STAT_H 1
| #define HAVE_STDLIB_H 1
| #define HAVE_STRING_H 1
| #define HAVE_MEMORY_H 1
| #define HAVE_STRINGS_H 1
| #define HAVE_INTTYPES_H 1
| #define HAVE_STDINT_H 1
| #define HAVE_UNISTD_H 1
| #define HAVE_DLFCN_H 1
| /* end confdefs.h.  */
| #include <ac_nonexistent.h>
configure:5700: result: g++ -E
configure:5729: g++ -E  conftest.cpp
configure:5735: $? = 0
configure:5766: g++ -E  conftest.cpp
conftest.cpp:21:28: error: ac_nonexistent.h: No such file or directory
configure:5772: $? = 1
configure: failed program was:
| /* confdefs.h.  */
| #define PACKAGE_NAME ""
| #define PACKAGE_TARNAME ""
| #define PACKAGE_VERSION ""
| #define PACKAGE_STRING ""
| #define PACKAGE_BUGREPORT ""
| #define PACKAGE "gingaccplayer"
| #define VERSION "0.11.2"
| #define STDC_HEADERS 1
| #define HAVE_SYS_TYPES_H 1
| #define HAVE_SYS_STAT_H 1
| #define HAVE_STDLIB_H 1
| #define HAVE_STRING_H 1
| #define HAVE_MEMORY_H 1
| #define HAVE_STRINGS_H 1
| #define HAVE_INTTYPES_H 1
| #define HAVE_STDINT_H 1
| #define HAVE_UNISTD_H 1
| #define HAVE_DLFCN_H 1
| /* end confdefs.h.  */
| #include <ac_nonexistent.h>
configure:5865: checking for g77
configure:5895: result: no
configure:5865: checking for xlf
configure:5895: result: no
configure:5865: checking for f77
configure:5895: result: no
configure:5865: checking for frt
configure:5895: result: no
configure:5865: checking for pgf77
configure:5895: result: no
configure:5865: checking for cf77
configure:5895: result: no
configure:5865: checking for fort77
configure:5895: result: no
configure:5865: checking for fl32
configure:5895: result: no
configure:5865: checking for af77
configure:5895: result: no
configure:5865: checking for xlf90
configure:5895: result: no
configure:5865: checking for f90
configure:5895: result: no
configure:5865: checking for pgf90
configure:5895: result: no
configure:5865: checking for pghpf
configure:5895: result: no
configure:5865: checking for epcf90
configure:5895: result: no
configure:5865: checking for gfortran
configure:5895: result: no
configure:5865: checking for g95
configure:5895: result: no
configure:5865: checking for xlf95
configure:5895: result: no
configure:5865: checking for f95
configure:5895: result: no
configure:5865: checking for fort
configure:5895: result: no
configure:5865: checking for ifort
configure:5895: result: no
configure:5865: checking for ifc
configure:5895: result: no
configure:5865: checking for efc
configure:5895: result: no
configure:5865: checking for pgf95
configure:5895: result: no
configure:5865: checking for lf95
configure:5895: result: no
configure:5865: checking for ftn
configure:5895: result: no
configure:5922: checking for Fortran 77 compiler version
configure:5929:  --version >&5
./configure: line 5930: --version: command not found
configure:5932: $? = 127
configure:5939:  -v >&5
./configure: line 5940: -v: command not found
configure:5942: $? = 127
configure:5949:  -V >&5
./configure: line 5950: -V: command not found
configure:5952: $? = 127
configure:5960: checking whether we are using the GNU Fortran 77 compiler
configure:5979:  -c  conftest.F >&5
./configure: line 5980: -c: command not found
configure:5985: $? = 127
configure: failed program was:
|       program main
| #ifndef __GNUC__
|        choke me
| #endif
| 
|       end
configure:6002: result: no
configure:6008: checking whether  accepts -g
configure:6025:  -c -g conftest.f >&5
./configure: line 6026: -c: command not found
configure:6031: $? = 127
configure: failed program was:
|       program main
| 
|       end
configure:6047: result: no
configure:6077: checking the maximum length of command line arguments
configure:6186: result: 32768
configure:6197: checking command to parse /usr/bin/nm -B output from gcc object
configure:6302: g++ -c -g -O2  conftest.cpp >&5
configure:6305: $? = 0
configure:6309: /usr/bin/nm -B conftest.o \| sed -n -e 's/^.*[ 	]\([ABCDGIRSTW][ABCDGIRSTW]*\)[ 	][ 	]*\([_A-Za-z][_A-Za-z0-9]*\)$/\1 \2 \2/p' \> conftest.nm
configure:6312: $? = 0
configure:6364: g++ -o conftest -g -O2   conftest.cpp conftstm.o >&5
configure:6367: $? = 0
configure:6405: result: ok
configure:6409: checking for objdir
configure:6424: result: .libs
configure:6516: checking for ar
configure:6532: found /usr/bin/ar
configure:6543: result: ar
configure:6612: checking for ranlib
configure:6628: found /usr/bin/ranlib
configure:6639: result: ranlib
configure:6708: checking for strip
configure:6724: found /usr/bin/strip
configure:6735: result: strip
configure:7021: checking if gcc supports -fno-rtti -fno-exceptions
configure:7039: gcc -c -g -O2  -fno-rtti -fno-exceptions conftest.c >&5
cc1: warning: command line option "-fno-rtti" is valid for C++/ObjC++ but not for C
configure:7043: $? = 0
configure:7056: result: no
configure:7071: checking for gcc option to produce PIC
configure:7281: result: -fPIC
configure:7289: checking if gcc PIC flag -fPIC works
configure:7307: gcc -c -g -O2  -fPIC -DPIC conftest.c >&5
configure:7311: $? = 0
configure:7324: result: yes
configure:7352: checking if gcc static flag -static works
configure:7380: result: yes
configure:7390: checking if gcc supports -c -o file.o
configure:7411: gcc -c -g -O2  -o out/conftest2.o conftest.c >&5
configure:7415: $? = 0
configure:7437: result: yes
configure:7463: checking whether the gcc linker (/usr/bin/ld) supports shared libraries
configure:8417: result: yes
configure:8438: checking whether -lc should be explicitly linked in
configure:8443: gcc -c -g -O2  conftest.c >&5
configure:8446: $? = 0
configure:8461: gcc -shared conftest.o  -v -Wl,-soname -Wl,conftest -o conftest 2\>\&1 \| grep  -lc  \>/dev/null 2\>\&1
configure:8464: $? = 0
configure:8476: result: no
configure:8484: checking dynamic linker characteristics
configure:9093: result: GNU/Linux ld.so
configure:9102: checking how to hardcode library paths into programs
configure:9127: result: immediate
configure:9141: checking whether stripping libraries is possible
configure:9146: result: yes
configure:9947: checking if libtool supports shared libraries
configure:9949: result: yes
configure:9952: checking whether to build shared libraries
configure:9973: result: yes
configure:9976: checking whether to build static libraries
configure:9980: result: yes
configure:10072: creating libtool
configure:10660: checking for ld used by g++
configure:10727: result: /usr/bin/ld
configure:10736: checking if the linker (/usr/bin/ld) is GNU ld
configure:10751: result: yes
configure:10802: checking whether the g++ linker (/usr/bin/ld) supports shared libraries
configure:11736: result: yes
configure:11754: g++ -c -g -O2  conftest.cpp >&5
configure:11757: $? = 0
configure:11876: checking for g++ option to produce PIC
configure:12150: result: -fPIC
configure:12158: checking if g++ PIC flag -fPIC works
configure:12176: g++ -c -g -O2  -fPIC -DPIC conftest.cpp >&5
configure:12180: $? = 0
configure:12193: result: yes
configure:12221: checking if g++ static flag -static works
configure:12249: result: yes
configure:12259: checking if g++ supports -c -o file.o
configure:12280: g++ -c -g -O2  -o out/conftest2.o conftest.cpp >&5
configure:12284: $? = 0
configure:12306: result: yes
configure:12332: checking whether the g++ linker (/usr/bin/ld) supports shared libraries
configure:12357: result: yes
configure:12424: checking dynamic linker characteristics
configure:13033: result: GNU/Linux ld.so
configure:13042: checking how to hardcode library paths into programs
configure:13067: result: immediate
configure:19285: checking util/functions.h usability
configure:19302: g++ -c -fPIC -g -O2 -I/usr/local/include/ginga/ -I/usr/local/include/ -I/usr/include/  conftest.cpp >&5
configure:19308: $? = 0
configure:19322: result: yes
configure:19326: checking util/functions.h presence
configure:19341: g++ -E -I/usr/local/include/ginga/ -I/usr/local/include/ -I/usr/include/  conftest.cpp
configure:19347: $? = 0
configure:19361: result: yes
configure:19389: checking for util/functions.h
configure:19396: result: yes
configure:19433: checking system/thread/Thread.h usability
configure:19450: g++ -c -fPIC -g -O2 -I/usr/local/include/ginga/ -I/usr/local/include/ -I/usr/include/  conftest.cpp >&5
configure:19456: $? = 0
configure:19470: result: yes
configure:19474: checking system/thread/Thread.h presence
configure:19489: g++ -E -I/usr/local/include/ginga/ -I/usr/local/include/ -I/usr/include/  conftest.cpp
configure:19495: $? = 0
configure:19509: result: yes
configure:19537: checking for system/thread/Thread.h
configure:19544: result: yes
configure:19581: checking lua.h usability
configure:19598: g++ -c -fPIC -g -O2 -I/usr/local/include/ginga/ -I/usr/local/include/ -I/usr/include/  conftest.cpp >&5
configure:19604: $? = 0
configure:19618: result: yes
configure:19622: checking lua.h presence
configure:19637: g++ -E -I/usr/local/include/ginga/ -I/usr/local/include/ -I/usr/include/  conftest.cpp
configure:19643: $? = 0
configure:19657: result: yes
configure:19685: checking for lua.h
configure:19692: result: yes
configure:19729: checking system/io/interface/IIOContainer.h usability
configure:19746: g++ -c -fPIC -g -O2 -I/usr/local/include/ginga/ -I/usr/local/include/ -I/usr/include/  conftest.cpp >&5
configure:19752: $? = 0
configure:19766: result: yes
configure:19770: checking system/io/interface/IIOContainer.h presence
configure:19785: g++ -E -I/usr/local/include/ginga/ -I/usr/local/include/ -I/usr/include/  conftest.cpp
configure:19791: $? = 0
configure:19805: result: yes
configure:19833: checking for system/io/interface/IIOContainer.h
configure:19840: result: yes
configure:19873: checking for main in -ltelemidiautil
configure:19902: g++ -o conftest -fPIC -g -O2 -I/usr/local/include/ginga/ -I/usr/local/include/ -I/usr/include/  -L/usr/local/lib/ginga/iocontents -L/usr/local/lib/ginga/ -L/usr/local/lib/ -L/usr/lib/  conftest.cpp -ltelemidiautil   >&5
configure:19908: $? = 0
configure:19926: result: yes
configure:19957: checking for main in -lgingaccsystemthread
configure:19986: g++ -o conftest -fPIC -g -O2 -I/usr/local/include/ginga/ -I/usr/local/include/ -I/usr/include/  -L/usr/local/lib/ginga/iocontents -L/usr/local/lib/ginga/ -L/usr/local/lib/ -L/usr/lib/  conftest.cpp -lgingaccsystemthread  -ltelemidiautil  >&5
configure:19992: $? = 0
configure:20010: result: yes
configure:20041: checking for main in -ltelemidialinks
configure:20070: g++ -o conftest -fPIC -g -O2 -I/usr/local/include/ginga/ -I/usr/local/include/ -I/usr/include/  -L/usr/local/lib/ginga/iocontents -L/usr/local/lib/ginga/ -L/usr/local/lib/ -L/usr/lib/  conftest.cpp -ltelemidialinks  -lgingaccsystemthread -ltelemidiautil  >&5
configure:20076: $? = 0
configure:20094: result: yes
configure:20135: checking for main in -llua
configure:20164: g++ -o conftest -fPIC -g -O2 -I/usr/local/include/ginga/ -I/usr/local/include/ -I/usr/include/  -L/usr/local/lib/ginga/iocontents -L/usr/local/lib/ginga/ -L/usr/local/lib/ -L/usr/lib/  conftest.cpp -llua  -ltelemidialinks -lgingaccsystemthread -ltelemidiautil  >&5
configure:20170: $? = 0
configure:20188: result: yes
configure:20478: result: *** Clock time support will be built.
configure:20528: result: *** Component support will be built.
configure:20688: creating ./config.status

## ---------------------- ##
## Running config.status. ##
## ---------------------- ##

This file was extended by config.status, which was
generated by GNU Autoconf 2.61.  Invocation command line was

  CONFIG_FILES    = 
  CONFIG_HEADERS  = 
  CONFIG_LINKS    = 
  CONFIG_COMMANDS = 
  $ ./config.status 

on gingavm.telemidia.puc-rio.br

config.status:686: creating Makefile
config.status:686: creating files/Makefile
config.status:686: creating files/scripts/Makefile
config.status:686: creating include/Makefile
config.status:686: creating src/Makefile
config.status:686: creating src/image/Makefile
config.status:686: creating src/application/imperative/lua/Makefile
config.status:686: creating src/application/declarative/xhtml/Makefile
config.status:686: creating src/text/Makefile
config.status:686: creating src/text/plain/Makefile
config.status:686: creating src/text/srt/Makefile
config.status:686: creating src/video/Makefile
config.status:686: creating src/tv/Makefile
config.status:686: creating src/widget/Makefile
config.status:686: creating test/Makefile
config.status:686: creating config.h
config.status:919: config.h is unchanged
config.status:965: executing depfiles commands
configure:21990: result:
Build options:
  Module directory        
  NCLET Support           no


## ---------------- ##
## Cache variables. ##
## ---------------- ##

ac_cv_build=i686-pc-linux-gnu
ac_cv_c_compiler_gnu=yes
ac_cv_cxx_compiler_gnu=yes
ac_cv_env_CCC_set=
ac_cv_env_CCC_value=
ac_cv_env_CC_set=
ac_cv_env_CC_value=
ac_cv_env_CFLAGS_set=
ac_cv_env_CFLAGS_value=
ac_cv_env_CPPFLAGS_set=
ac_cv_env_CPPFLAGS_value=
ac_cv_env_CPP_set=
ac_cv_env_CPP_value=
ac_cv_env_CXXCPP_set=
ac_cv_env_CXXCPP_value=
ac_cv_env_CXXFLAGS_set=
ac_cv_env_CXXFLAGS_value=
ac_cv_env_CXX_set=
ac_cv_env_CXX_value=
ac_cv_env_F77_set=
ac_cv_env_F77_value=
ac_cv_env_FFLAGS_set=
ac_cv_env_FFLAGS_value=
ac_cv_env_LDFLAGS_set=
ac_cv_env_LDFLAGS_value=
ac_cv_env_LIBS_set=
ac_cv_env_LIBS_value=
ac_cv_env_build_alias_set=
ac_cv_env_build_alias_value=
ac_cv_env_host_alias_set=
ac_cv_env_host_alias_value=
ac_cv_env_target_alias_set=
ac_cv_env_target_alias_value=
ac_cv_f77_compiler_gnu=no
ac_cv_header_dlfcn_h=yes
ac_cv_header_inttypes_h=yes
ac_cv_header_lua_h=yes
ac_cv_header_memory_h=yes
ac_cv_header_stdc=yes
ac_cv_header_stdint_h=yes
ac_cv_header_stdlib_h=yes
ac_cv_header_string_h=yes
ac_cv_header_strings_h=yes
ac_cv_header_sys_stat_h=yes
ac_cv_header_sys_types_h=yes
ac_cv_header_system_io_interface_IIOContainer_h=yes
ac_cv_header_system_thread_Thread_h=yes
ac_cv_header_unistd_h=yes
ac_cv_header_util_functions_h=yes
ac_cv_host=i686-pc-linux-gnu
ac_cv_lib_gingaccsystemthread=ac_cv_lib_gingaccsystemthread_main
ac_cv_lib_gingaccsystemthread_main=yes
ac_cv_lib_lua=ac_cv_lib_lua_main
ac_cv_lib_lua_main=yes
ac_cv_lib_telemidialinks=ac_cv_lib_telemidialinks_main
ac_cv_lib_telemidialinks_main=yes
ac_cv_lib_telemidiautil=ac_cv_lib_telemidiautil_main
ac_cv_lib_telemidiautil_main=yes
ac_cv_objext=o
ac_cv_path_EGREP='/bin/grep -E'
ac_cv_path_GREP=/bin/grep
ac_cv_path_install='/usr/bin/install -c'
ac_cv_path_mkdir=/bin/mkdir
ac_cv_prog_AWK=gawk
ac_cv_prog_CPP='gcc -E'
ac_cv_prog_CXXCPP='g++ -E'
ac_cv_prog_ac_ct_AR=ar
ac_cv_prog_ac_ct_CC=gcc
ac_cv_prog_ac_ct_CXX=g++
ac_cv_prog_ac_ct_RANLIB=ranlib
ac_cv_prog_ac_ct_STRIP=strip
ac_cv_prog_cc_c89=
ac_cv_prog_cc_g=yes
ac_cv_prog_cxx_g=yes
ac_cv_prog_f77_g=no
ac_cv_prog_make_make_set=yes
am_cv_CC_dependencies_compiler_type=gcc3
am_cv_CXX_dependencies_compiler_type=gcc3
lt_cv_deplibs_check_method=pass_all
lt_cv_file_magic_cmd='$MAGIC_CMD'
lt_cv_file_magic_test_file=
lt_cv_ld_reload_flag=-r
lt_cv_objdir=.libs
lt_cv_path_LD=/usr/bin/ld
lt_cv_path_LDCXX=/usr/bin/ld
lt_cv_path_NM='/usr/bin/nm -B'
lt_cv_path_SED=/bin/sed
lt_cv_prog_compiler_c_o=yes
lt_cv_prog_compiler_c_o_CXX=yes
lt_cv_prog_compiler_rtti_exceptions=no
lt_cv_prog_gnu_ld=yes
lt_cv_prog_gnu_ldcxx=yes
lt_cv_sys_global_symbol_pipe='sed -n -e '\''s/^.*[ 	]\([ABCDGIRSTW][ABCDGIRSTW]*\)[ 	][ 	]*\([_A-Za-z][_A-Za-z0-9]*\)$/\1 \2 \2/p'\'''
lt_cv_sys_global_symbol_to_c_name_address='sed -n -e '\''s/^: \([^ ]*\) $/  {\"\1\", (lt_ptr) 0},/p'\'' -e '\''s/^[BCDEGRST] \([^ ]*\) \([^ ]*\)$/  {"\2", (lt_ptr) \&\2},/p'\'''
lt_cv_sys_global_symbol_to_cdecl='sed -n -e '\''s/^. .* \(.*\)$/extern int \1;/p'\'''
lt_cv_sys_max_cmd_len=32768
lt_lt_cv_prog_compiler_c_o='"yes"'
lt_lt_cv_prog_compiler_c_o_CXX='"yes"'
lt_lt_cv_sys_global_symbol_pipe='"sed -n -e '\''s/^.*[ 	]\\([ABCDGIRSTW][ABCDGIRSTW]*\\)[ 	][ 	]*\\([_A-Za-z][_A-Za-z0-9]*\\)\$/\\1 \\2 \\2/p'\''"'
lt_lt_cv_sys_global_symbol_to_c_name_address='"sed -n -e '\''s/^: \\([^ ]*\\) \$/  {\\\"\\1\\\", (lt_ptr) 0},/p'\'' -e '\''s/^[BCDEGRST] \\([^ ]*\\) \\([^ ]*\\)\$/  {\"\\2\", (lt_ptr) \\&\\2},/p'\''"'
lt_lt_cv_sys_global_symbol_to_cdecl='"sed -n -e '\''s/^. .* \\(.*\\)\$/extern int \\1;/p'\''"'

## ----------------- ##
## Output variables. ##
## ----------------- ##

ACLOCAL='${SHELL} /usr/src/gingaUFSCAR/gingacc-cpp/gingacc-player/missing --run aclocal-1.10'
AMDEPBACKSLASH='\'
AMDEP_FALSE='#'
AMDEP_TRUE=''
AMTAR='${SHELL} /usr/src/gingaUFSCAR/gingacc-cpp/gingacc-player/missing --run tar'
AR='ar'
AUTOCONF='${SHELL} /usr/src/gingaUFSCAR/gingacc-cpp/gingacc-player/missing --run autoconf'
AUTOHEADER='${SHELL} /usr/src/gingaUFSCAR/gingacc-cpp/gingacc-player/missing --run autoheader'
AUTOMAKE='${SHELL} /usr/src/gingaUFSCAR/gingacc-cpp/gingacc-player/missing --run automake-1.10'
AWK='gawk'
CC='gcc'
CCDEPMODE='depmode=gcc3'
CFLAGS='-fPIC -g -O2'
COMPONENTS_FALSE=''
COMPONENTS_INCS='-I/usr/local/include/ginga'
COMPONENTS_LIBS='-ldl -L/usr/local/lib/ -L/usr/local/lib/ginga/'
COMPONENTS_TRUE='#'
CPP='gcc -E'
CPPFLAGS='-I/usr/local/include/ginga/ -I/usr/local/include/ -I/usr/include/ '
CXX='g++'
CXXCPP='g++ -E'
CXXDEPMODE='depmode=gcc3'
CXXFLAGS='-fPIC -g -O2'
CYGPATH_W='echo'
DEFS='-DHAVE_CONFIG_H'
DEPDIR='.deps'
ECHO='echo'
ECHO_C=''
ECHO_N='-n'
ECHO_T=''
EGREP='/bin/grep -E'
EXEEXT=''
F77=''
FFLAGS=''
GREP='/bin/grep'
INSTALL_DATA='${INSTALL} -m 644'
INSTALL_PROGRAM='${INSTALL}'
INSTALL_SCRIPT='${INSTALL}'
INSTALL_STRIP_PROGRAM='$(install_sh) -c -s'
LDFLAGS='-L/usr/local/lib/ginga/iocontents -L/usr/local/lib/ginga/ -L/usr/local/lib/ -L/usr/lib/ '
LIBOBJS=''
LIBS='-llua -ltelemidialinks -lgingaccsystemthread -ltelemidiautil '
LIBTOOL='$(SHELL) $(top_builddir)/libtool'
LN_S='ln -s'
LTLIBOBJS=''
MAKEINFO='${SHELL} /usr/src/gingaUFSCAR/gingacc-cpp/gingacc-player/missing --run makeinfo'
NCLET_FALSE=''
NCLET_HEADERS=''
NCLET_LIBS=''
NCLET_TRUE='#'
OBJEXT='o'
PACKAGE='gingaccplayer'
PACKAGE_BUGREPORT=''
PACKAGE_NAME=''
PACKAGE_STRING=''
PACKAGE_TARNAME=''
PACKAGE_VERSION=''
PATH_SEPARATOR=':'
RANLIB='ranlib'
SED='/bin/sed'
SET_MAKE=''
SHELL='/bin/sh'
STRIP='strip'
VERSION='0.11.2'
ac_ct_CC='gcc'
ac_ct_CXX='g++'
ac_ct_F77=''
am__fastdepCC_FALSE='#'
am__fastdepCC_TRUE=''
am__fastdepCXX_FALSE='#'
am__fastdepCXX_TRUE=''
am__include='include'
am__isrc=''
am__leading_dot='.'
am__quote=''
am__tar='${AMTAR} chof - "$$tardir"'
am__untar='${AMTAR} xf -'
bindir='${exec_prefix}/bin'
build='i686-pc-linux-gnu'
build_alias=''
build_cpu='i686'
build_os='linux-gnu'
build_vendor='pc'
clocktime_FALSE=''
clocktime_TRUE='#'
datadir='${datarootdir}'
datarootdir='${prefix}/share'
docdir='${datarootdir}/doc/${PACKAGE}'
dvidir='${docdir}'
exec_prefix='${prefix}'
host='i686-pc-linux-gnu'
host_alias=''
host_cpu='i686'
host_os='linux-gnu'
host_vendor='pc'
htmldir='${docdir}'
includedir='${prefix}/include'
infodir='${datarootdir}/info'
install_sh='$(SHELL) /usr/src/gingaUFSCAR/gingacc-cpp/gingacc-player/install-sh'
libdir='${exec_prefix}/lib'
libexecdir='${exec_prefix}/libexec'
localedir='${datarootdir}/locale'
localstatedir='${prefix}/var'
mandir='${datarootdir}/man'
mkdir_p='/bin/mkdir -p'
oldincludedir='/usr/include'
pdfdir='${docdir}'
prefix='/usr/local'
program_transform_name='s,x,x,'
psdir='${docdir}'
sbindir='${exec_prefix}/sbin'
sharedstatedir='${prefix}/com'
sysconfdir='${prefix}/etc'
target_alias=''

## ----------- ##
## confdefs.h. ##
## ----------- ##

#define PACKAGE_NAME ""
#define PACKAGE_TARNAME ""
#define PACKAGE_VERSION ""
#define PACKAGE_STRING ""
#define PACKAGE_BUGREPORT ""
#define PACKAGE "gingaccplayer"
#define VERSION "0.11.2"
#define STDC_HEADERS 1
#define HAVE_SYS_TYPES_H 1
#define HAVE_SYS_STAT_H 1
#define HAVE_STDLIB_H 1
#define HAVE_STRING_H 1
#define HAVE_MEMORY_H 1
#define HAVE_STRINGS_H 1
#define HAVE_INTTYPES_H 1
#define HAVE_STDINT_H 1
#define HAVE_UNISTD_H 1
#define HAVE_DLFCN_H 1
#define HAVE_LIBTELEMIDIAUTIL 1
#define HAVE_LIBGINGACCSYSTEMTHREAD 1
#define HAVE_LIBTELEMIDIALINKS 1
#define HAVE_LIBLUA 1
#define HAVE_CLOCKTIME 1
#define HAVE_COMPSUPPORT 1

configure: exit 0
