This file contains any messages produced by compilers while
running configure, to aid debugging if configure makes a mistake.

It was created by configure, which was
generated by GNU Autoconf 2.61.  Invocation command line was

  $ ./configure 

## --------- ##
## Platform. ##
## --------- ##

hostname = gingavm.telemidia.puc-rio.br
uname -m = i686
uname -r = 2.6.23.17-88.fc7
uname -s = Linux
uname -v = #1 SMP Thu May 15 00:35:10 EDT 2008

/usr/bin/uname -p = unknown
/bin/uname -X     = unknown

/bin/arch              = i686
/usr/bin/arch -k       = unknown
/usr/convex/getsysinfo = unknown
/usr/bin/hostinfo      = unknown
/bin/machine           = unknown
/usr/bin/oslevel       = unknown
/bin/universe          = unknown

PATH: /usr/kerberos/sbin
PATH: /usr/kerberos/bin
PATH: /usr/local/sbin
PATH: /usr/local/bin
PATH: /sbin
PATH: /bin
PATH: /usr/sbin
PATH: /usr/bin
PATH: /root/bin


## ----------- ##
## Core tests. ##
## ----------- ##

configure:1969: checking for a BSD-compatible install
configure:2025: result: /usr/bin/install -c
configure:2036: checking whether build environment is sane
configure:2079: result: yes
configure:2107: checking for a thread-safe mkdir -p
configure:2146: result: /bin/mkdir -p
configure:2159: checking for gawk
configure:2175: found /bin/gawk
configure:2186: result: gawk
configure:2197: checking whether make sets $(MAKE)
configure:2218: result: yes
configure:2471: checking for g++
configure:2487: found /usr/bin/g++
configure:2498: result: g++
configure:2529: checking for C++ compiler version
configure:2536: g++ --version >&5
g++ (GCC) 4.1.2 20070925 (Red Hat 4.1.2-27)
Copyright (C) 2006 Free Software Foundation, Inc.
This is free software; see the source for copying conditions.  There is NO
warranty; not even for MERCHANTABILITY or FITNESS FOR A PARTICULAR PURPOSE.

configure:2539: $? = 0
configure:2546: g++ -v >&5
Using built-in specs.
Target: i386-redhat-linux
Configured with: ../configure --prefix=/usr --mandir=/usr/share/man --infodir=/usr/share/info --enable-shared --enable-threads=posix --enable-checking=release --with-system-zlib --enable-__cxa_atexit --disable-libunwind-exceptions --enable-languages=c,c++,objc,obj-c++,java,fortran,ada --enable-java-awt=gtk --disable-dssi --enable-plugin --with-java-home=/usr/lib/jvm/java-1.5.0-gcj-1.5.0.0/jre --enable-libgcj-multifile --enable-java-maintainer-mode --with-ecj-jar=/usr/share/java/eclipse-ecj.jar --with-cpu=generic --host=i386-redhat-linux
Thread model: posix
gcc version 4.1.2 20070925 (Red Hat 4.1.2-27)
configure:2549: $? = 0
configure:2556: g++ -V >&5
g++: '-V' option must have argument
configure:2559: $? = 1
configure:2582: checking for C++ compiler default output file name
configure:2609: g++    conftest.cpp  >&5
configure:2612: $? = 0
configure:2650: result: a.out
configure:2667: checking whether the C++ compiler works
configure:2677: ./a.out
configure:2680: $? = 0
configure:2697: result: yes
configure:2704: checking whether we are cross compiling
configure:2706: result: no
configure:2709: checking for suffix of executables
configure:2716: g++ -o conftest    conftest.cpp  >&5
configure:2719: $? = 0
configure:2743: result: 
configure:2749: checking for suffix of object files
configure:2775: g++ -c   conftest.cpp >&5
configure:2778: $? = 0
configure:2801: result: o
configure:2805: checking whether we are using the GNU C++ compiler
configure:2834: g++ -c   conftest.cpp >&5
configure:2840: $? = 0
configure:2857: result: yes
configure:2862: checking whether g++ accepts -g
configure:2892: g++ -c -g  conftest.cpp >&5
configure:2898: $? = 0
configure:2997: result: yes
configure:3031: checking for style of include used by make
configure:3059: result: GNU
configure:3084: checking dependency style of g++
configure:3175: result: gcc3
configure:3268: checking build system type
configure:3286: result: i686-pc-linux-gnu
configure:3308: checking host system type
configure:3323: result: i686-pc-linux-gnu
configure:3393: checking for gcc
configure:3409: found /usr/bin/gcc
configure:3420: result: gcc
configure:3658: checking for C compiler version
configure:3665: gcc --version >&5
gcc (GCC) 4.1.2 20070925 (Red Hat 4.1.2-27)
Copyright (C) 2006 Free Software Foundation, Inc.
This is free software; see the source for copying conditions.  There is NO
warranty; not even for MERCHANTABILITY or FITNESS FOR A PARTICULAR PURPOSE.

configure:3668: $? = 0
configure:3675: gcc -v >&5
Using built-in specs.
Target: i386-redhat-linux
Configured with: ../configure --prefix=/usr --mandir=/usr/share/man --infodir=/usr/share/info --enable-shared --enable-threads=posix --enable-checking=release --with-system-zlib --enable-__cxa_atexit --disable-libunwind-exceptions --enable-languages=c,c++,objc,obj-c++,java,fortran,ada --enable-java-awt=gtk --disable-dssi --enable-plugin --with-java-home=/usr/lib/jvm/java-1.5.0-gcj-1.5.0.0/jre --enable-libgcj-multifile --enable-java-maintainer-mode --with-ecj-jar=/usr/share/java/eclipse-ecj.jar --with-cpu=generic --host=i386-redhat-linux
Thread model: posix
gcc version 4.1.2 20070925 (Red Hat 4.1.2-27)
configure:3678: $? = 0
configure:3685: gcc -V >&5
gcc: '-V' option must have argument
configure:3688: $? = 1
configure:3691: checking whether we are using the GNU C compiler
configure:3720: gcc -c   conftest.c >&5
configure:3726: $? = 0
configure:3743: result: yes
configure:3748: checking whether gcc accepts -g
configure:3778: gcc -c -g  conftest.c >&5
configure:3784: $? = 0
configure:3883: result: yes
configure:3900: checking for gcc option to accept ISO C89
configure:3974: gcc  -c -g -O2  conftest.c >&5
configure:3980: $? = 0
configure:4003: result: none needed
configure:4023: checking dependency style of gcc
configure:4114: result: gcc3
configure:4129: checking for a sed that does not truncate output
configure:4185: result: /bin/sed
configure:4188: checking for grep that handles long lines and -e
configure:4262: result: /bin/grep
configure:4267: checking for egrep
configure:4345: result: /bin/grep -E
configure:4361: checking for ld used by gcc
configure:4428: result: /usr/bin/ld
configure:4437: checking if the linker (/usr/bin/ld) is GNU ld
configure:4452: result: yes
configure:4457: checking for /usr/bin/ld option to reload object files
configure:4464: result: -r
configure:4482: checking for BSD-compatible nm
configure:4531: result: /usr/bin/nm -B
configure:4535: checking whether ln -s works
configure:4539: result: yes
configure:4546: checking how to recognise dependent libraries
configure:4722: result: pass_all
configure:4956: checking how to run the C preprocessor
configure:4996: gcc -E  conftest.c
configure:5002: $? = 0
configure:5033: gcc -E  conftest.c
conftest.c:10:28: error: ac_nonexistent.h: No such file or directory
configure:5039: $? = 1
configure: failed program was:
| /* confdefs.h.  */
| #define PACKAGE_NAME ""
| #define PACKAGE_TARNAME ""
| #define PACKAGE_VERSION ""
| #define PACKAGE_STRING ""
| #define PACKAGE_BUGREPORT ""
| #define PACKAGE "gingacc-cm"
| #define VERSION "0.11.2"
| /* end confdefs.h.  */
| #include <ac_nonexistent.h>
configure:5072: result: gcc -E
configure:5101: gcc -E  conftest.c
configure:5107: $? = 0
configure:5138: gcc -E  conftest.c
conftest.c:10:28: error: ac_nonexistent.h: No such file or directory
configure:5144: $? = 1
configure: failed program was:
| /* confdefs.h.  */
| #define PACKAGE_NAME ""
| #define PACKAGE_TARNAME ""
| #define PACKAGE_VERSION ""
| #define PACKAGE_STRING ""
| #define PACKAGE_BUGREPORT ""
| #define PACKAGE "gingacc-cm"
| #define VERSION "0.11.2"
| /* end confdefs.h.  */
| #include <ac_nonexistent.h>
configure:5182: checking for ANSI C header files
configure:5212: gcc -c -g -O2  conftest.c >&5
configure:5218: $? = 0
configure:5317: gcc -o conftest -g -O2   conftest.c  >&5
configure:5320: $? = 0
configure:5326: ./conftest
configure:5329: $? = 0
configure:5346: result: yes
configure:5370: checking for sys/types.h
configure:5391: gcc -c -g -O2  conftest.c >&5
configure:5397: $? = 0
configure:5413: result: yes
configure:5370: checking for sys/stat.h
configure:5391: gcc -c -g -O2  conftest.c >&5
configure:5397: $? = 0
configure:5413: result: yes
configure:5370: checking for stdlib.h
configure:5391: gcc -c -g -O2  conftest.c >&5
configure:5397: $? = 0
configure:5413: result: yes
configure:5370: checking for string.h
configure:5391: gcc -c -g -O2  conftest.c >&5
configure:5397: $? = 0
configure:5413: result: yes
configure:5370: checking for memory.h
configure:5391: gcc -c -g -O2  conftest.c >&5
configure:5397: $? = 0
configure:5413: result: yes
configure:5370: checking for strings.h
configure:5391: gcc -c -g -O2  conftest.c >&5
configure:5397: $? = 0
configure:5413: result: yes
configure:5370: checking for inttypes.h
configure:5391: gcc -c -g -O2  conftest.c >&5
configure:5397: $? = 0
configure:5413: result: yes
configure:5370: checking for stdint.h
configure:5391: gcc -c -g -O2  conftest.c >&5
configure:5397: $? = 0
configure:5413: result: yes
configure:5370: checking for unistd.h
configure:5391: gcc -c -g -O2  conftest.c >&5
configure:5397: $? = 0
configure:5413: result: yes
configure:5440: checking dlfcn.h usability
configure:5457: gcc -c -g -O2  conftest.c >&5
configure:5463: $? = 0
configure:5477: result: yes
configure:5481: checking dlfcn.h presence
configure:5496: gcc -E  conftest.c
configure:5502: $? = 0
configure:5516: result: yes
configure:5544: checking for dlfcn.h
configure:5552: result: yes
configure:5575: checking how to run the C++ preprocessor
configure:5611: g++ -E  conftest.cpp
configure:5617: $? = 0
configure:5648: g++ -E  conftest.cpp
conftest.cpp:21:28: error: ac_nonexistent.h: No such file or directory
configure:5654: $? = 1
configure: failed program was:
| /* confdefs.h.  */
| #define PACKAGE_NAME ""
| #define PACKAGE_TARNAME ""
| #define PACKAGE_VERSION ""
| #define PACKAGE_STRING ""
| #define PACKAGE_BUGREPORT ""
| #define PACKAGE "gingacc-cm"
| #define VERSION "0.11.2"
| #define STDC_HEADERS 1
| #define HAVE_SYS_TYPES_H 1
| #define HAVE_SYS_STAT_H 1
| #define HAVE_STDLIB_H 1
| #define HAVE_STRING_H 1
| #define HAVE_MEMORY_H 1
| #define HAVE_STRINGS_H 1
| #define HAVE_INTTYPES_H 1
| #define HAVE_STDINT_H 1
| #define HAVE_UNISTD_H 1
| #define HAVE_DLFCN_H 1
| /* end confdefs.h.  */
| #include <ac_nonexistent.h>
configure:5687: result: g++ -E
configure:5716: g++ -E  conftest.cpp
configure:5722: $? = 0
configure:5753: g++ -E  conftest.cpp
conftest.cpp:21:28: error: ac_nonexistent.h: No such file or directory
configure:5759: $? = 1
configure: failed program was:
| /* confdefs.h.  */
| #define PACKAGE_NAME ""
| #define PACKAGE_TARNAME ""
| #define PACKAGE_VERSION ""
| #define PACKAGE_STRING ""
| #define PACKAGE_BUGREPORT ""
| #define PACKAGE "gingacc-cm"
| #define VERSION "0.11.2"
| #define STDC_HEADERS 1
| #define HAVE_SYS_TYPES_H 1
| #define HAVE_SYS_STAT_H 1
| #define HAVE_STDLIB_H 1
| #define HAVE_STRING_H 1
| #define HAVE_MEMORY_H 1
| #define HAVE_STRINGS_H 1
| #define HAVE_INTTYPES_H 1
| #define HAVE_STDINT_H 1
| #define HAVE_UNISTD_H 1
| #define HAVE_DLFCN_H 1
| /* end confdefs.h.  */
| #include <ac_nonexistent.h>
configure:5852: checking for g77
configure:5882: result: no
configure:5852: checking for xlf
configure:5882: result: no
configure:5852: checking for f77
configure:5882: result: no
configure:5852: checking for frt
configure:5882: result: no
configure:5852: checking for pgf77
configure:5882: result: no
configure:5852: checking for cf77
configure:5882: result: no
configure:5852: checking for fort77
configure:5882: result: no
configure:5852: checking for fl32
configure:5882: result: no
configure:5852: checking for af77
configure:5882: result: no
configure:5852: checking for xlf90
configure:5882: result: no
configure:5852: checking for f90
configure:5882: result: no
configure:5852: checking for pgf90
configure:5882: result: no
configure:5852: checking for pghpf
configure:5882: result: no
configure:5852: checking for epcf90
configure:5882: result: no
configure:5852: checking for gfortran
configure:5882: result: no
configure:5852: checking for g95
configure:5882: result: no
configure:5852: checking for xlf95
configure:5882: result: no
configure:5852: checking for f95
configure:5882: result: no
configure:5852: checking for fort
configure:5882: result: no
configure:5852: checking for ifort
configure:5882: result: no
configure:5852: checking for ifc
configure:5882: result: no
configure:5852: checking for efc
configure:5882: result: no
configure:5852: checking for pgf95
configure:5882: result: no
configure:5852: checking for lf95
configure:5882: result: no
configure:5852: checking for ftn
configure:5882: result: no
configure:5909: checking for Fortran 77 compiler version
configure:5916:  --version >&5
./configure: line 5917: --version: command not found
configure:5919: $? = 127
configure:5926:  -v >&5
./configure: line 5927: -v: command not found
configure:5929: $? = 127
configure:5936:  -V >&5
./configure: line 5937: -V: command not found
configure:5939: $? = 127
configure:5947: checking whether we are using the GNU Fortran 77 compiler
configure:5966:  -c  conftest.F >&5
./configure: line 5967: -c: command not found
configure:5972: $? = 127
configure: failed program was:
|       program main
| #ifndef __GNUC__
|        choke me
| #endif
| 
|       end
configure:5989: result: no
configure:5995: checking whether  accepts -g
configure:6012:  -c -g conftest.f >&5
./configure: line 6013: -c: command not found
configure:6018: $? = 127
configure: failed program was:
|       program main
| 
|       end
configure:6034: result: no
configure:6064: checking the maximum length of command line arguments
configure:6173: result: 32768
configure:6184: checking command to parse /usr/bin/nm -B output from gcc object
configure:6289: g++ -c -g -O2  conftest.cpp >&5
configure:6292: $? = 0
configure:6296: /usr/bin/nm -B conftest.o \| sed -n -e 's/^.*[ 	]\([ABCDGIRSTW][ABCDGIRSTW]*\)[ 	][ 	]*\([_A-Za-z][_A-Za-z0-9]*\)$/\1 \2 \2/p' \> conftest.nm
configure:6299: $? = 0
configure:6351: g++ -o conftest -g -O2   conftest.cpp conftstm.o >&5
configure:6354: $? = 0
configure:6392: result: ok
configure:6396: checking for objdir
configure:6411: result: .libs
configure:6503: checking for ar
configure:6519: found /usr/bin/ar
configure:6530: result: ar
configure:6599: checking for ranlib
configure:6615: found /usr/bin/ranlib
configure:6626: result: ranlib
configure:6695: checking for strip
configure:6711: found /usr/bin/strip
configure:6722: result: strip
configure:7008: checking if gcc supports -fno-rtti -fno-exceptions
configure:7026: gcc -c -g -O2  -fno-rtti -fno-exceptions conftest.c >&5
cc1: warning: command line option "-fno-rtti" is valid for C++/ObjC++ but not for C
configure:7030: $? = 0
configure:7043: result: no
configure:7058: checking for gcc option to produce PIC
configure:7268: result: -fPIC
configure:7276: checking if gcc PIC flag -fPIC works
configure:7294: gcc -c -g -O2  -fPIC -DPIC conftest.c >&5
configure:7298: $? = 0
configure:7311: result: yes
configure:7339: checking if gcc static flag -static works
configure:7367: result: yes
configure:7377: checking if gcc supports -c -o file.o
configure:7398: gcc -c -g -O2  -o out/conftest2.o conftest.c >&5
configure:7402: $? = 0
configure:7424: result: yes
configure:7450: checking whether the gcc linker (/usr/bin/ld) supports shared libraries
configure:8404: result: yes
configure:8425: checking whether -lc should be explicitly linked in
configure:8430: gcc -c -g -O2  conftest.c >&5
configure:8433: $? = 0
configure:8448: gcc -shared conftest.o  -v -Wl,-soname -Wl,conftest -o conftest 2\>\&1 \| grep  -lc  \>/dev/null 2\>\&1
configure:8451: $? = 0
configure:8463: result: no
configure:8471: checking dynamic linker characteristics
configure:9080: result: GNU/Linux ld.so
configure:9089: checking how to hardcode library paths into programs
configure:9114: result: immediate
configure:9128: checking whether stripping libraries is possible
configure:9133: result: yes
configure:9934: checking if libtool supports shared libraries
configure:9936: result: yes
configure:9939: checking whether to build shared libraries
configure:9960: result: yes
configure:9963: checking whether to build static libraries
configure:9967: result: yes
configure:10059: creating libtool
configure:10647: checking for ld used by g++
configure:10714: result: /usr/bin/ld
configure:10723: checking if the linker (/usr/bin/ld) is GNU ld
configure:10738: result: yes
configure:10789: checking whether the g++ linker (/usr/bin/ld) supports shared libraries
configure:11723: result: yes
configure:11741: g++ -c -g -O2  conftest.cpp >&5
configure:11744: $? = 0
configure:11863: checking for g++ option to produce PIC
configure:12137: result: -fPIC
configure:12145: checking if g++ PIC flag -fPIC works
configure:12163: g++ -c -g -O2  -fPIC -DPIC conftest.cpp >&5
configure:12167: $? = 0
configure:12180: result: yes
configure:12208: checking if g++ static flag -static works
configure:12236: result: yes
configure:12246: checking if g++ supports -c -o file.o
configure:12267: g++ -c -g -O2  -o out/conftest2.o conftest.cpp >&5
configure:12271: $? = 0
configure:12293: result: yes
configure:12319: checking whether the g++ linker (/usr/bin/ld) supports shared libraries
configure:12344: result: yes
configure:12411: checking dynamic linker characteristics
configure:13020: result: GNU/Linux ld.so
configure:13029: checking how to hardcode library paths into programs
configure:13054: result: immediate
configure:19272: checking expat.h usability
configure:19289: g++ -c -fPIC -g -O2 -I/usr/local/include/ginga/ -I/usr/local/include/ -I/usr/include/  conftest.cpp >&5
configure:19295: $? = 0
configure:19309: result: yes
configure:19313: checking expat.h presence
configure:19328: g++ -E -I/usr/local/include/ginga/ -I/usr/local/include/ -I/usr/include/  conftest.cpp
configure:19334: $? = 0
configure:19348: result: yes
configure:19376: checking for expat.h
configure:19383: result: yes
configure:19530: creating ./config.status

## ---------------------- ##
## Running config.status. ##
## ---------------------- ##

This file was extended by config.status, which was
generated by GNU Autoconf 2.61.  Invocation command line was

  CONFIG_FILES    = 
  CONFIG_HEADERS  = 
  CONFIG_LINKS    = 
  CONFIG_COMMANDS = 
  $ ./config.status 

on gingavm.telemidia.puc-rio.br

config.status:672: creating Makefile
config.status:672: creating include/component/Makefile
config.status:672: creating include/assembler/Makefile
config.status:672: creating include/parser/Makefile
config.status:672: creating include/Makefile
config.status:672: creating files/Makefile
config.status:672: creating src/component/Makefile
config.status:672: creating src/assembler/Makefile
config.status:672: creating src/parser/Makefile
config.status:672: creating src/Makefile
config.status:672: creating test/Makefile
config.status:672: creating config.h
config.status:899: config.h is unchanged
config.status:945: executing depfiles commands

## ---------------- ##
## Cache variables. ##
## ---------------- ##

ac_cv_build=i686-pc-linux-gnu
ac_cv_c_compiler_gnu=yes
ac_cv_cxx_compiler_gnu=yes
ac_cv_env_CCC_set=
ac_cv_env_CCC_value=
ac_cv_env_CC_set=
ac_cv_env_CC_value=
ac_cv_env_CFLAGS_set=
ac_cv_env_CFLAGS_value=
ac_cv_env_CPPFLAGS_set=
ac_cv_env_CPPFLAGS_value=
ac_cv_env_CPP_set=
ac_cv_env_CPP_value=
ac_cv_env_CXXCPP_set=
ac_cv_env_CXXCPP_value=
ac_cv_env_CXXFLAGS_set=
ac_cv_env_CXXFLAGS_value=
ac_cv_env_CXX_set=
ac_cv_env_CXX_value=
ac_cv_env_F77_set=
ac_cv_env_F77_value=
ac_cv_env_FFLAGS_set=
ac_cv_env_FFLAGS_value=
ac_cv_env_LDFLAGS_set=
ac_cv_env_LDFLAGS_value=
ac_cv_env_LIBS_set=
ac_cv_env_LIBS_value=
ac_cv_env_build_alias_set=
ac_cv_env_build_alias_value=
ac_cv_env_host_alias_set=
ac_cv_env_host_alias_value=
ac_cv_env_target_alias_set=
ac_cv_env_target_alias_value=
ac_cv_f77_compiler_gnu=no
ac_cv_header_dlfcn_h=yes
ac_cv_header_expat_h=yes
ac_cv_header_inttypes_h=yes
ac_cv_header_memory_h=yes
ac_cv_header_stdc=yes
ac_cv_header_stdint_h=yes
ac_cv_header_stdlib_h=yes
ac_cv_header_string_h=yes
ac_cv_header_strings_h=yes
ac_cv_header_sys_stat_h=yes
ac_cv_header_sys_types_h=yes
ac_cv_header_unistd_h=yes
ac_cv_host=i686-pc-linux-gnu
ac_cv_objext=o
ac_cv_path_EGREP='/bin/grep -E'
ac_cv_path_GREP=/bin/grep
ac_cv_path_install='/usr/bin/install -c'
ac_cv_path_mkdir=/bin/mkdir
ac_cv_prog_AWK=gawk
ac_cv_prog_CPP='gcc -E'
ac_cv_prog_CXXCPP='g++ -E'
ac_cv_prog_ac_ct_AR=ar
ac_cv_prog_ac_ct_CC=gcc
ac_cv_prog_ac_ct_CXX=g++
ac_cv_prog_ac_ct_RANLIB=ranlib
ac_cv_prog_ac_ct_STRIP=strip
ac_cv_prog_cc_c89=
ac_cv_prog_cc_g=yes
ac_cv_prog_cxx_g=yes
ac_cv_prog_f77_g=no
ac_cv_prog_make_make_set=yes
am_cv_CC_dependencies_compiler_type=gcc3
am_cv_CXX_dependencies_compiler_type=gcc3
lt_cv_deplibs_check_method=pass_all
lt_cv_file_magic_cmd='$MAGIC_CMD'
lt_cv_file_magic_test_file=
lt_cv_ld_reload_flag=-r
lt_cv_objdir=.libs
lt_cv_path_LD=/usr/bin/ld
lt_cv_path_LDCXX=/usr/bin/ld
lt_cv_path_NM='/usr/bin/nm -B'
lt_cv_path_SED=/bin/sed
lt_cv_prog_compiler_c_o=yes
lt_cv_prog_compiler_c_o_CXX=yes
lt_cv_prog_compiler_rtti_exceptions=no
lt_cv_prog_gnu_ld=yes
lt_cv_prog_gnu_ldcxx=yes
lt_cv_sys_global_symbol_pipe='sed -n -e '\''s/^.*[ 	]\([ABCDGIRSTW][ABCDGIRSTW]*\)[ 	][ 	]*\([_A-Za-z][_A-Za-z0-9]*\)$/\1 \2 \2/p'\'''
lt_cv_sys_global_symbol_to_c_name_address='sed -n -e '\''s/^: \([^ ]*\) $/  {\"\1\", (lt_ptr) 0},/p'\'' -e '\''s/^[BCDEGRST] \([^ ]*\) \([^ ]*\)$/  {"\2", (lt_ptr) \&\2},/p'\'''
lt_cv_sys_global_symbol_to_cdecl='sed -n -e '\''s/^. .* \(.*\)$/extern int \1;/p'\'''
lt_cv_sys_max_cmd_len=32768
lt_lt_cv_prog_compiler_c_o='"yes"'
lt_lt_cv_prog_compiler_c_o_CXX='"yes"'
lt_lt_cv_sys_global_symbol_pipe='"sed -n -e '\''s/^.*[ 	]\\([ABCDGIRSTW][ABCDGIRSTW]*\\)[ 	][ 	]*\\([_A-Za-z][_A-Za-z0-9]*\\)\$/\\1 \\2 \\2/p'\''"'
lt_lt_cv_sys_global_symbol_to_c_name_address='"sed -n -e '\''s/^: \\([^ ]*\\) \$/  {\\\"\\1\\\", (lt_ptr) 0},/p'\'' -e '\''s/^[BCDEGRST] \\([^ ]*\\) \\([^ ]*\\)\$/  {\"\\2\", (lt_ptr) \\&\\2},/p'\''"'
lt_lt_cv_sys_global_symbol_to_cdecl='"sed -n -e '\''s/^. .* \\(.*\\)\$/extern int \\1;/p'\''"'

## ----------------- ##
## Output variables. ##
## ----------------- ##

ACLOCAL='${SHELL} /usr/src/gingaUFSCAR/gingacc-cpp/gingacc-cm/missing --run aclocal-1.10'
AMDEPBACKSLASH='\'
AMDEP_FALSE='#'
AMDEP_TRUE=''
AMTAR='${SHELL} /usr/src/gingaUFSCAR/gingacc-cpp/gingacc-cm/missing --run tar'
AR='ar'
AUTOCONF='${SHELL} /usr/src/gingaUFSCAR/gingacc-cpp/gingacc-cm/missing --run autoconf'
AUTOHEADER='${SHELL} /usr/src/gingaUFSCAR/gingacc-cpp/gingacc-cm/missing --run autoheader'
AUTOMAKE='${SHELL} /usr/src/gingaUFSCAR/gingacc-cpp/gingacc-cm/missing --run automake-1.10'
AWK='gawk'
CC='gcc'
CCDEPMODE='depmode=gcc3'
CFLAGS='-fPIC -g -O2'
CPP='gcc -E'
CPPFLAGS='-I/usr/local/include/ginga/ -I/usr/local/include/ -I/usr/include/ '
CXX='g++'
CXXCPP='g++ -E'
CXXDEPMODE='depmode=gcc3'
CXXFLAGS='-fPIC -g -O2'
CYGPATH_W='echo'
DEFS='-DHAVE_CONFIG_H'
DEPDIR='.deps'
ECHO='echo'
ECHO_C=''
ECHO_N='-n'
ECHO_T=''
EGREP='/bin/grep -E'
EXEEXT=''
F77=''
FFLAGS=''
GREP='/bin/grep'
INSTALL_DATA='${INSTALL} -m 644'
INSTALL_PROGRAM='${INSTALL}'
INSTALL_SCRIPT='${INSTALL}'
INSTALL_STRIP_PROGRAM='$(install_sh) -c -s'
LDFLAGS='-L/usr/local/lib/ginga/ -L/usr/local/lib/ -L/usr/lib/ '
LIBOBJS=''
LIBS=''
LIBTOOL='$(SHELL) $(top_builddir)/libtool'
LN_S='ln -s'
LTLIBOBJS=''
MAKEINFO='${SHELL} /usr/src/gingaUFSCAR/gingacc-cpp/gingacc-cm/missing --run makeinfo'
OBJEXT='o'
PACKAGE='gingacc-cm'
PACKAGE_BUGREPORT=''
PACKAGE_NAME=''
PACKAGE_STRING=''
PACKAGE_TARNAME=''
PACKAGE_VERSION=''
PATH_SEPARATOR=':'
RANLIB='ranlib'
SED='/bin/sed'
SET_MAKE=''
SHELL='/bin/sh'
STRIP='strip'
VERSION='0.11.2'
ac_ct_CC='gcc'
ac_ct_CXX='g++'
ac_ct_F77=''
am__fastdepCC_FALSE='#'
am__fastdepCC_TRUE=''
am__fastdepCXX_FALSE='#'
am__fastdepCXX_TRUE=''
am__include='include'
am__isrc=''
am__leading_dot='.'
am__quote=''
am__tar='${AMTAR} chof - "$$tardir"'
am__untar='${AMTAR} xf -'
bindir='${exec_prefix}/bin'
build='i686-pc-linux-gnu'
build_alias=''
build_cpu='i686'
build_os='linux-gnu'
build_vendor='pc'
datadir='${datarootdir}'
datarootdir='${prefix}/share'
docdir='${datarootdir}/doc/${PACKAGE}'
dvidir='${docdir}'
exec_prefix='${prefix}'
host='i686-pc-linux-gnu'
host_alias=''
host_cpu='i686'
host_os='linux-gnu'
host_vendor='pc'
htmldir='${docdir}'
includedir='${prefix}/include'
infodir='${datarootdir}/info'
install_sh='$(SHELL) /usr/src/gingaUFSCAR/gingacc-cpp/gingacc-cm/install-sh'
libdir='${exec_prefix}/lib'
libexecdir='${exec_prefix}/libexec'
localedir='${datarootdir}/locale'
localstatedir='${prefix}/var'
mandir='${datarootdir}/man'
mkdir_p='/bin/mkdir -p'
oldincludedir='/usr/include'
pdfdir='${docdir}'
prefix='/usr/local'
program_transform_name='s,x,x,'
psdir='${docdir}'
sbindir='${exec_prefix}/sbin'
sharedstatedir='${prefix}/com'
sysconfdir='${prefix}/etc'
target_alias=''

## ----------- ##
## confdefs.h. ##
## ----------- ##

#define PACKAGE_NAME ""
#define PACKAGE_TARNAME ""
#define PACKAGE_VERSION ""
#define PACKAGE_STRING ""
#define PACKAGE_BUGREPORT ""
#define PACKAGE "gingacc-cm"
#define VERSION "0.11.2"
#define STDC_HEADERS 1
#define HAVE_SYS_TYPES_H 1
#define HAVE_SYS_STAT_H 1
#define HAVE_STDLIB_H 1
#define HAVE_STRING_H 1
#define HAVE_MEMORY_H 1
#define HAVE_STRINGS_H 1
#define HAVE_INTTYPES_H 1
#define HAVE_STDINT_H 1
#define HAVE_UNISTD_H 1
#define HAVE_DLFCN_H 1

configure: exit 0
