This file contains any messages produced by compilers while
running configure, to aid debugging if configure makes a mistake.

It was created by configure, which was
generated by GNU Autoconf 2.61.  Invocation command line was

  $ ./configure 

## --------- ##
## Platform. ##
## --------- ##

hostname = gingavm.telemidia.puc-rio.br
uname -m = i686
uname -r = 2.6.23.17-88.fc7
uname -s = Linux
uname -v = #1 SMP Thu May 15 00:35:10 EDT 2008

/usr/bin/uname -p = unknown
/bin/uname -X     = unknown

/bin/arch              = i686
/usr/bin/arch -k       = unknown
/usr/convex/getsysinfo = unknown
/usr/bin/hostinfo      = unknown
/bin/machine           = unknown
/usr/bin/oslevel       = unknown
/bin/universe          = unknown

PATH: /usr/kerberos/sbin
PATH: /usr/kerberos/bin
PATH: /usr/local/sbin
PATH: /usr/local/bin
PATH: /sbin
PATH: /bin
PATH: /usr/sbin
PATH: /usr/bin
PATH: /root/bin


## ----------- ##
## Core tests. ##
## ----------- ##

configure:1992: checking for a BSD-compatible install
configure:2048: result: /usr/bin/install -c
configure:2059: checking whether build environment is sane
configure:2102: result: yes
configure:2130: checking for a thread-safe mkdir -p
configure:2169: result: /bin/mkdir -p
configure:2182: checking for gawk
configure:2198: found /bin/gawk
configure:2209: result: gawk
configure:2220: checking whether make sets $(MAKE)
configure:2241: result: yes
configure:2494: checking for g++
configure:2510: found /usr/bin/g++
configure:2521: result: g++
configure:2552: checking for C++ compiler version
configure:2559: g++ --version >&5
g++ (GCC) 4.1.2 20070925 (Red Hat 4.1.2-27)
Copyright (C) 2006 Free Software Foundation, Inc.
This is free software; see the source for copying conditions.  There is NO
warranty; not even for MERCHANTABILITY or FITNESS FOR A PARTICULAR PURPOSE.

configure:2562: $? = 0
configure:2569: g++ -v >&5
Using built-in specs.
Target: i386-redhat-linux
Configured with: ../configure --prefix=/usr --mandir=/usr/share/man --infodir=/usr/share/info --enable-shared --enable-threads=posix --enable-checking=release --with-system-zlib --enable-__cxa_atexit --disable-libunwind-exceptions --enable-languages=c,c++,objc,obj-c++,java,fortran,ada --enable-java-awt=gtk --disable-dssi --enable-plugin --with-java-home=/usr/lib/jvm/java-1.5.0-gcj-1.5.0.0/jre --enable-libgcj-multifile --enable-java-maintainer-mode --with-ecj-jar=/usr/share/java/eclipse-ecj.jar --with-cpu=generic --host=i386-redhat-linux
Thread model: posix
gcc version 4.1.2 20070925 (Red Hat 4.1.2-27)
configure:2572: $? = 0
configure:2579: g++ -V >&5
g++: '-V' option must have argument
configure:2582: $? = 1
configure:2605: checking for C++ compiler default output file name
configure:2632: g++    conftest.cpp  >&5
configure:2635: $? = 0
configure:2673: result: a.out
configure:2690: checking whether the C++ compiler works
configure:2700: ./a.out
configure:2703: $? = 0
configure:2720: result: yes
configure:2727: checking whether we are cross compiling
configure:2729: result: no
configure:2732: checking for suffix of executables
configure:2739: g++ -o conftest    conftest.cpp  >&5
configure:2742: $? = 0
configure:2766: result: 
configure:2772: checking for suffix of object files
configure:2798: g++ -c   conftest.cpp >&5
configure:2801: $? = 0
configure:2824: result: o
configure:2828: checking whether we are using the GNU C++ compiler
configure:2857: g++ -c   conftest.cpp >&5
configure:2863: $? = 0
configure:2880: result: yes
configure:2885: checking whether g++ accepts -g
configure:2915: g++ -c -g  conftest.cpp >&5
configure:2921: $? = 0
configure:3020: result: yes
configure:3054: checking for style of include used by make
configure:3082: result: GNU
configure:3107: checking dependency style of g++
configure:3198: result: gcc3
configure:3291: checking build system type
configure:3309: result: i686-pc-linux-gnu
configure:3331: checking host system type
configure:3346: result: i686-pc-linux-gnu
configure:3416: checking for gcc
configure:3432: found /usr/bin/gcc
configure:3443: result: gcc
configure:3681: checking for C compiler version
configure:3688: gcc --version >&5
gcc (GCC) 4.1.2 20070925 (Red Hat 4.1.2-27)
Copyright (C) 2006 Free Software Foundation, Inc.
This is free software; see the source for copying conditions.  There is NO
warranty; not even for MERCHANTABILITY or FITNESS FOR A PARTICULAR PURPOSE.

configure:3691: $? = 0
configure:3698: gcc -v >&5
Using built-in specs.
Target: i386-redhat-linux
Configured with: ../configure --prefix=/usr --mandir=/usr/share/man --infodir=/usr/share/info --enable-shared --enable-threads=posix --enable-checking=release --with-system-zlib --enable-__cxa_atexit --disable-libunwind-exceptions --enable-languages=c,c++,objc,obj-c++,java,fortran,ada --enable-java-awt=gtk --disable-dssi --enable-plugin --with-java-home=/usr/lib/jvm/java-1.5.0-gcj-1.5.0.0/jre --enable-libgcj-multifile --enable-java-maintainer-mode --with-ecj-jar=/usr/share/java/eclipse-ecj.jar --with-cpu=generic --host=i386-redhat-linux
Thread model: posix
gcc version 4.1.2 20070925 (Red Hat 4.1.2-27)
configure:3701: $? = 0
configure:3708: gcc -V >&5
gcc: '-V' option must have argument
configure:3711: $? = 1
configure:3714: checking whether we are using the GNU C compiler
configure:3743: gcc -c   conftest.c >&5
configure:3749: $? = 0
configure:3766: result: yes
configure:3771: checking whether gcc accepts -g
configure:3801: gcc -c -g  conftest.c >&5
configure:3807: $? = 0
configure:3906: result: yes
configure:3923: checking for gcc option to accept ISO C89
configure:3997: gcc  -c -g -O2  conftest.c >&5
configure:4003: $? = 0
configure:4026: result: none needed
configure:4046: checking dependency style of gcc
configure:4137: result: gcc3
configure:4152: checking for a sed that does not truncate output
configure:4208: result: /bin/sed
configure:4211: checking for grep that handles long lines and -e
configure:4285: result: /bin/grep
configure:4290: checking for egrep
configure:4368: result: /bin/grep -E
configure:4384: checking for ld used by gcc
configure:4451: result: /usr/bin/ld
configure:4460: checking if the linker (/usr/bin/ld) is GNU ld
configure:4475: result: yes
configure:4480: checking for /usr/bin/ld option to reload object files
configure:4487: result: -r
configure:4505: checking for BSD-compatible nm
configure:4554: result: /usr/bin/nm -B
configure:4558: checking whether ln -s works
configure:4562: result: yes
configure:4569: checking how to recognise dependent libraries
configure:4745: result: pass_all
configure:4979: checking how to run the C preprocessor
configure:5019: gcc -E  conftest.c
configure:5025: $? = 0
configure:5056: gcc -E  conftest.c
conftest.c:10:28: error: ac_nonexistent.h: No such file or directory
configure:5062: $? = 1
configure: failed program was:
| /* confdefs.h.  */
| #define PACKAGE_NAME ""
| #define PACKAGE_TARNAME ""
| #define PACKAGE_VERSION ""
| #define PACKAGE_STRING ""
| #define PACKAGE_BUGREPORT ""
| #define PACKAGE "gingaccsystem"
| #define VERSION "0.11.2"
| /* end confdefs.h.  */
| #include <ac_nonexistent.h>
configure:5095: result: gcc -E
configure:5124: gcc -E  conftest.c
configure:5130: $? = 0
configure:5161: gcc -E  conftest.c
conftest.c:10:28: error: ac_nonexistent.h: No such file or directory
configure:5167: $? = 1
configure: failed program was:
| /* confdefs.h.  */
| #define PACKAGE_NAME ""
| #define PACKAGE_TARNAME ""
| #define PACKAGE_VERSION ""
| #define PACKAGE_STRING ""
| #define PACKAGE_BUGREPORT ""
| #define PACKAGE "gingaccsystem"
| #define VERSION "0.11.2"
| /* end confdefs.h.  */
| #include <ac_nonexistent.h>
configure:5205: checking for ANSI C header files
configure:5235: gcc -c -g -O2  conftest.c >&5
configure:5241: $? = 0
configure:5340: gcc -o conftest -g -O2   conftest.c  >&5
configure:5343: $? = 0
configure:5349: ./conftest
configure:5352: $? = 0
configure:5369: result: yes
configure:5393: checking for sys/types.h
configure:5414: gcc -c -g -O2  conftest.c >&5
configure:5420: $? = 0
configure:5436: result: yes
configure:5393: checking for sys/stat.h
configure:5414: gcc -c -g -O2  conftest.c >&5
configure:5420: $? = 0
configure:5436: result: yes
configure:5393: checking for stdlib.h
configure:5414: gcc -c -g -O2  conftest.c >&5
configure:5420: $? = 0
configure:5436: result: yes
configure:5393: checking for string.h
configure:5414: gcc -c -g -O2  conftest.c >&5
configure:5420: $? = 0
configure:5436: result: yes
configure:5393: checking for memory.h
configure:5414: gcc -c -g -O2  conftest.c >&5
configure:5420: $? = 0
configure:5436: result: yes
configure:5393: checking for strings.h
configure:5414: gcc -c -g -O2  conftest.c >&5
configure:5420: $? = 0
configure:5436: result: yes
configure:5393: checking for inttypes.h
configure:5414: gcc -c -g -O2  conftest.c >&5
configure:5420: $? = 0
configure:5436: result: yes
configure:5393: checking for stdint.h
configure:5414: gcc -c -g -O2  conftest.c >&5
configure:5420: $? = 0
configure:5436: result: yes
configure:5393: checking for unistd.h
configure:5414: gcc -c -g -O2  conftest.c >&5
configure:5420: $? = 0
configure:5436: result: yes
configure:5463: checking dlfcn.h usability
configure:5480: gcc -c -g -O2  conftest.c >&5
configure:5486: $? = 0
configure:5500: result: yes
configure:5504: checking dlfcn.h presence
configure:5519: gcc -E  conftest.c
configure:5525: $? = 0
configure:5539: result: yes
configure:5567: checking for dlfcn.h
configure:5575: result: yes
configure:5598: checking how to run the C++ preprocessor
configure:5634: g++ -E  conftest.cpp
configure:5640: $? = 0
configure:5671: g++ -E  conftest.cpp
conftest.cpp:21:28: error: ac_nonexistent.h: No such file or directory
configure:5677: $? = 1
configure: failed program was:
| /* confdefs.h.  */
| #define PACKAGE_NAME ""
| #define PACKAGE_TARNAME ""
| #define PACKAGE_VERSION ""
| #define PACKAGE_STRING ""
| #define PACKAGE_BUGREPORT ""
| #define PACKAGE "gingaccsystem"
| #define VERSION "0.11.2"
| #define STDC_HEADERS 1
| #define HAVE_SYS_TYPES_H 1
| #define HAVE_SYS_STAT_H 1
| #define HAVE_STDLIB_H 1
| #define HAVE_STRING_H 1
| #define HAVE_MEMORY_H 1
| #define HAVE_STRINGS_H 1
| #define HAVE_INTTYPES_H 1
| #define HAVE_STDINT_H 1
| #define HAVE_UNISTD_H 1
| #define HAVE_DLFCN_H 1
| /* end confdefs.h.  */
| #include <ac_nonexistent.h>
configure:5710: result: g++ -E
configure:5739: g++ -E  conftest.cpp
configure:5745: $? = 0
configure:5776: g++ -E  conftest.cpp
conftest.cpp:21:28: error: ac_nonexistent.h: No such file or directory
configure:5782: $? = 1
configure: failed program was:
| /* confdefs.h.  */
| #define PACKAGE_NAME ""
| #define PACKAGE_TARNAME ""
| #define PACKAGE_VERSION ""
| #define PACKAGE_STRING ""
| #define PACKAGE_BUGREPORT ""
| #define PACKAGE "gingaccsystem"
| #define VERSION "0.11.2"
| #define STDC_HEADERS 1
| #define HAVE_SYS_TYPES_H 1
| #define HAVE_SYS_STAT_H 1
| #define HAVE_STDLIB_H 1
| #define HAVE_STRING_H 1
| #define HAVE_MEMORY_H 1
| #define HAVE_STRINGS_H 1
| #define HAVE_INTTYPES_H 1
| #define HAVE_STDINT_H 1
| #define HAVE_UNISTD_H 1
| #define HAVE_DLFCN_H 1
| /* end confdefs.h.  */
| #include <ac_nonexistent.h>
configure:5875: checking for g77
configure:5905: result: no
configure:5875: checking for xlf
configure:5905: result: no
configure:5875: checking for f77
configure:5905: result: no
configure:5875: checking for frt
configure:5905: result: no
configure:5875: checking for pgf77
configure:5905: result: no
configure:5875: checking for cf77
configure:5905: result: no
configure:5875: checking for fort77
configure:5905: result: no
configure:5875: checking for fl32
configure:5905: result: no
configure:5875: checking for af77
configure:5905: result: no
configure:5875: checking for xlf90
configure:5905: result: no
configure:5875: checking for f90
configure:5905: result: no
configure:5875: checking for pgf90
configure:5905: result: no
configure:5875: checking for pghpf
configure:5905: result: no
configure:5875: checking for epcf90
configure:5905: result: no
configure:5875: checking for gfortran
configure:5905: result: no
configure:5875: checking for g95
configure:5905: result: no
configure:5875: checking for xlf95
configure:5905: result: no
configure:5875: checking for f95
configure:5905: result: no
configure:5875: checking for fort
configure:5905: result: no
configure:5875: checking for ifort
configure:5905: result: no
configure:5875: checking for ifc
configure:5905: result: no
configure:5875: checking for efc
configure:5905: result: no
configure:5875: checking for pgf95
configure:5905: result: no
configure:5875: checking for lf95
configure:5905: result: no
configure:5875: checking for ftn
configure:5905: result: no
configure:5932: checking for Fortran 77 compiler version
configure:5939:  --version >&5
./configure: line 5940: --version: command not found
configure:5942: $? = 127
configure:5949:  -v >&5
./configure: line 5950: -v: command not found
configure:5952: $? = 127
configure:5959:  -V >&5
./configure: line 5960: -V: command not found
configure:5962: $? = 127
configure:5970: checking whether we are using the GNU Fortran 77 compiler
configure:5989:  -c  conftest.F >&5
./configure: line 5990: -c: command not found
configure:5995: $? = 127
configure: failed program was:
|       program main
| #ifndef __GNUC__
|        choke me
| #endif
| 
|       end
configure:6012: result: no
configure:6018: checking whether  accepts -g
configure:6035:  -c -g conftest.f >&5
./configure: line 6036: -c: command not found
configure:6041: $? = 127
configure: failed program was:
|       program main
| 
|       end
configure:6057: result: no
configure:6087: checking the maximum length of command line arguments
configure:6196: result: 32768
configure:6207: checking command to parse /usr/bin/nm -B output from gcc object
configure:6312: g++ -c -g -O2  conftest.cpp >&5
configure:6315: $? = 0
configure:6319: /usr/bin/nm -B conftest.o \| sed -n -e 's/^.*[ 	]\([ABCDGIRSTW][ABCDGIRSTW]*\)[ 	][ 	]*\([_A-Za-z][_A-Za-z0-9]*\)$/\1 \2 \2/p' \> conftest.nm
configure:6322: $? = 0
configure:6374: g++ -o conftest -g -O2   conftest.cpp conftstm.o >&5
configure:6377: $? = 0
configure:6415: result: ok
configure:6419: checking for objdir
configure:6434: result: .libs
configure:6526: checking for ar
configure:6542: found /usr/bin/ar
configure:6553: result: ar
configure:6622: checking for ranlib
configure:6638: found /usr/bin/ranlib
configure:6649: result: ranlib
configure:6718: checking for strip
configure:6734: found /usr/bin/strip
configure:6745: result: strip
configure:7031: checking if gcc supports -fno-rtti -fno-exceptions
configure:7049: gcc -c -g -O2  -fno-rtti -fno-exceptions conftest.c >&5
cc1: warning: command line option "-fno-rtti" is valid for C++/ObjC++ but not for C
configure:7053: $? = 0
configure:7066: result: no
configure:7081: checking for gcc option to produce PIC
configure:7291: result: -fPIC
configure:7299: checking if gcc PIC flag -fPIC works
configure:7317: gcc -c -g -O2  -fPIC -DPIC conftest.c >&5
configure:7321: $? = 0
configure:7334: result: yes
configure:7362: checking if gcc static flag -static works
configure:7390: result: yes
configure:7400: checking if gcc supports -c -o file.o
configure:7421: gcc -c -g -O2  -o out/conftest2.o conftest.c >&5
configure:7425: $? = 0
configure:7447: result: yes
configure:7473: checking whether the gcc linker (/usr/bin/ld) supports shared libraries
configure:8427: result: yes
configure:8448: checking whether -lc should be explicitly linked in
configure:8453: gcc -c -g -O2  conftest.c >&5
configure:8456: $? = 0
configure:8471: gcc -shared conftest.o  -v -Wl,-soname -Wl,conftest -o conftest 2\>\&1 \| grep  -lc  \>/dev/null 2\>\&1
configure:8474: $? = 0
configure:8486: result: no
configure:8494: checking dynamic linker characteristics
configure:9103: result: GNU/Linux ld.so
configure:9112: checking how to hardcode library paths into programs
configure:9137: result: immediate
configure:9151: checking whether stripping libraries is possible
configure:9156: result: yes
configure:9957: checking if libtool supports shared libraries
configure:9959: result: yes
configure:9962: checking whether to build shared libraries
configure:9983: result: yes
configure:9986: checking whether to build static libraries
configure:9990: result: yes
configure:10082: creating libtool
configure:10670: checking for ld used by g++
configure:10737: result: /usr/bin/ld
configure:10746: checking if the linker (/usr/bin/ld) is GNU ld
configure:10761: result: yes
configure:10812: checking whether the g++ linker (/usr/bin/ld) supports shared libraries
configure:11746: result: yes
configure:11764: g++ -c -g -O2  conftest.cpp >&5
configure:11767: $? = 0
configure:11886: checking for g++ option to produce PIC
configure:12160: result: -fPIC
configure:12168: checking if g++ PIC flag -fPIC works
configure:12186: g++ -c -g -O2  -fPIC -DPIC conftest.cpp >&5
configure:12190: $? = 0
configure:12203: result: yes
configure:12231: checking if g++ static flag -static works
configure:12259: result: yes
configure:12269: checking if g++ supports -c -o file.o
configure:12290: g++ -c -g -O2  -o out/conftest2.o conftest.cpp >&5
configure:12294: $? = 0
configure:12316: result: yes
configure:12342: checking whether the g++ linker (/usr/bin/ld) supports shared libraries
configure:12367: result: yes
configure:12434: checking dynamic linker characteristics
configure:13043: result: GNU/Linux ld.so
configure:13052: checking how to hardcode library paths into programs
configure:13077: result: immediate
configure:19480: checking util/functions.h usability
configure:19497: g++ -c -fPIC -g -O2 -I/usr/local/include/directfb -I/usr/local/include/ginga -I/usr/local/include -I/usr/include  conftest.cpp >&5
configure:19503: $? = 0
configure:19517: result: yes
configure:19521: checking util/functions.h presence
configure:19536: g++ -E -I/usr/local/include/directfb -I/usr/local/include/ginga -I/usr/local/include -I/usr/include  conftest.cpp
configure:19542: $? = 0
configure:19556: result: yes
configure:19584: checking for util/functions.h
configure:19591: result: yes
configure:19625: checking for main in -ltelemidiautil
configure:19654: g++ -o conftest -fPIC -g -O2 -I/usr/local/include/directfb -I/usr/local/include/ginga -I/usr/local/include -I/usr/include  -L/usr/local/lib/ginga -L/usr/local/lib -L/usr/lib  conftest.cpp -ltelemidiautil   >&5
configure:19660: $? = 0
configure:19678: result: yes
configure:19710: checking for pkg-config
configure:19728: found /usr/bin/pkg-config
configure:19741: result: /usr/bin/pkg-config
configure:19767: checking for DirectFB == 
configure:19773: result: found (version 1.4.1)
configure:19819: checking for main in -lfusionsound
configure:19848: g++ -o conftest -fPIC -g -O2 -I/usr/local/include/directfb -I/usr/local/include/ginga -I/usr/local/include -I/usr/include  -L/usr/local/lib/ginga -L/usr/local/lib -L/usr/lib  conftest.cpp -lfusionsound  -ltelemidiautil  >&5
configure:19854: $? = 0
configure:19872: result: yes
configure:19875: result: FusionSound found!
configure:19919: checking for libavcodec/libavformat
configure:19922: result: yes
configure:19956: checking /usr/local/include/dvc/dvc.h usability
configure:19973: g++ -c -fPIC -g -O2 -I/usr/local/include/directfb -I/usr/local/include/ginga -I/usr/local/include -I/usr/include  conftest.cpp >&5
conftest.cpp:58:40: error: /usr/local/include/dvc/dvc.h: No such file or directory
configure:19979: $? = 1
configure: failed program was:
| /* confdefs.h.  */
| #define PACKAGE_NAME ""
| #define PACKAGE_TARNAME ""
| #define PACKAGE_VERSION ""
| #define PACKAGE_STRING ""
| #define PACKAGE_BUGREPORT ""
| #define PACKAGE "gingaccsystem"
| #define VERSION "0.11.2"
| #define STDC_HEADERS 1
| #define HAVE_SYS_TYPES_H 1
| #define HAVE_SYS_STAT_H 1
| #define HAVE_STDLIB_H 1
| #define HAVE_STRING_H 1
| #define HAVE_MEMORY_H 1
| #define HAVE_STRINGS_H 1
| #define HAVE_INTTYPES_H 1
| #define HAVE_STDINT_H 1
| #define HAVE_UNISTD_H 1
| #define HAVE_DLFCN_H 1
| #define HAVE_LIBTELEMIDIAUTIL 1
| #define HAVE_DIRECTFB 1
| #define DFB_VER 120
| #define HAVE_FUSIONSOUND 1
| /* end confdefs.h.  */
| #include <stdio.h>
| #ifdef HAVE_SYS_TYPES_H
| # include <sys/types.h>
| #endif
| #ifdef HAVE_SYS_STAT_H
| # include <sys/stat.h>
| #endif
| #ifdef STDC_HEADERS
| # include <stdlib.h>
| # include <stddef.h>
| #else
| # ifdef HAVE_STDLIB_H
| #  include <stdlib.h>
| # endif
| #endif
| #ifdef HAVE_STRING_H
| # if !defined STDC_HEADERS && defined HAVE_MEMORY_H
| #  include <memory.h>
| # endif
| # include <string.h>
| #endif
| #ifdef HAVE_STRINGS_H
| # include <strings.h>
| #endif
| #ifdef HAVE_INTTYPES_H
| # include <inttypes.h>
| #endif
| #ifdef HAVE_STDINT_H
| # include <stdint.h>
| #endif
| #ifdef HAVE_UNISTD_H
| # include <unistd.h>
| #endif
| #include </usr/local/include/dvc/dvc.h>
configure:19993: result: no
configure:19997: checking /usr/local/include/dvc/dvc.h presence
configure:20012: g++ -E -I/usr/local/include/directfb -I/usr/local/include/ginga -I/usr/local/include -I/usr/include  conftest.cpp
conftest.cpp:25:40: error: /usr/local/include/dvc/dvc.h: No such file or directory
configure:20018: $? = 1
configure: failed program was:
| /* confdefs.h.  */
| #define PACKAGE_NAME ""
| #define PACKAGE_TARNAME ""
| #define PACKAGE_VERSION ""
| #define PACKAGE_STRING ""
| #define PACKAGE_BUGREPORT ""
| #define PACKAGE "gingaccsystem"
| #define VERSION "0.11.2"
| #define STDC_HEADERS 1
| #define HAVE_SYS_TYPES_H 1
| #define HAVE_SYS_STAT_H 1
| #define HAVE_STDLIB_H 1
| #define HAVE_STRING_H 1
| #define HAVE_MEMORY_H 1
| #define HAVE_STRINGS_H 1
| #define HAVE_INTTYPES_H 1
| #define HAVE_STDINT_H 1
| #define HAVE_UNISTD_H 1
| #define HAVE_DLFCN_H 1
| #define HAVE_LIBTELEMIDIAUTIL 1
| #define HAVE_DIRECTFB 1
| #define DFB_VER 120
| #define HAVE_FUSIONSOUND 1
| /* end confdefs.h.  */
| #include </usr/local/include/dvc/dvc.h>
configure:20032: result: no
configure:20060: checking for /usr/local/include/dvc/dvc.h
configure:20067: result: no
configure:20087: WARNING: *** DVC lib support will not be built.
configure:20135: result: *** Component support will be built.
configure:20294: creating ./config.status

## ---------------------- ##
## Running config.status. ##
## ---------------------- ##

This file was extended by config.status, which was
generated by GNU Autoconf 2.61.  Invocation command line was

  CONFIG_FILES    = 
  CONFIG_HEADERS  = 
  CONFIG_LINKS    = 
  CONFIG_COMMANDS = 
  $ ./config.status 

on gingavm.telemidia.puc-rio.br

config.status:699: creating Makefile
config.status:699: creating include/thread/Makefile
config.status:699: creating include/io/Makefile
config.status:699: creating include/io/interface/Makefile
config.status:699: creating include/io/interface/content/Makefile
config.status:699: creating include/io/interface/content/image/Makefile
config.status:699: creating include/io/interface/content/text/Makefile
config.status:699: creating include/io/interface/device/Makefile
config.status:699: creating include/io/interface/input/Makefile
config.status:699: creating include/io/interface/output/Makefile
config.status:699: creating src/thread/Makefile
config.status:699: creating src/io/Makefile
config.status:699: creating src/io/interface/content/audio/Makefile
config.status:699: creating src/io/interface/content/image/Makefile
config.status:699: creating src/io/interface/content/text/Makefile
config.status:699: creating src/io/interface/content/video/Makefile
config.status:699: creating files/Makefile
config.status:699: creating test/Makefile
config.status:699: creating config.h
config.status:932: config.h is unchanged
config.status:978: executing depfiles commands

## ---------------- ##
## Cache variables. ##
## ---------------- ##

ac_cv_build=i686-pc-linux-gnu
ac_cv_c_compiler_gnu=yes
ac_cv_cxx_compiler_gnu=yes
ac_cv_env_CCC_set=
ac_cv_env_CCC_value=
ac_cv_env_CC_set=
ac_cv_env_CC_value=
ac_cv_env_CFLAGS_set=
ac_cv_env_CFLAGS_value=
ac_cv_env_CPPFLAGS_set=
ac_cv_env_CPPFLAGS_value=
ac_cv_env_CPP_set=
ac_cv_env_CPP_value=
ac_cv_env_CXXCPP_set=
ac_cv_env_CXXCPP_value=
ac_cv_env_CXXFLAGS_set=
ac_cv_env_CXXFLAGS_value=
ac_cv_env_CXX_set=
ac_cv_env_CXX_value=
ac_cv_env_F77_set=
ac_cv_env_F77_value=
ac_cv_env_FFLAGS_set=
ac_cv_env_FFLAGS_value=
ac_cv_env_LDFLAGS_set=
ac_cv_env_LDFLAGS_value=
ac_cv_env_LIBS_set=
ac_cv_env_LIBS_value=
ac_cv_env_build_alias_set=
ac_cv_env_build_alias_value=
ac_cv_env_host_alias_set=
ac_cv_env_host_alias_value=
ac_cv_env_target_alias_set=
ac_cv_env_target_alias_value=
ac_cv_f77_compiler_gnu=no
ac_cv_header__usr_local_include_dvc_dvc_h=no
ac_cv_header_dlfcn_h=yes
ac_cv_header_inttypes_h=yes
ac_cv_header_memory_h=yes
ac_cv_header_stdc=yes
ac_cv_header_stdint_h=yes
ac_cv_header_stdlib_h=yes
ac_cv_header_string_h=yes
ac_cv_header_strings_h=yes
ac_cv_header_sys_stat_h=yes
ac_cv_header_sys_types_h=yes
ac_cv_header_unistd_h=yes
ac_cv_header_util_functions_h=yes
ac_cv_host=i686-pc-linux-gnu
ac_cv_lib_fusionsound=ac_cv_lib_fusionsound_main
ac_cv_lib_fusionsound_main=yes
ac_cv_lib_telemidiautil=ac_cv_lib_telemidiautil_main
ac_cv_lib_telemidiautil_main=yes
ac_cv_objext=o
ac_cv_path_EGREP='/bin/grep -E'
ac_cv_path_GREP=/bin/grep
ac_cv_path_PKG_CONFIG=/usr/bin/pkg-config
ac_cv_path_install='/usr/bin/install -c'
ac_cv_path_mkdir=/bin/mkdir
ac_cv_prog_AWK=gawk
ac_cv_prog_CPP='gcc -E'
ac_cv_prog_CXXCPP='g++ -E'
ac_cv_prog_ac_ct_AR=ar
ac_cv_prog_ac_ct_CC=gcc
ac_cv_prog_ac_ct_CXX=g++
ac_cv_prog_ac_ct_RANLIB=ranlib
ac_cv_prog_ac_ct_STRIP=strip
ac_cv_prog_cc_c89=
ac_cv_prog_cc_g=yes
ac_cv_prog_cxx_g=yes
ac_cv_prog_f77_g=no
ac_cv_prog_make_make_set=yes
am_cv_CC_dependencies_compiler_type=gcc3
am_cv_CXX_dependencies_compiler_type=gcc3
lt_cv_deplibs_check_method=pass_all
lt_cv_file_magic_cmd='$MAGIC_CMD'
lt_cv_file_magic_test_file=
lt_cv_ld_reload_flag=-r
lt_cv_objdir=.libs
lt_cv_path_LD=/usr/bin/ld
lt_cv_path_LDCXX=/usr/bin/ld
lt_cv_path_NM='/usr/bin/nm -B'
lt_cv_path_SED=/bin/sed
lt_cv_prog_compiler_c_o=yes
lt_cv_prog_compiler_c_o_CXX=yes
lt_cv_prog_compiler_rtti_exceptions=no
lt_cv_prog_gnu_ld=yes
lt_cv_prog_gnu_ldcxx=yes
lt_cv_sys_global_symbol_pipe='sed -n -e '\''s/^.*[ 	]\([ABCDGIRSTW][ABCDGIRSTW]*\)[ 	][ 	]*\([_A-Za-z][_A-Za-z0-9]*\)$/\1 \2 \2/p'\'''
lt_cv_sys_global_symbol_to_c_name_address='sed -n -e '\''s/^: \([^ ]*\) $/  {\"\1\", (lt_ptr) 0},/p'\'' -e '\''s/^[BCDEGRST] \([^ ]*\) \([^ ]*\)$/  {"\2", (lt_ptr) \&\2},/p'\'''
lt_cv_sys_global_symbol_to_cdecl='sed -n -e '\''s/^. .* \(.*\)$/extern int \1;/p'\'''
lt_cv_sys_max_cmd_len=32768
lt_lt_cv_prog_compiler_c_o='"yes"'
lt_lt_cv_prog_compiler_c_o_CXX='"yes"'
lt_lt_cv_sys_global_symbol_pipe='"sed -n -e '\''s/^.*[ 	]\\([ABCDGIRSTW][ABCDGIRSTW]*\\)[ 	][ 	]*\\([_A-Za-z][_A-Za-z0-9]*\\)\$/\\1 \\2 \\2/p'\''"'
lt_lt_cv_sys_global_symbol_to_c_name_address='"sed -n -e '\''s/^: \\([^ ]*\\) \$/  {\\\"\\1\\\", (lt_ptr) 0},/p'\'' -e '\''s/^[BCDEGRST] \\([^ ]*\\) \\([^ ]*\\)\$/  {\"\\2\", (lt_ptr) \\&\\2},/p'\''"'
lt_lt_cv_sys_global_symbol_to_cdecl='"sed -n -e '\''s/^. .* \\(.*\\)\$/extern int \\1;/p'\''"'

## ----------------- ##
## Output variables. ##
## ----------------- ##

ACLOCAL='${SHELL} /usr/src/gingaUFSCAR/gingacc-cpp/gingacc-system/missing --run aclocal-1.10'
AMDEPBACKSLASH='\'
AMDEP_FALSE='#'
AMDEP_TRUE=''
AMTAR='${SHELL} /usr/src/gingaUFSCAR/gingacc-cpp/gingacc-system/missing --run tar'
AR='ar'
AUTOCONF='${SHELL} /usr/src/gingaUFSCAR/gingacc-cpp/gingacc-system/missing --run autoconf'
AUTOHEADER='${SHELL} /usr/src/gingaUFSCAR/gingacc-cpp/gingacc-system/missing --run autoheader'
AUTOMAKE='${SHELL} /usr/src/gingaUFSCAR/gingacc-cpp/gingacc-system/missing --run automake-1.10'
AWK='gawk'
CC='gcc'
CCDEPMODE='depmode=gcc3'
CFLAGS='-fPIC -g -O2'
COMPONENTS_FALSE=''
COMPONENTS_LIBS='-ldl -L/usr/local/lib/ -L/usr/local/lib/ginga/'
COMPONENTS_TRUE='#'
CPP='gcc -E'
CPPFLAGS='-I/usr/local/include/directfb -I/usr/local/include/ginga -I/usr/local/include -I/usr/include '
CXX='g++'
CXXCPP='g++ -E'
CXXDEPMODE='depmode=gcc3'
CXXFLAGS='-fPIC -g -O2'
CYGPATH_W='echo'
DEFS='-DHAVE_CONFIG_H'
DEPDIR='.deps'
DFB_LIBS='-L/usr/local/lib -ldirectfb -lfusion -ldirect -lpthread  '
DIRECTFB_BINARY_AGE='0'
DIRECTFB_INTERFACE_AGE='0'
DIRECTFB_MAJOR_VERSION='1'
DIRECTFB_MICRO_VERSION='0'
DIRECTFB_MINOR_VERSION='0'
DIRECTFB_VERSION='1.0.0'
DVC_LIBS=''
ECHO='echo'
ECHO_C=''
ECHO_N='-n'
ECHO_T=''
EGREP='/bin/grep -E'
EXEEXT=''
F77=''
FFLAGS=''
FFMPEG_CFLAGS='-I/usr/local/include  '
FFMPEG_LIBS='-L/usr/local/lib -lavcodec -lavformat  '
FUSIONSOUND_LIBS='-L/usr/local/lib -lfusionsound -lfusion -ldirect -lpthread  '
GREP='/bin/grep'
HASDVCLIB_FALSE='#'
HASDVCLIB_TRUE=''
INSTALL_DATA='${INSTALL} -m 644'
INSTALL_PROGRAM='${INSTALL}'
INSTALL_SCRIPT='${INSTALL}'
INSTALL_STRIP_PROGRAM='$(install_sh) -c -s'
LDFLAGS='-L/usr/local/lib/ginga -L/usr/local/lib -L/usr/lib '
LIBOBJS=''
LIBS='-ltelemidiautil '
LIBTOOL='$(SHELL) $(top_builddir)/libtool'
LN_S='ln -s'
LTLIBOBJS=''
MAKEINFO='${SHELL} /usr/src/gingaUFSCAR/gingacc-cpp/gingacc-system/missing --run makeinfo'
OBJEXT='o'
PACKAGE='gingaccsystem'
PACKAGE_BUGREPORT=''
PACKAGE_NAME=''
PACKAGE_STRING=''
PACKAGE_TARNAME=''
PACKAGE_VERSION=''
PATH_SEPARATOR=':'
PKG_CONFIG='/usr/bin/pkg-config'
RANLIB='ranlib'
RECOMMENDER_FALSE=''
RECOMMENDER_LIBS=''
RECOMMENDER_TRUE='#'
SED='/bin/sed'
SET_MAKE=''
SHELL='/bin/sh'
STRIP='strip'
VERSION='0.11.2'
ac_ct_CC='gcc'
ac_ct_CXX='g++'
ac_ct_F77=''
am__fastdepCC_FALSE='#'
am__fastdepCC_TRUE=''
am__fastdepCXX_FALSE='#'
am__fastdepCXX_TRUE=''
am__include='include'
am__isrc=''
am__leading_dot='.'
am__quote=''
am__tar='${AMTAR} chof - "$$tardir"'
am__untar='${AMTAR} xf -'
bindir='${exec_prefix}/bin'
build='i686-pc-linux-gnu'
build_alias=''
build_cpu='i686'
build_os='linux-gnu'
build_vendor='pc'
datadir='${datarootdir}'
datarootdir='${prefix}/share'
docdir='${datarootdir}/doc/${PACKAGE}'
dvidir='${docdir}'
exec_prefix='${prefix}'
host='i686-pc-linux-gnu'
host_alias=''
host_cpu='i686'
host_os='linux-gnu'
host_vendor='pc'
htmldir='${docdir}'
includedir='${prefix}/include'
infodir='${datarootdir}/info'
install_sh='$(SHELL) /usr/src/gingaUFSCAR/gingacc-cpp/gingacc-system/install-sh'
libdir='${exec_prefix}/lib'
libexecdir='${exec_prefix}/libexec'
localedir='${datarootdir}/locale'
localstatedir='${prefix}/var'
mandir='${datarootdir}/man'
mkdir_p='/bin/mkdir -p'
oldincludedir='/usr/include'
pdfdir='${docdir}'
prefix='/usr/local'
program_transform_name='s,x,x,'
psdir='${docdir}'
sbindir='${exec_prefix}/sbin'
sharedstatedir='${prefix}/com'
sysconfdir='${prefix}/etc'
target_alias=''

## ----------- ##
## confdefs.h. ##
## ----------- ##

#define PACKAGE_NAME ""
#define PACKAGE_TARNAME ""
#define PACKAGE_VERSION ""
#define PACKAGE_STRING ""
#define PACKAGE_BUGREPORT ""
#define PACKAGE "gingaccsystem"
#define VERSION "0.11.2"
#define STDC_HEADERS 1
#define HAVE_SYS_TYPES_H 1
#define HAVE_SYS_STAT_H 1
#define HAVE_STDLIB_H 1
#define HAVE_STRING_H 1
#define HAVE_MEMORY_H 1
#define HAVE_STRINGS_H 1
#define HAVE_INTTYPES_H 1
#define HAVE_STDINT_H 1
#define HAVE_UNISTD_H 1
#define HAVE_DLFCN_H 1
#define HAVE_LIBTELEMIDIAUTIL 1
#define HAVE_DIRECTFB 1
#define DFB_VER 120
#define HAVE_FUSIONSOUND 1
#define HAVE_DVCLIB 0
#define HAVE_COMPSUPPORT 1

configure: exit 0
