This file contains any messages produced by compilers while
running configure, to aid debugging if configure makes a mistake.

It was created by configure, which was
generated by GNU Autoconf 2.61.  Invocation command line was

  $ ./configure 

## --------- ##
## Platform. ##
## --------- ##

hostname = gingavm.telemidia.puc-rio.br
uname -m = i686
uname -r = 2.6.23.17-88.fc7
uname -s = Linux
uname -v = #1 SMP Thu May 15 00:35:10 EDT 2008

/usr/bin/uname -p = unknown
/bin/uname -X     = unknown

/bin/arch              = i686
/usr/bin/arch -k       = unknown
/usr/convex/getsysinfo = unknown
/usr/bin/hostinfo      = unknown
/bin/machine           = unknown
/usr/bin/oslevel       = unknown
/bin/universe          = unknown

PATH: /usr/kerberos/sbin
PATH: /usr/kerberos/bin
PATH: /usr/local/sbin
PATH: /usr/local/bin
PATH: /sbin
PATH: /bin
PATH: /usr/sbin
PATH: /usr/bin
PATH: /root/bin


## ----------- ##
## Core tests. ##
## ----------- ##

configure:1974: checking for a BSD-compatible install
configure:2030: result: /usr/bin/install -c
configure:2041: checking whether build environment is sane
configure:2084: result: yes
configure:2112: checking for a thread-safe mkdir -p
configure:2151: result: /bin/mkdir -p
configure:2164: checking for gawk
configure:2180: found /bin/gawk
configure:2191: result: gawk
configure:2202: checking whether make sets $(MAKE)
configure:2223: result: yes
configure:2476: checking for g++
configure:2492: found /usr/bin/g++
configure:2503: result: g++
configure:2534: checking for C++ compiler version
configure:2541: g++ --version >&5
g++ (GCC) 4.1.2 20070925 (Red Hat 4.1.2-27)
Copyright (C) 2006 Free Software Foundation, Inc.
This is free software; see the source for copying conditions.  There is NO
warranty; not even for MERCHANTABILITY or FITNESS FOR A PARTICULAR PURPOSE.

configure:2544: $? = 0
configure:2551: g++ -v >&5
Using built-in specs.
Target: i386-redhat-linux
Configured with: ../configure --prefix=/usr --mandir=/usr/share/man --infodir=/usr/share/info --enable-shared --enable-threads=posix --enable-checking=release --with-system-zlib --enable-__cxa_atexit --disable-libunwind-exceptions --enable-languages=c,c++,objc,obj-c++,java,fortran,ada --enable-java-awt=gtk --disable-dssi --enable-plugin --with-java-home=/usr/lib/jvm/java-1.5.0-gcj-1.5.0.0/jre --enable-libgcj-multifile --enable-java-maintainer-mode --with-ecj-jar=/usr/share/java/eclipse-ecj.jar --with-cpu=generic --host=i386-redhat-linux
Thread model: posix
gcc version 4.1.2 20070925 (Red Hat 4.1.2-27)
configure:2554: $? = 0
configure:2561: g++ -V >&5
g++: '-V' option must have argument
configure:2564: $? = 1
configure:2587: checking for C++ compiler default output file name
configure:2614: g++    conftest.cpp  >&5
configure:2617: $? = 0
configure:2655: result: a.out
configure:2672: checking whether the C++ compiler works
configure:2682: ./a.out
configure:2685: $? = 0
configure:2702: result: yes
configure:2709: checking whether we are cross compiling
configure:2711: result: no
configure:2714: checking for suffix of executables
configure:2721: g++ -o conftest    conftest.cpp  >&5
configure:2724: $? = 0
configure:2748: result: 
configure:2754: checking for suffix of object files
configure:2780: g++ -c   conftest.cpp >&5
configure:2783: $? = 0
configure:2806: result: o
configure:2810: checking whether we are using the GNU C++ compiler
configure:2839: g++ -c   conftest.cpp >&5
configure:2845: $? = 0
configure:2862: result: yes
configure:2867: checking whether g++ accepts -g
configure:2897: g++ -c -g  conftest.cpp >&5
configure:2903: $? = 0
configure:3002: result: yes
configure:3036: checking for style of include used by make
configure:3064: result: GNU
configure:3089: checking dependency style of g++
configure:3180: result: gcc3
configure:3273: checking build system type
configure:3291: result: i686-pc-linux-gnu
configure:3313: checking host system type
configure:3328: result: i686-pc-linux-gnu
configure:3398: checking for gcc
configure:3414: found /usr/bin/gcc
configure:3425: result: gcc
configure:3663: checking for C compiler version
configure:3670: gcc --version >&5
gcc (GCC) 4.1.2 20070925 (Red Hat 4.1.2-27)
Copyright (C) 2006 Free Software Foundation, Inc.
This is free software; see the source for copying conditions.  There is NO
warranty; not even for MERCHANTABILITY or FITNESS FOR A PARTICULAR PURPOSE.

configure:3673: $? = 0
configure:3680: gcc -v >&5
Using built-in specs.
Target: i386-redhat-linux
Configured with: ../configure --prefix=/usr --mandir=/usr/share/man --infodir=/usr/share/info --enable-shared --enable-threads=posix --enable-checking=release --with-system-zlib --enable-__cxa_atexit --disable-libunwind-exceptions --enable-languages=c,c++,objc,obj-c++,java,fortran,ada --enable-java-awt=gtk --disable-dssi --enable-plugin --with-java-home=/usr/lib/jvm/java-1.5.0-gcj-1.5.0.0/jre --enable-libgcj-multifile --enable-java-maintainer-mode --with-ecj-jar=/usr/share/java/eclipse-ecj.jar --with-cpu=generic --host=i386-redhat-linux
Thread model: posix
gcc version 4.1.2 20070925 (Red Hat 4.1.2-27)
configure:3683: $? = 0
configure:3690: gcc -V >&5
gcc: '-V' option must have argument
configure:3693: $? = 1
configure:3696: checking whether we are using the GNU C compiler
configure:3725: gcc -c   conftest.c >&5
configure:3731: $? = 0
configure:3748: result: yes
configure:3753: checking whether gcc accepts -g
configure:3783: gcc -c -g  conftest.c >&5
configure:3789: $? = 0
configure:3888: result: yes
configure:3905: checking for gcc option to accept ISO C89
configure:3979: gcc  -c -g -O2  conftest.c >&5
configure:3985: $? = 0
configure:4008: result: none needed
configure:4028: checking dependency style of gcc
configure:4119: result: gcc3
configure:4134: checking for a sed that does not truncate output
configure:4190: result: /bin/sed
configure:4193: checking for grep that handles long lines and -e
configure:4267: result: /bin/grep
configure:4272: checking for egrep
configure:4350: result: /bin/grep -E
configure:4366: checking for ld used by gcc
configure:4433: result: /usr/bin/ld
configure:4442: checking if the linker (/usr/bin/ld) is GNU ld
configure:4457: result: yes
configure:4462: checking for /usr/bin/ld option to reload object files
configure:4469: result: -r
configure:4487: checking for BSD-compatible nm
configure:4536: result: /usr/bin/nm -B
configure:4540: checking whether ln -s works
configure:4544: result: yes
configure:4551: checking how to recognise dependent libraries
configure:4727: result: pass_all
configure:4961: checking how to run the C preprocessor
configure:5001: gcc -E  conftest.c
configure:5007: $? = 0
configure:5038: gcc -E  conftest.c
conftest.c:10:28: error: ac_nonexistent.h: No such file or directory
configure:5044: $? = 1
configure: failed program was:
| /* confdefs.h.  */
| #define PACKAGE_NAME ""
| #define PACKAGE_TARNAME ""
| #define PACKAGE_VERSION ""
| #define PACKAGE_STRING ""
| #define PACKAGE_BUGREPORT ""
| #define PACKAGE "gingacc-multidevice"
| #define VERSION "0.11.2"
| /* end confdefs.h.  */
| #include <ac_nonexistent.h>
configure:5077: result: gcc -E
configure:5106: gcc -E  conftest.c
configure:5112: $? = 0
configure:5143: gcc -E  conftest.c
conftest.c:10:28: error: ac_nonexistent.h: No such file or directory
configure:5149: $? = 1
configure: failed program was:
| /* confdefs.h.  */
| #define PACKAGE_NAME ""
| #define PACKAGE_TARNAME ""
| #define PACKAGE_VERSION ""
| #define PACKAGE_STRING ""
| #define PACKAGE_BUGREPORT ""
| #define PACKAGE "gingacc-multidevice"
| #define VERSION "0.11.2"
| /* end confdefs.h.  */
| #include <ac_nonexistent.h>
configure:5187: checking for ANSI C header files
configure:5217: gcc -c -g -O2  conftest.c >&5
configure:5223: $? = 0
configure:5322: gcc -o conftest -g -O2   conftest.c  >&5
configure:5325: $? = 0
configure:5331: ./conftest
configure:5334: $? = 0
configure:5351: result: yes
configure:5375: checking for sys/types.h
configure:5396: gcc -c -g -O2  conftest.c >&5
configure:5402: $? = 0
configure:5418: result: yes
configure:5375: checking for sys/stat.h
configure:5396: gcc -c -g -O2  conftest.c >&5
configure:5402: $? = 0
configure:5418: result: yes
configure:5375: checking for stdlib.h
configure:5396: gcc -c -g -O2  conftest.c >&5
configure:5402: $? = 0
configure:5418: result: yes
configure:5375: checking for string.h
configure:5396: gcc -c -g -O2  conftest.c >&5
configure:5402: $? = 0
configure:5418: result: yes
configure:5375: checking for memory.h
configure:5396: gcc -c -g -O2  conftest.c >&5
configure:5402: $? = 0
configure:5418: result: yes
configure:5375: checking for strings.h
configure:5396: gcc -c -g -O2  conftest.c >&5
configure:5402: $? = 0
configure:5418: result: yes
configure:5375: checking for inttypes.h
configure:5396: gcc -c -g -O2  conftest.c >&5
configure:5402: $? = 0
configure:5418: result: yes
configure:5375: checking for stdint.h
configure:5396: gcc -c -g -O2  conftest.c >&5
configure:5402: $? = 0
configure:5418: result: yes
configure:5375: checking for unistd.h
configure:5396: gcc -c -g -O2  conftest.c >&5
configure:5402: $? = 0
configure:5418: result: yes
configure:5445: checking dlfcn.h usability
configure:5462: gcc -c -g -O2  conftest.c >&5
configure:5468: $? = 0
configure:5482: result: yes
configure:5486: checking dlfcn.h presence
configure:5501: gcc -E  conftest.c
configure:5507: $? = 0
configure:5521: result: yes
configure:5549: checking for dlfcn.h
configure:5557: result: yes
configure:5580: checking how to run the C++ preprocessor
configure:5616: g++ -E  conftest.cpp
configure:5622: $? = 0
configure:5653: g++ -E  conftest.cpp
conftest.cpp:21:28: error: ac_nonexistent.h: No such file or directory
configure:5659: $? = 1
configure: failed program was:
| /* confdefs.h.  */
| #define PACKAGE_NAME ""
| #define PACKAGE_TARNAME ""
| #define PACKAGE_VERSION ""
| #define PACKAGE_STRING ""
| #define PACKAGE_BUGREPORT ""
| #define PACKAGE "gingacc-multidevice"
| #define VERSION "0.11.2"
| #define STDC_HEADERS 1
| #define HAVE_SYS_TYPES_H 1
| #define HAVE_SYS_STAT_H 1
| #define HAVE_STDLIB_H 1
| #define HAVE_STRING_H 1
| #define HAVE_MEMORY_H 1
| #define HAVE_STRINGS_H 1
| #define HAVE_INTTYPES_H 1
| #define HAVE_STDINT_H 1
| #define HAVE_UNISTD_H 1
| #define HAVE_DLFCN_H 1
| /* end confdefs.h.  */
| #include <ac_nonexistent.h>
configure:5692: result: g++ -E
configure:5721: g++ -E  conftest.cpp
configure:5727: $? = 0
configure:5758: g++ -E  conftest.cpp
conftest.cpp:21:28: error: ac_nonexistent.h: No such file or directory
configure:5764: $? = 1
configure: failed program was:
| /* confdefs.h.  */
| #define PACKAGE_NAME ""
| #define PACKAGE_TARNAME ""
| #define PACKAGE_VERSION ""
| #define PACKAGE_STRING ""
| #define PACKAGE_BUGREPORT ""
| #define PACKAGE "gingacc-multidevice"
| #define VERSION "0.11.2"
| #define STDC_HEADERS 1
| #define HAVE_SYS_TYPES_H 1
| #define HAVE_SYS_STAT_H 1
| #define HAVE_STDLIB_H 1
| #define HAVE_STRING_H 1
| #define HAVE_MEMORY_H 1
| #define HAVE_STRINGS_H 1
| #define HAVE_INTTYPES_H 1
| #define HAVE_STDINT_H 1
| #define HAVE_UNISTD_H 1
| #define HAVE_DLFCN_H 1
| /* end confdefs.h.  */
| #include <ac_nonexistent.h>
configure:5857: checking for g77
configure:5887: result: no
configure:5857: checking for xlf
configure:5887: result: no
configure:5857: checking for f77
configure:5887: result: no
configure:5857: checking for frt
configure:5887: result: no
configure:5857: checking for pgf77
configure:5887: result: no
configure:5857: checking for cf77
configure:5887: result: no
configure:5857: checking for fort77
configure:5887: result: no
configure:5857: checking for fl32
configure:5887: result: no
configure:5857: checking for af77
configure:5887: result: no
configure:5857: checking for xlf90
configure:5887: result: no
configure:5857: checking for f90
configure:5887: result: no
configure:5857: checking for pgf90
configure:5887: result: no
configure:5857: checking for pghpf
configure:5887: result: no
configure:5857: checking for epcf90
configure:5887: result: no
configure:5857: checking for gfortran
configure:5887: result: no
configure:5857: checking for g95
configure:5887: result: no
configure:5857: checking for xlf95
configure:5887: result: no
configure:5857: checking for f95
configure:5887: result: no
configure:5857: checking for fort
configure:5887: result: no
configure:5857: checking for ifort
configure:5887: result: no
configure:5857: checking for ifc
configure:5887: result: no
configure:5857: checking for efc
configure:5887: result: no
configure:5857: checking for pgf95
configure:5887: result: no
configure:5857: checking for lf95
configure:5887: result: no
configure:5857: checking for ftn
configure:5887: result: no
configure:5914: checking for Fortran 77 compiler version
configure:5921:  --version >&5
./configure: line 5922: --version: command not found
configure:5924: $? = 127
configure:5931:  -v >&5
./configure: line 5932: -v: command not found
configure:5934: $? = 127
configure:5941:  -V >&5
./configure: line 5942: -V: command not found
configure:5944: $? = 127
configure:5952: checking whether we are using the GNU Fortran 77 compiler
configure:5971:  -c  conftest.F >&5
./configure: line 5972: -c: command not found
configure:5977: $? = 127
configure: failed program was:
|       program main
| #ifndef __GNUC__
|        choke me
| #endif
| 
|       end
configure:5994: result: no
configure:6000: checking whether  accepts -g
configure:6017:  -c -g conftest.f >&5
./configure: line 6018: -c: command not found
configure:6023: $? = 127
configure: failed program was:
|       program main
| 
|       end
configure:6039: result: no
configure:6069: checking the maximum length of command line arguments
configure:6178: result: 32768
configure:6189: checking command to parse /usr/bin/nm -B output from gcc object
configure:6294: g++ -c -g -O2  conftest.cpp >&5
configure:6297: $? = 0
configure:6301: /usr/bin/nm -B conftest.o \| sed -n -e 's/^.*[ 	]\([ABCDGIRSTW][ABCDGIRSTW]*\)[ 	][ 	]*\([_A-Za-z][_A-Za-z0-9]*\)$/\1 \2 \2/p' \> conftest.nm
configure:6304: $? = 0
configure:6356: g++ -o conftest -g -O2   conftest.cpp conftstm.o >&5
configure:6359: $? = 0
configure:6397: result: ok
configure:6401: checking for objdir
configure:6416: result: .libs
configure:6508: checking for ar
configure:6524: found /usr/bin/ar
configure:6535: result: ar
configure:6604: checking for ranlib
configure:6620: found /usr/bin/ranlib
configure:6631: result: ranlib
configure:6700: checking for strip
configure:6716: found /usr/bin/strip
configure:6727: result: strip
configure:7013: checking if gcc supports -fno-rtti -fno-exceptions
configure:7031: gcc -c -g -O2  -fno-rtti -fno-exceptions conftest.c >&5
cc1: warning: command line option "-fno-rtti" is valid for C++/ObjC++ but not for C
configure:7035: $? = 0
configure:7048: result: no
configure:7063: checking for gcc option to produce PIC
configure:7273: result: -fPIC
configure:7281: checking if gcc PIC flag -fPIC works
configure:7299: gcc -c -g -O2  -fPIC -DPIC conftest.c >&5
configure:7303: $? = 0
configure:7316: result: yes
configure:7344: checking if gcc static flag -static works
configure:7372: result: yes
configure:7382: checking if gcc supports -c -o file.o
configure:7403: gcc -c -g -O2  -o out/conftest2.o conftest.c >&5
configure:7407: $? = 0
configure:7429: result: yes
configure:7455: checking whether the gcc linker (/usr/bin/ld) supports shared libraries
configure:8409: result: yes
configure:8430: checking whether -lc should be explicitly linked in
configure:8435: gcc -c -g -O2  conftest.c >&5
configure:8438: $? = 0
configure:8453: gcc -shared conftest.o  -v -Wl,-soname -Wl,conftest -o conftest 2\>\&1 \| grep  -lc  \>/dev/null 2\>\&1
configure:8456: $? = 0
configure:8468: result: no
configure:8476: checking dynamic linker characteristics
configure:9085: result: GNU/Linux ld.so
configure:9094: checking how to hardcode library paths into programs
configure:9119: result: immediate
configure:9133: checking whether stripping libraries is possible
configure:9138: result: yes
configure:9939: checking if libtool supports shared libraries
configure:9941: result: yes
configure:9944: checking whether to build shared libraries
configure:9965: result: yes
configure:9968: checking whether to build static libraries
configure:9972: result: yes
configure:10064: creating libtool
configure:10652: checking for ld used by g++
configure:10719: result: /usr/bin/ld
configure:10728: checking if the linker (/usr/bin/ld) is GNU ld
configure:10743: result: yes
configure:10794: checking whether the g++ linker (/usr/bin/ld) supports shared libraries
configure:11728: result: yes
configure:11746: g++ -c -g -O2  conftest.cpp >&5
configure:11749: $? = 0
configure:11868: checking for g++ option to produce PIC
configure:12142: result: -fPIC
configure:12150: checking if g++ PIC flag -fPIC works
configure:12168: g++ -c -g -O2  -fPIC -DPIC conftest.cpp >&5
configure:12172: $? = 0
configure:12185: result: yes
configure:12213: checking if g++ static flag -static works
configure:12241: result: yes
configure:12251: checking if g++ supports -c -o file.o
configure:12272: g++ -c -g -O2  -o out/conftest2.o conftest.cpp >&5
configure:12276: $? = 0
configure:12298: result: yes
configure:12324: checking whether the g++ linker (/usr/bin/ld) supports shared libraries
configure:12349: result: yes
configure:12416: checking dynamic linker characteristics
configure:13025: result: GNU/Linux ld.so
configure:13034: checking how to hardcode library paths into programs
configure:13059: result: immediate
configure:19277: checking system/thread/Thread.h usability
configure:19294: g++ -c -fPIC -g -O2 -I/usr/local/include/ginga/ -I/usr/local/include/ -I/usr/include/  conftest.cpp >&5
configure:19300: $? = 0
configure:19314: result: yes
configure:19318: checking system/thread/Thread.h presence
configure:19333: g++ -E -I/usr/local/include/ginga/ -I/usr/local/include/ -I/usr/include/  conftest.cpp
configure:19339: $? = 0
configure:19353: result: yes
configure:19381: checking for system/thread/Thread.h
configure:19388: result: yes
configure:19446: result: *** Component support will be built.
configure:19592: creating ./config.status

## ---------------------- ##
## Running config.status. ##
## ---------------------- ##

This file was extended by config.status, which was
generated by GNU Autoconf 2.61.  Invocation command line was

  CONFIG_FILES    = 
  CONFIG_HEADERS  = 
  CONFIG_LINKS    = 
  CONFIG_COMMANDS = 
  $ ./config.status 

on gingavm.telemidia.puc-rio.br

config.status:670: creating Makefile
config.status:670: creating include/Makefile
config.status:670: creating include/services/Makefile
config.status:670: creating src/Makefile
config.status:670: creating test/Makefile
config.status:670: creating config.h
config.status:898: config.h is unchanged
config.status:944: executing depfiles commands

## ---------------- ##
## Cache variables. ##
## ---------------- ##

ac_cv_build=i686-pc-linux-gnu
ac_cv_c_compiler_gnu=yes
ac_cv_cxx_compiler_gnu=yes
ac_cv_env_CCC_set=
ac_cv_env_CCC_value=
ac_cv_env_CC_set=
ac_cv_env_CC_value=
ac_cv_env_CFLAGS_set=
ac_cv_env_CFLAGS_value=
ac_cv_env_CPPFLAGS_set=
ac_cv_env_CPPFLAGS_value=
ac_cv_env_CPP_set=
ac_cv_env_CPP_value=
ac_cv_env_CXXCPP_set=
ac_cv_env_CXXCPP_value=
ac_cv_env_CXXFLAGS_set=
ac_cv_env_CXXFLAGS_value=
ac_cv_env_CXX_set=
ac_cv_env_CXX_value=
ac_cv_env_F77_set=
ac_cv_env_F77_value=
ac_cv_env_FFLAGS_set=
ac_cv_env_FFLAGS_value=
ac_cv_env_LDFLAGS_set=
ac_cv_env_LDFLAGS_value=
ac_cv_env_LIBS_set=
ac_cv_env_LIBS_value=
ac_cv_env_build_alias_set=
ac_cv_env_build_alias_value=
ac_cv_env_host_alias_set=
ac_cv_env_host_alias_value=
ac_cv_env_target_alias_set=
ac_cv_env_target_alias_value=
ac_cv_f77_compiler_gnu=no
ac_cv_header_dlfcn_h=yes
ac_cv_header_inttypes_h=yes
ac_cv_header_memory_h=yes
ac_cv_header_stdc=yes
ac_cv_header_stdint_h=yes
ac_cv_header_stdlib_h=yes
ac_cv_header_string_h=yes
ac_cv_header_strings_h=yes
ac_cv_header_sys_stat_h=yes
ac_cv_header_sys_types_h=yes
ac_cv_header_system_thread_Thread_h=yes
ac_cv_header_unistd_h=yes
ac_cv_host=i686-pc-linux-gnu
ac_cv_objext=o
ac_cv_path_EGREP='/bin/grep -E'
ac_cv_path_GREP=/bin/grep
ac_cv_path_install='/usr/bin/install -c'
ac_cv_path_mkdir=/bin/mkdir
ac_cv_prog_AWK=gawk
ac_cv_prog_CPP='gcc -E'
ac_cv_prog_CXXCPP='g++ -E'
ac_cv_prog_ac_ct_AR=ar
ac_cv_prog_ac_ct_CC=gcc
ac_cv_prog_ac_ct_CXX=g++
ac_cv_prog_ac_ct_RANLIB=ranlib
ac_cv_prog_ac_ct_STRIP=strip
ac_cv_prog_cc_c89=
ac_cv_prog_cc_g=yes
ac_cv_prog_cxx_g=yes
ac_cv_prog_f77_g=no
ac_cv_prog_make_make_set=yes
am_cv_CC_dependencies_compiler_type=gcc3
am_cv_CXX_dependencies_compiler_type=gcc3
lt_cv_deplibs_check_method=pass_all
lt_cv_file_magic_cmd='$MAGIC_CMD'
lt_cv_file_magic_test_file=
lt_cv_ld_reload_flag=-r
lt_cv_objdir=.libs
lt_cv_path_LD=/usr/bin/ld
lt_cv_path_LDCXX=/usr/bin/ld
lt_cv_path_NM='/usr/bin/nm -B'
lt_cv_path_SED=/bin/sed
lt_cv_prog_compiler_c_o=yes
lt_cv_prog_compiler_c_o_CXX=yes
lt_cv_prog_compiler_rtti_exceptions=no
lt_cv_prog_gnu_ld=yes
lt_cv_prog_gnu_ldcxx=yes
lt_cv_sys_global_symbol_pipe='sed -n -e '\''s/^.*[ 	]\([ABCDGIRSTW][ABCDGIRSTW]*\)[ 	][ 	]*\([_A-Za-z][_A-Za-z0-9]*\)$/\1 \2 \2/p'\'''
lt_cv_sys_global_symbol_to_c_name_address='sed -n -e '\''s/^: \([^ ]*\) $/  {\"\1\", (lt_ptr) 0},/p'\'' -e '\''s/^[BCDEGRST] \([^ ]*\) \([^ ]*\)$/  {"\2", (lt_ptr) \&\2},/p'\'''
lt_cv_sys_global_symbol_to_cdecl='sed -n -e '\''s/^. .* \(.*\)$/extern int \1;/p'\'''
lt_cv_sys_max_cmd_len=32768
lt_lt_cv_prog_compiler_c_o='"yes"'
lt_lt_cv_prog_compiler_c_o_CXX='"yes"'
lt_lt_cv_sys_global_symbol_pipe='"sed -n -e '\''s/^.*[ 	]\\([ABCDGIRSTW][ABCDGIRSTW]*\\)[ 	][ 	]*\\([_A-Za-z][_A-Za-z0-9]*\\)\$/\\1 \\2 \\2/p'\''"'
lt_lt_cv_sys_global_symbol_to_c_name_address='"sed -n -e '\''s/^: \\([^ ]*\\) \$/  {\\\"\\1\\\", (lt_ptr) 0},/p'\'' -e '\''s/^[BCDEGRST] \\([^ ]*\\) \\([^ ]*\\)\$/  {\"\\2\", (lt_ptr) \\&\\2},/p'\''"'
lt_lt_cv_sys_global_symbol_to_cdecl='"sed -n -e '\''s/^. .* \\(.*\\)\$/extern int \\1;/p'\''"'

## ----------------- ##
## Output variables. ##
## ----------------- ##

ACLOCAL='${SHELL} /usr/src/gingaUFSCAR/gingacc-cpp/gingacc-multidevice/missing --run aclocal-1.10'
AMDEPBACKSLASH='\'
AMDEP_FALSE='#'
AMDEP_TRUE=''
AMTAR='${SHELL} /usr/src/gingaUFSCAR/gingacc-cpp/gingacc-multidevice/missing --run tar'
AR='ar'
AUTOCONF='${SHELL} /usr/src/gingaUFSCAR/gingacc-cpp/gingacc-multidevice/missing --run autoconf'
AUTOHEADER='${SHELL} /usr/src/gingaUFSCAR/gingacc-cpp/gingacc-multidevice/missing --run autoheader'
AUTOMAKE='${SHELL} /usr/src/gingaUFSCAR/gingacc-cpp/gingacc-multidevice/missing --run automake-1.10'
AWK='gawk'
CC='gcc'
CCDEPMODE='depmode=gcc3'
CFLAGS='-fPIC -g -O2'
COMPONENTS_FALSE=''
COMPONENTS_LIBS='-ldl -L/usr/local/lib/ -L/usr/local/lib/ginga/'
COMPONENTS_TRUE='#'
CPP='gcc -E'
CPPFLAGS='-I/usr/local/include/ginga/ -I/usr/local/include/ -I/usr/include/ '
CXX='g++'
CXXCPP='g++ -E'
CXXDEPMODE='depmode=gcc3'
CXXFLAGS='-fPIC -g -O2'
CYGPATH_W='echo'
DEFS='-DHAVE_CONFIG_H'
DEPDIR='.deps'
ECHO='echo'
ECHO_C=''
ECHO_N='-n'
ECHO_T=''
EGREP='/bin/grep -E'
EXEEXT=''
F77=''
FFLAGS=''
GREP='/bin/grep'
INSTALL_DATA='${INSTALL} -m 644'
INSTALL_PROGRAM='${INSTALL}'
INSTALL_SCRIPT='${INSTALL}'
INSTALL_STRIP_PROGRAM='$(install_sh) -c -s'
LDFLAGS='-L/usr/local/lib/ginga/iocontents -L/usr/local/lib/ginga/ -L/usr/local/lib/ -L/usr/lib/ '
LIBOBJS=''
LIBS=''
LIBTOOL='$(SHELL) $(top_builddir)/libtool'
LN_S='ln -s'
LTLIBOBJS=''
MAKEINFO='${SHELL} /usr/src/gingaUFSCAR/gingacc-cpp/gingacc-multidevice/missing --run makeinfo'
OBJEXT='o'
PACKAGE='gingacc-multidevice'
PACKAGE_BUGREPORT=''
PACKAGE_NAME=''
PACKAGE_STRING=''
PACKAGE_TARNAME=''
PACKAGE_VERSION=''
PATH_SEPARATOR=':'
RANLIB='ranlib'
SED='/bin/sed'
SET_MAKE=''
SHELL='/bin/sh'
STRIP='strip'
TEST_COMPONENTS_LIBS='-ldl -L/usr/local/lib/ -L/usr/local/lib/ginga/'
VERSION='0.11.2'
ac_ct_CC='gcc'
ac_ct_CXX='g++'
ac_ct_F77=''
am__fastdepCC_FALSE='#'
am__fastdepCC_TRUE=''
am__fastdepCXX_FALSE='#'
am__fastdepCXX_TRUE=''
am__include='include'
am__isrc=''
am__leading_dot='.'
am__quote=''
am__tar='${AMTAR} chof - "$$tardir"'
am__untar='${AMTAR} xf -'
bindir='${exec_prefix}/bin'
build='i686-pc-linux-gnu'
build_alias=''
build_cpu='i686'
build_os='linux-gnu'
build_vendor='pc'
datadir='${datarootdir}'
datarootdir='${prefix}/share'
docdir='${datarootdir}/doc/${PACKAGE}'
dvidir='${docdir}'
exec_prefix='${prefix}'
host='i686-pc-linux-gnu'
host_alias=''
host_cpu='i686'
host_os='linux-gnu'
host_vendor='pc'
htmldir='${docdir}'
includedir='${prefix}/include'
infodir='${datarootdir}/info'
install_sh='$(SHELL) /usr/src/gingaUFSCAR/gingacc-cpp/gingacc-multidevice/install-sh'
libdir='${exec_prefix}/lib'
libexecdir='${exec_prefix}/libexec'
localedir='${datarootdir}/locale'
localstatedir='${prefix}/var'
mandir='${datarootdir}/man'
mkdir_p='/bin/mkdir -p'
oldincludedir='/usr/include'
pdfdir='${docdir}'
prefix='/usr/local'
program_transform_name='s,x,x,'
psdir='${docdir}'
sbindir='${exec_prefix}/sbin'
sharedstatedir='${prefix}/com'
sysconfdir='${prefix}/etc'
target_alias=''

## ----------- ##
## confdefs.h. ##
## ----------- ##

#define PACKAGE_NAME ""
#define PACKAGE_TARNAME ""
#define PACKAGE_VERSION ""
#define PACKAGE_STRING ""
#define PACKAGE_BUGREPORT ""
#define PACKAGE "gingacc-multidevice"
#define VERSION "0.11.2"
#define STDC_HEADERS 1
#define HAVE_SYS_TYPES_H 1
#define HAVE_SYS_STAT_H 1
#define HAVE_STDLIB_H 1
#define HAVE_STRING_H 1
#define HAVE_MEMORY_H 1
#define HAVE_STRINGS_H 1
#define HAVE_INTTYPES_H 1
#define HAVE_STDINT_H 1
#define HAVE_UNISTD_H 1
#define HAVE_DLFCN_H 1
#define HAVE_COMPSUPPORT 1

configure: exit 0
