This file contains any messages produced by compilers while
running configure, to aid debugging if configure makes a mistake.

It was created by configure, which was
generated by GNU Autoconf 2.61.  Invocation command line was

  $ ./configure --enable-tuner --enable-tsparser --enable-dataprocessing --enable-recommender

## --------- ##
## Platform. ##
## --------- ##

hostname = gingavm.telemidia.puc-rio.br
uname -m = i686
uname -r = 2.6.23.17-88.fc7
uname -s = Linux
uname -v = #1 SMP Thu May 15 00:35:10 EDT 2008

/usr/bin/uname -p = unknown
/bin/uname -X     = unknown

/bin/arch              = i686
/usr/bin/arch -k       = unknown
/usr/convex/getsysinfo = unknown
/usr/bin/hostinfo      = unknown
/bin/machine           = unknown
/usr/bin/oslevel       = unknown
/bin/universe          = unknown

PATH: /usr/kerberos/sbin
PATH: /usr/kerberos/bin
PATH: /usr/local/sbin
PATH: /usr/local/bin
PATH: /sbin
PATH: /bin
PATH: /usr/sbin
PATH: /usr/bin
PATH: /root/bin


## ----------- ##
## Core tests. ##
## ----------- ##

configure:1997: checking for a BSD-compatible install
configure:2053: result: /usr/bin/install -c
configure:2064: checking whether build environment is sane
configure:2107: result: yes
configure:2135: checking for a thread-safe mkdir -p
configure:2174: result: /bin/mkdir -p
configure:2187: checking for gawk
configure:2203: found /bin/gawk
configure:2214: result: gawk
configure:2225: checking whether make sets $(MAKE)
configure:2246: result: yes
configure:2499: checking for g++
configure:2515: found /usr/bin/g++
configure:2526: result: g++
configure:2557: checking for C++ compiler version
configure:2564: g++ --version >&5
g++ (GCC) 4.1.2 20070925 (Red Hat 4.1.2-27)
Copyright (C) 2006 Free Software Foundation, Inc.
This is free software; see the source for copying conditions.  There is NO
warranty; not even for MERCHANTABILITY or FITNESS FOR A PARTICULAR PURPOSE.

configure:2567: $? = 0
configure:2574: g++ -v >&5
Using built-in specs.
Target: i386-redhat-linux
Configured with: ../configure --prefix=/usr --mandir=/usr/share/man --infodir=/usr/share/info --enable-shared --enable-threads=posix --enable-checking=release --with-system-zlib --enable-__cxa_atexit --disable-libunwind-exceptions --enable-languages=c,c++,objc,obj-c++,java,fortran,ada --enable-java-awt=gtk --disable-dssi --enable-plugin --with-java-home=/usr/lib/jvm/java-1.5.0-gcj-1.5.0.0/jre --enable-libgcj-multifile --enable-java-maintainer-mode --with-ecj-jar=/usr/share/java/eclipse-ecj.jar --with-cpu=generic --host=i386-redhat-linux
Thread model: posix
gcc version 4.1.2 20070925 (Red Hat 4.1.2-27)
configure:2577: $? = 0
configure:2584: g++ -V >&5
g++: '-V' option must have argument
configure:2587: $? = 1
configure:2610: checking for C++ compiler default output file name
configure:2637: g++    conftest.cpp  >&5
configure:2640: $? = 0
configure:2678: result: a.out
configure:2695: checking whether the C++ compiler works
configure:2705: ./a.out
configure:2708: $? = 0
configure:2725: result: yes
configure:2732: checking whether we are cross compiling
configure:2734: result: no
configure:2737: checking for suffix of executables
configure:2744: g++ -o conftest    conftest.cpp  >&5
configure:2747: $? = 0
configure:2771: result: 
configure:2777: checking for suffix of object files
configure:2803: g++ -c   conftest.cpp >&5
configure:2806: $? = 0
configure:2829: result: o
configure:2833: checking whether we are using the GNU C++ compiler
configure:2862: g++ -c   conftest.cpp >&5
configure:2868: $? = 0
configure:2885: result: yes
configure:2890: checking whether g++ accepts -g
configure:2920: g++ -c -g  conftest.cpp >&5
configure:2926: $? = 0
configure:3025: result: yes
configure:3059: checking for style of include used by make
configure:3087: result: GNU
configure:3112: checking dependency style of g++
configure:3203: result: gcc3
configure:3296: checking build system type
configure:3314: result: i686-pc-linux-gnu
configure:3336: checking host system type
configure:3351: result: i686-pc-linux-gnu
configure:3421: checking for gcc
configure:3437: found /usr/bin/gcc
configure:3448: result: gcc
configure:3686: checking for C compiler version
configure:3693: gcc --version >&5
gcc (GCC) 4.1.2 20070925 (Red Hat 4.1.2-27)
Copyright (C) 2006 Free Software Foundation, Inc.
This is free software; see the source for copying conditions.  There is NO
warranty; not even for MERCHANTABILITY or FITNESS FOR A PARTICULAR PURPOSE.

configure:3696: $? = 0
configure:3703: gcc -v >&5
Using built-in specs.
Target: i386-redhat-linux
Configured with: ../configure --prefix=/usr --mandir=/usr/share/man --infodir=/usr/share/info --enable-shared --enable-threads=posix --enable-checking=release --with-system-zlib --enable-__cxa_atexit --disable-libunwind-exceptions --enable-languages=c,c++,objc,obj-c++,java,fortran,ada --enable-java-awt=gtk --disable-dssi --enable-plugin --with-java-home=/usr/lib/jvm/java-1.5.0-gcj-1.5.0.0/jre --enable-libgcj-multifile --enable-java-maintainer-mode --with-ecj-jar=/usr/share/java/eclipse-ecj.jar --with-cpu=generic --host=i386-redhat-linux
Thread model: posix
gcc version 4.1.2 20070925 (Red Hat 4.1.2-27)
configure:3706: $? = 0
configure:3713: gcc -V >&5
gcc: '-V' option must have argument
configure:3716: $? = 1
configure:3719: checking whether we are using the GNU C compiler
configure:3748: gcc -c   conftest.c >&5
configure:3754: $? = 0
configure:3771: result: yes
configure:3776: checking whether gcc accepts -g
configure:3806: gcc -c -g  conftest.c >&5
configure:3812: $? = 0
configure:3911: result: yes
configure:3928: checking for gcc option to accept ISO C89
configure:4002: gcc  -c -g -O2  conftest.c >&5
configure:4008: $? = 0
configure:4031: result: none needed
configure:4051: checking dependency style of gcc
configure:4142: result: gcc3
configure:4157: checking for a sed that does not truncate output
configure:4213: result: /bin/sed
configure:4216: checking for grep that handles long lines and -e
configure:4290: result: /bin/grep
configure:4295: checking for egrep
configure:4373: result: /bin/grep -E
configure:4389: checking for ld used by gcc
configure:4456: result: /usr/bin/ld
configure:4465: checking if the linker (/usr/bin/ld) is GNU ld
configure:4480: result: yes
configure:4485: checking for /usr/bin/ld option to reload object files
configure:4492: result: -r
configure:4510: checking for BSD-compatible nm
configure:4559: result: /usr/bin/nm -B
configure:4563: checking whether ln -s works
configure:4567: result: yes
configure:4574: checking how to recognise dependent libraries
configure:4750: result: pass_all
configure:4984: checking how to run the C preprocessor
configure:5024: gcc -E  conftest.c
configure:5030: $? = 0
configure:5061: gcc -E  conftest.c
conftest.c:10:28: error: ac_nonexistent.h: No such file or directory
configure:5067: $? = 1
configure: failed program was:
| /* confdefs.h.  */
| #define PACKAGE_NAME ""
| #define PACKAGE_TARNAME ""
| #define PACKAGE_VERSION ""
| #define PACKAGE_STRING ""
| #define PACKAGE_BUGREPORT ""
| #define PACKAGE "gingalssm"
| #define VERSION "0.11.2"
| /* end confdefs.h.  */
| #include <ac_nonexistent.h>
configure:5100: result: gcc -E
configure:5129: gcc -E  conftest.c
configure:5135: $? = 0
configure:5166: gcc -E  conftest.c
conftest.c:10:28: error: ac_nonexistent.h: No such file or directory
configure:5172: $? = 1
configure: failed program was:
| /* confdefs.h.  */
| #define PACKAGE_NAME ""
| #define PACKAGE_TARNAME ""
| #define PACKAGE_VERSION ""
| #define PACKAGE_STRING ""
| #define PACKAGE_BUGREPORT ""
| #define PACKAGE "gingalssm"
| #define VERSION "0.11.2"
| /* end confdefs.h.  */
| #include <ac_nonexistent.h>
configure:5210: checking for ANSI C header files
configure:5240: gcc -c -g -O2  conftest.c >&5
configure:5246: $? = 0
configure:5345: gcc -o conftest -g -O2   conftest.c  >&5
configure:5348: $? = 0
configure:5354: ./conftest
configure:5357: $? = 0
configure:5374: result: yes
configure:5398: checking for sys/types.h
configure:5419: gcc -c -g -O2  conftest.c >&5
configure:5425: $? = 0
configure:5441: result: yes
configure:5398: checking for sys/stat.h
configure:5419: gcc -c -g -O2  conftest.c >&5
configure:5425: $? = 0
configure:5441: result: yes
configure:5398: checking for stdlib.h
configure:5419: gcc -c -g -O2  conftest.c >&5
configure:5425: $? = 0
configure:5441: result: yes
configure:5398: checking for string.h
configure:5419: gcc -c -g -O2  conftest.c >&5
configure:5425: $? = 0
configure:5441: result: yes
configure:5398: checking for memory.h
configure:5419: gcc -c -g -O2  conftest.c >&5
configure:5425: $? = 0
configure:5441: result: yes
configure:5398: checking for strings.h
configure:5419: gcc -c -g -O2  conftest.c >&5
configure:5425: $? = 0
configure:5441: result: yes
configure:5398: checking for inttypes.h
configure:5419: gcc -c -g -O2  conftest.c >&5
configure:5425: $? = 0
configure:5441: result: yes
configure:5398: checking for stdint.h
configure:5419: gcc -c -g -O2  conftest.c >&5
configure:5425: $? = 0
configure:5441: result: yes
configure:5398: checking for unistd.h
configure:5419: gcc -c -g -O2  conftest.c >&5
configure:5425: $? = 0
configure:5441: result: yes
configure:5468: checking dlfcn.h usability
configure:5485: gcc -c -g -O2  conftest.c >&5
configure:5491: $? = 0
configure:5505: result: yes
configure:5509: checking dlfcn.h presence
configure:5524: gcc -E  conftest.c
configure:5530: $? = 0
configure:5544: result: yes
configure:5572: checking for dlfcn.h
configure:5580: result: yes
configure:5603: checking how to run the C++ preprocessor
configure:5639: g++ -E  conftest.cpp
configure:5645: $? = 0
configure:5676: g++ -E  conftest.cpp
conftest.cpp:21:28: error: ac_nonexistent.h: No such file or directory
configure:5682: $? = 1
configure: failed program was:
| /* confdefs.h.  */
| #define PACKAGE_NAME ""
| #define PACKAGE_TARNAME ""
| #define PACKAGE_VERSION ""
| #define PACKAGE_STRING ""
| #define PACKAGE_BUGREPORT ""
| #define PACKAGE "gingalssm"
| #define VERSION "0.11.2"
| #define STDC_HEADERS 1
| #define HAVE_SYS_TYPES_H 1
| #define HAVE_SYS_STAT_H 1
| #define HAVE_STDLIB_H 1
| #define HAVE_STRING_H 1
| #define HAVE_MEMORY_H 1
| #define HAVE_STRINGS_H 1
| #define HAVE_INTTYPES_H 1
| #define HAVE_STDINT_H 1
| #define HAVE_UNISTD_H 1
| #define HAVE_DLFCN_H 1
| /* end confdefs.h.  */
| #include <ac_nonexistent.h>
configure:5715: result: g++ -E
configure:5744: g++ -E  conftest.cpp
configure:5750: $? = 0
configure:5781: g++ -E  conftest.cpp
conftest.cpp:21:28: error: ac_nonexistent.h: No such file or directory
configure:5787: $? = 1
configure: failed program was:
| /* confdefs.h.  */
| #define PACKAGE_NAME ""
| #define PACKAGE_TARNAME ""
| #define PACKAGE_VERSION ""
| #define PACKAGE_STRING ""
| #define PACKAGE_BUGREPORT ""
| #define PACKAGE "gingalssm"
| #define VERSION "0.11.2"
| #define STDC_HEADERS 1
| #define HAVE_SYS_TYPES_H 1
| #define HAVE_SYS_STAT_H 1
| #define HAVE_STDLIB_H 1
| #define HAVE_STRING_H 1
| #define HAVE_MEMORY_H 1
| #define HAVE_STRINGS_H 1
| #define HAVE_INTTYPES_H 1
| #define HAVE_STDINT_H 1
| #define HAVE_UNISTD_H 1
| #define HAVE_DLFCN_H 1
| /* end confdefs.h.  */
| #include <ac_nonexistent.h>
configure:5880: checking for g77
configure:5910: result: no
configure:5880: checking for xlf
configure:5910: result: no
configure:5880: checking for f77
configure:5910: result: no
configure:5880: checking for frt
configure:5910: result: no
configure:5880: checking for pgf77
configure:5910: result: no
configure:5880: checking for cf77
configure:5910: result: no
configure:5880: checking for fort77
configure:5910: result: no
configure:5880: checking for fl32
configure:5910: result: no
configure:5880: checking for af77
configure:5910: result: no
configure:5880: checking for xlf90
configure:5910: result: no
configure:5880: checking for f90
configure:5910: result: no
configure:5880: checking for pgf90
configure:5910: result: no
configure:5880: checking for pghpf
configure:5910: result: no
configure:5880: checking for epcf90
configure:5910: result: no
configure:5880: checking for gfortran
configure:5910: result: no
configure:5880: checking for g95
configure:5910: result: no
configure:5880: checking for xlf95
configure:5910: result: no
configure:5880: checking for f95
configure:5910: result: no
configure:5880: checking for fort
configure:5910: result: no
configure:5880: checking for ifort
configure:5910: result: no
configure:5880: checking for ifc
configure:5910: result: no
configure:5880: checking for efc
configure:5910: result: no
configure:5880: checking for pgf95
configure:5910: result: no
configure:5880: checking for lf95
configure:5910: result: no
configure:5880: checking for ftn
configure:5910: result: no
configure:5937: checking for Fortran 77 compiler version
configure:5944:  --version >&5
./configure: line 5945: --version: command not found
configure:5947: $? = 127
configure:5954:  -v >&5
./configure: line 5955: -v: command not found
configure:5957: $? = 127
configure:5964:  -V >&5
./configure: line 5965: -V: command not found
configure:5967: $? = 127
configure:5975: checking whether we are using the GNU Fortran 77 compiler
configure:5994:  -c  conftest.F >&5
./configure: line 5995: -c: command not found
configure:6000: $? = 127
configure: failed program was:
|       program main
| #ifndef __GNUC__
|        choke me
| #endif
| 
|       end
configure:6017: result: no
configure:6023: checking whether  accepts -g
configure:6040:  -c -g conftest.f >&5
./configure: line 6041: -c: command not found
configure:6046: $? = 127
configure: failed program was:
|       program main
| 
|       end
configure:6062: result: no
configure:6092: checking the maximum length of command line arguments
configure:6201: result: 32768
configure:6212: checking command to parse /usr/bin/nm -B output from gcc object
configure:6317: g++ -c -g -O2  conftest.cpp >&5
configure:6320: $? = 0
configure:6324: /usr/bin/nm -B conftest.o \| sed -n -e 's/^.*[ 	]\([ABCDGIRSTW][ABCDGIRSTW]*\)[ 	][ 	]*\([_A-Za-z][_A-Za-z0-9]*\)$/\1 \2 \2/p' \> conftest.nm
configure:6327: $? = 0
configure:6379: g++ -o conftest -g -O2   conftest.cpp conftstm.o >&5
configure:6382: $? = 0
configure:6420: result: ok
configure:6424: checking for objdir
configure:6439: result: .libs
configure:6531: checking for ar
configure:6547: found /usr/bin/ar
configure:6558: result: ar
configure:6627: checking for ranlib
configure:6643: found /usr/bin/ranlib
configure:6654: result: ranlib
configure:6723: checking for strip
configure:6739: found /usr/bin/strip
configure:6750: result: strip
configure:7036: checking if gcc supports -fno-rtti -fno-exceptions
configure:7054: gcc -c -g -O2  -fno-rtti -fno-exceptions conftest.c >&5
cc1: warning: command line option "-fno-rtti" is valid for C++/ObjC++ but not for C
configure:7058: $? = 0
configure:7071: result: no
configure:7086: checking for gcc option to produce PIC
configure:7296: result: -fPIC
configure:7304: checking if gcc PIC flag -fPIC works
configure:7322: gcc -c -g -O2  -fPIC -DPIC conftest.c >&5
configure:7326: $? = 0
configure:7339: result: yes
configure:7367: checking if gcc static flag -static works
configure:7395: result: yes
configure:7405: checking if gcc supports -c -o file.o
configure:7426: gcc -c -g -O2  -o out/conftest2.o conftest.c >&5
configure:7430: $? = 0
configure:7452: result: yes
configure:7478: checking whether the gcc linker (/usr/bin/ld) supports shared libraries
configure:8432: result: yes
configure:8453: checking whether -lc should be explicitly linked in
configure:8458: gcc -c -g -O2  conftest.c >&5
configure:8461: $? = 0
configure:8476: gcc -shared conftest.o  -v -Wl,-soname -Wl,conftest -o conftest 2\>\&1 \| grep  -lc  \>/dev/null 2\>\&1
configure:8479: $? = 0
configure:8491: result: no
configure:8499: checking dynamic linker characteristics
configure:9108: result: GNU/Linux ld.so
configure:9117: checking how to hardcode library paths into programs
configure:9142: result: immediate
configure:9156: checking whether stripping libraries is possible
configure:9161: result: yes
configure:9962: checking if libtool supports shared libraries
configure:9964: result: yes
configure:9967: checking whether to build shared libraries
configure:9988: result: yes
configure:9991: checking whether to build static libraries
configure:9995: result: yes
configure:10087: creating libtool
configure:10675: checking for ld used by g++
configure:10742: result: /usr/bin/ld
configure:10751: checking if the linker (/usr/bin/ld) is GNU ld
configure:10766: result: yes
configure:10817: checking whether the g++ linker (/usr/bin/ld) supports shared libraries
configure:11751: result: yes
configure:11769: g++ -c -g -O2  conftest.cpp >&5
configure:11772: $? = 0
configure:11891: checking for g++ option to produce PIC
configure:12165: result: -fPIC
configure:12173: checking if g++ PIC flag -fPIC works
configure:12191: g++ -c -g -O2  -fPIC -DPIC conftest.cpp >&5
configure:12195: $? = 0
configure:12208: result: yes
configure:12236: checking if g++ static flag -static works
configure:12264: result: yes
configure:12274: checking if g++ supports -c -o file.o
configure:12295: g++ -c -g -O2  -o out/conftest2.o conftest.cpp >&5
configure:12299: $? = 0
configure:12321: result: yes
configure:12347: checking whether the g++ linker (/usr/bin/ld) supports shared libraries
configure:12372: result: yes
configure:12439: checking dynamic linker characteristics
configure:13048: result: GNU/Linux ld.so
configure:13057: checking how to hardcode library paths into programs
configure:13082: result: immediate
configure:19300: checking util/functions.h usability
configure:19317: g++ -c -fPIC -g -O2 -I/usr/local/include/ginga/ -I/usr/local/include/ -I/usr/include/  conftest.cpp >&5
configure:19323: $? = 0
configure:19337: result: yes
configure:19341: checking util/functions.h presence
configure:19356: g++ -E -I/usr/local/include/ginga/ -I/usr/local/include/ -I/usr/include/  conftest.cpp
configure:19362: $? = 0
configure:19376: result: yes
configure:19404: checking for util/functions.h
configure:19411: result: yes
configure:19448: checking ncl/Entity.h usability
configure:19465: g++ -c -fPIC -g -O2 -I/usr/local/include/ginga/ -I/usr/local/include/ -I/usr/include/  conftest.cpp >&5
configure:19471: $? = 0
configure:19485: result: yes
configure:19489: checking ncl/Entity.h presence
configure:19504: g++ -E -I/usr/local/include/ginga/ -I/usr/local/include/ -I/usr/include/  conftest.cpp
configure:19510: $? = 0
configure:19524: result: yes
configure:19552: checking for ncl/Entity.h
configure:19559: result: yes
configure:19607: checking system/thread/Thread.h usability
configure:19624: g++ -c -fPIC -g -O2 -I/usr/local/include/ginga/ -I/usr/local/include/ -I/usr/include/  conftest.cpp >&5
configure:19630: $? = 0
configure:19644: result: yes
configure:19648: checking system/thread/Thread.h presence
configure:19663: g++ -E -I/usr/local/include/ginga/ -I/usr/local/include/ -I/usr/include/  conftest.cpp
configure:19669: $? = 0
configure:19683: result: yes
configure:19711: checking for system/thread/Thread.h
configure:19718: result: yes
configure:19755: checking system/io/interface/output/IWindow.h usability
configure:19772: g++ -c -fPIC -g -O2 -I/usr/local/include/ginga/ -I/usr/local/include/ -I/usr/include/  conftest.cpp >&5
configure:19778: $? = 0
configure:19792: result: yes
configure:19796: checking system/io/interface/output/IWindow.h presence
configure:19811: g++ -E -I/usr/local/include/ginga/ -I/usr/local/include/ -I/usr/include/  conftest.cpp
configure:19817: $? = 0
configure:19831: result: yes
configure:19859: checking for system/io/interface/output/IWindow.h
configure:19866: result: yes
configure:19914: checking recommender/sqlite3.h usability
configure:19931: g++ -c -fPIC -g -O2 -I/usr/local/include/ginga/ -I/usr/local/include/ -I/usr/include/  conftest.cpp >&5
configure:19937: $? = 0
configure:19951: result: yes
configure:19955: checking recommender/sqlite3.h presence
configure:19970: g++ -E -I/usr/local/include/ginga/ -I/usr/local/include/ -I/usr/include/  conftest.cpp
configure:19976: $? = 0
configure:19990: result: yes
configure:20018: checking for recommender/sqlite3.h
configure:20025: result: yes
configure:20071: checking player/IPlayerListener.h usability
configure:20088: g++ -c -fPIC -g -O2 -I/usr/local/include/ginga/ -I/usr/local/include/ -I/usr/include/  conftest.cpp >&5
configure:20094: $? = 0
configure:20108: result: yes
configure:20112: checking player/IPlayerListener.h presence
configure:20127: g++ -E -I/usr/local/include/ginga/ -I/usr/local/include/ -I/usr/include/  conftest.cpp
configure:20133: $? = 0
configure:20147: result: yes
configure:20175: checking for player/IPlayerListener.h
configure:20182: result: yes
configure:20215: checking for main in -ltelemidiautil
configure:20244: g++ -o conftest -fPIC -g -O2 -I/usr/local/include/ginga/ -I/usr/local/include/ -I/usr/include/  -L/usr/local/lib/ginga/iocontents -L/usr/local/lib/ginga/ -L/usr/local/lib/ -L/usr/lib/  conftest.cpp -ltelemidiautil   >&5
configure:20250: $? = 0
configure:20268: result: yes
configure:20299: checking for main in -lncl30
configure:20328: g++ -o conftest -fPIC -g -O2 -I/usr/local/include/ginga/ -I/usr/local/include/ -I/usr/include/  -L/usr/local/lib/ginga/iocontents -L/usr/local/lib/ginga/ -L/usr/local/lib/ -L/usr/lib/  conftest.cpp -lncl30  -ltelemidiautil  >&5
configure:20334: $? = 0
configure:20352: result: yes
configure:20383: checking for main in -lgingaccsystemthread
configure:20412: g++ -o conftest -fPIC -g -O2 -I/usr/local/include/ginga/ -I/usr/local/include/ -I/usr/include/  -L/usr/local/lib/ginga/iocontents -L/usr/local/lib/ginga/ -L/usr/local/lib/ -L/usr/lib/  conftest.cpp -lgingaccsystemthread  -lncl30 -ltelemidiautil  >&5
configure:20418: $? = 0
configure:20436: result: yes
configure:20467: checking for main in -lgingaccplayer
configure:20496: g++ -o conftest -fPIC -g -O2 -I/usr/local/include/ginga/ -I/usr/local/include/ -I/usr/include/  -L/usr/local/lib/ginga/iocontents -L/usr/local/lib/ginga/ -L/usr/local/lib/ -L/usr/lib/  conftest.cpp -lgingaccplayer  -lgingaccsystemthread -lncl30 -ltelemidiautil  >&5
configure:20502: $? = 0
configure:20520: result: yes
configure:20560: checking for main in -lgingacctuner
configure:20589: g++ -o conftest -fPIC -g -O2 -I/usr/local/include/ginga/ -I/usr/local/include/ -I/usr/include/  -L/usr/local/lib/ginga/iocontents -L/usr/local/lib/ginga/ -L/usr/local/lib/ -L/usr/lib/  conftest.cpp -lgingacctuner  -lgingaccplayer -lgingaccsystemthread -lncl30 -ltelemidiautil  >&5
configure:20595: $? = 0
configure:20613: result: yes
configure:20627: checking tuner/ITuner.h usability
configure:20644: g++ -c -fPIC -g -O2 -I/usr/local/include/ginga/ -I/usr/local/include/ -I/usr/include/  conftest.cpp >&5
configure:20650: $? = 0
configure:20664: result: yes
configure:20668: checking tuner/ITuner.h presence
configure:20683: g++ -E -I/usr/local/include/ginga/ -I/usr/local/include/ -I/usr/include/  conftest.cpp
configure:20689: $? = 0
configure:20703: result: yes
configure:20731: checking for tuner/ITuner.h
configure:20738: result: yes
configure:20794: checking for main in -lgingacctsparser
configure:20823: g++ -o conftest -fPIC -g -O2 -I/usr/local/include/ginga/ -I/usr/local/include/ -I/usr/include/  -L/usr/local/lib/ginga/iocontents -L/usr/local/lib/ginga/ -L/usr/local/lib/ -L/usr/lib/  conftest.cpp -lgingacctsparser -lgingacctuner -lgingaccplayer -lgingaccsystemthread -lncl30 -ltelemidiautil  >&5
configure:20829: $? = 0
configure:20847: result: yes
configure:20861: checking tsparser/ITSPacket.h usability
configure:20878: g++ -c -fPIC -g -O2 -I/usr/local/include/ginga/ -I/usr/local/include/ -I/usr/include/  conftest.cpp >&5
configure:20884: $? = 0
configure:20898: result: yes
configure:20902: checking tsparser/ITSPacket.h presence
configure:20917: g++ -E -I/usr/local/include/ginga/ -I/usr/local/include/ -I/usr/include/  conftest.cpp
configure:20923: $? = 0
configure:20937: result: yes
configure:20965: checking for tsparser/ITSPacket.h
configure:20972: result: yes
configure:21028: checking for main in -lgingaccdataprocessing
configure:21057: g++ -o conftest -fPIC -g -O2 -I/usr/local/include/ginga/ -I/usr/local/include/ -I/usr/include/  -L/usr/local/lib/ginga/iocontents -L/usr/local/lib/ginga/ -L/usr/local/lib/ -L/usr/lib/  conftest.cpp -lgingaccdataprocessing -lgingacctsparser -lgingacctuner -lgingaccplayer -lgingaccsystemthread -lncl30 -ltelemidiautil  >&5
configure:21063: $? = 0
configure:21081: result: yes
configure:21095: checking dataprocessing/IDataProcessor.h usability
configure:21112: g++ -c -fPIC -g -O2 -I/usr/local/include/ginga/ -I/usr/local/include/ -I/usr/include/  conftest.cpp >&5
configure:21118: $? = 0
configure:21132: result: yes
configure:21136: checking dataprocessing/IDataProcessor.h presence
configure:21151: g++ -E -I/usr/local/include/ginga/ -I/usr/local/include/ -I/usr/include/  conftest.cpp
configure:21157: $? = 0
configure:21171: result: yes
configure:21199: checking for dataprocessing/IDataProcessor.h
configure:21206: result: yes
configure:21507: checking recommender/scheduler/Scheduler.h usability
configure:21524: g++ -c -fPIC -g -O2 -I/usr/local/include/ginga/ -I/usr/local/include/ -I/usr/include/  conftest.cpp >&5
In file included from /usr/local/include/ginga/contextmanager/ImplicitContextManager.h:62,
                 from /usr/local/include/ginga/recommender/scheduler/Scheduler.h:23,
                 from conftest.cpp:62:
/usr/local/include/ginga/contextmanager/ImplicitProfiles.h:58:74: error: ../../../gingancl-cpp/include/adaptation/context/RuleAdapter.h: No such file or directory
In file included from /usr/local/include/ginga/recommender/scheduler/Scheduler.h:23,
                 from conftest.cpp:62:
/usr/local/include/ginga/contextmanager/ImplicitContextManager.h:64:37: warning: extra tokens at end of #include directive
/usr/local/include/ginga/contextmanager/ImplicitProfiles.h:72: error: 'br::pucrio::telemidia::ginga::ncl' has not been declared
/usr/local/include/ginga/contextmanager/ImplicitProfiles.h:72: error: 'context' is not a namespace-name
/usr/local/include/ginga/contextmanager/ImplicitProfiles.h:72: error: expected namespace-name before ';' token
/usr/local/include/ginga/contextmanager/ImplicitProfiles.h:108: error: expected initializer before '<' token
/usr/local/include/ginga/contextmanager/ImplicitProfiles.h:111: error: expected initializer before '<' token
/usr/local/include/ginga/contextmanager/ImplicitProfiles.h:122: error: ISO C++ forbids declaration of 'PresentationContext' with no type
/usr/local/include/ginga/contextmanager/ImplicitProfiles.h:122: error: expected ';' before '*' token
/usr/local/include/ginga/contextmanager/ImplicitProfiles.h:125: error: ISO C++ forbids declaration of 'tIProfiles' with no type
/usr/local/include/ginga/contextmanager/ImplicitProfiles.h:125: error: expected ';' before '*' token
/usr/local/include/ginga/contextmanager/ImplicitProfiles.h:128: error: ISO C++ forbids declaration of 'map' with no type
/usr/local/include/ginga/contextmanager/ImplicitProfiles.h:128: error: expected ';' before '<' token
/usr/local/include/ginga/contextmanager/ImplicitProfiles.h:131: error: ISO C++ forbids declaration of 'map' with no type
/usr/local/include/ginga/contextmanager/ImplicitProfiles.h:131: error: expected ';' before '<' token
/usr/local/include/ginga/contextmanager/ImplicitProfiles.h:141: error: ISO C++ forbids declaration of 'map' with no type
/usr/local/include/ginga/contextmanager/ImplicitProfiles.h:141: error: expected ';' before '<' token
/usr/local/include/ginga/contextmanager/ImplicitProfiles.h:186: error: expected `)' before '*' token
/usr/local/include/ginga/contextmanager/ImplicitProfiles.h:225: error: ISO C++ forbids declaration of 'tIProfiles' with no type
/usr/local/include/ginga/contextmanager/ImplicitProfiles.h:225: error: expected ';' before '*' token
/usr/local/include/ginga/contextmanager/ImplicitContextManager.h:76: error: 'br::pucrio::telemidia::ginga::ncl' has not been declared
/usr/local/include/ginga/contextmanager/ImplicitContextManager.h:76: error: 'context' is not a namespace-name
/usr/local/include/ginga/contextmanager/ImplicitContextManager.h:76: error: expected namespace-name before ';' token
/usr/local/include/ginga/contextmanager/ImplicitContextManager.h:115: error: ISO C++ forbids declaration of 'PresentationContext' with no type
/usr/local/include/ginga/contextmanager/ImplicitContextManager.h:115: error: expected ';' before '*' token
configure:21530: $? = 1
configure: failed program was:
| /* confdefs.h.  */
| #define PACKAGE_NAME ""
| #define PACKAGE_TARNAME ""
| #define PACKAGE_VERSION ""
| #define PACKAGE_STRING ""
| #define PACKAGE_BUGREPORT ""
| #define PACKAGE "gingalssm"
| #define VERSION "0.11.2"
| #define STDC_HEADERS 1
| #define HAVE_SYS_TYPES_H 1
| #define HAVE_SYS_STAT_H 1
| #define HAVE_STDLIB_H 1
| #define HAVE_STRING_H 1
| #define HAVE_MEMORY_H 1
| #define HAVE_STRINGS_H 1
| #define HAVE_INTTYPES_H 1
| #define HAVE_STDINT_H 1
| #define HAVE_UNISTD_H 1
| #define HAVE_DLFCN_H 1
| #define HAVE_RECOMMENDER 1
| #define HAVE_LIBTELEMIDIAUTIL 1
| #define HAVE_LIBNCL30 1
| #define HAVE_LIBGINGACCSYSTEMTHREAD 1
| #define HAVE_LIBGINGACCPLAYER 1
| #define HAVE_TUNER 1
| #define HAVE_TSPARSER 1
| #define HAVE_DSMCC 1
| /* end confdefs.h.  */
| #include <stdio.h>
| #ifdef HAVE_SYS_TYPES_H
| # include <sys/types.h>
| #endif
| #ifdef HAVE_SYS_STAT_H
| # include <sys/stat.h>
| #endif
| #ifdef STDC_HEADERS
| # include <stdlib.h>
| # include <stddef.h>
| #else
| # ifdef HAVE_STDLIB_H
| #  include <stdlib.h>
| # endif
| #endif
| #ifdef HAVE_STRING_H
| # if !defined STDC_HEADERS && defined HAVE_MEMORY_H
| #  include <memory.h>
| # endif
| # include <string.h>
| #endif
| #ifdef HAVE_STRINGS_H
| # include <strings.h>
| #endif
| #ifdef HAVE_INTTYPES_H
| # include <inttypes.h>
| #endif
| #ifdef HAVE_STDINT_H
| # include <stdint.h>
| #endif
| #ifdef HAVE_UNISTD_H
| # include <unistd.h>
| #endif
| #include <recommender/scheduler/Scheduler.h>
configure:21544: result: no
configure:21548: checking recommender/scheduler/Scheduler.h presence
configure:21563: g++ -E -I/usr/local/include/ginga/ -I/usr/local/include/ -I/usr/include/  conftest.cpp
In file included from /usr/local/include/ginga/contextmanager/ImplicitContextManager.h:62,
                 from /usr/local/include/ginga/recommender/scheduler/Scheduler.h:23,
                 from conftest.cpp:29:
/usr/local/include/ginga/contextmanager/ImplicitProfiles.h:58:74: error: ../../../gingancl-cpp/include/adaptation/context/RuleAdapter.h: No such file or directory
In file included from /usr/local/include/ginga/recommender/scheduler/Scheduler.h:23,
                 from conftest.cpp:29:
/usr/local/include/ginga/contextmanager/ImplicitContextManager.h:64:37: warning: extra tokens at end of #include directive
configure:21569: $? = 1
configure: failed program was:
| /* confdefs.h.  */
| #define PACKAGE_NAME ""
| #define PACKAGE_TARNAME ""
| #define PACKAGE_VERSION ""
| #define PACKAGE_STRING ""
| #define PACKAGE_BUGREPORT ""
| #define PACKAGE "gingalssm"
| #define VERSION "0.11.2"
| #define STDC_HEADERS 1
| #define HAVE_SYS_TYPES_H 1
| #define HAVE_SYS_STAT_H 1
| #define HAVE_STDLIB_H 1
| #define HAVE_STRING_H 1
| #define HAVE_MEMORY_H 1
| #define HAVE_STRINGS_H 1
| #define HAVE_INTTYPES_H 1
| #define HAVE_STDINT_H 1
| #define HAVE_UNISTD_H 1
| #define HAVE_DLFCN_H 1
| #define HAVE_RECOMMENDER 1
| #define HAVE_LIBTELEMIDIAUTIL 1
| #define HAVE_LIBNCL30 1
| #define HAVE_LIBGINGACCSYSTEMTHREAD 1
| #define HAVE_LIBGINGACCPLAYER 1
| #define HAVE_TUNER 1
| #define HAVE_TSPARSER 1
| #define HAVE_DSMCC 1
| /* end confdefs.h.  */
| #include <recommender/scheduler/Scheduler.h>
configure:21583: result: no
configure:21611: checking for recommender/scheduler/Scheduler.h
configure:21618: result: no
configure:21632: WARNING:
*** Header not found -- recommender support will not be built.
configure:21879: result: *** Component support will be built.
configure:22073: creating ./config.status

## ---------------------- ##
## Running config.status. ##
## ---------------------- ##

This file was extended by config.status, which was
generated by GNU Autoconf 2.61.  Invocation command line was

  CONFIG_FILES    = 
  CONFIG_HEADERS  = 
  CONFIG_LINKS    = 
  CONFIG_COMMANDS = 
  $ ./config.status 

on gingavm.telemidia.puc-rio.br

config.status:686: creating Makefile
config.status:686: creating include/Makefile
config.status:686: creating src/Makefile
config.status:686: creating test/Makefile
config.status:686: creating config.h
config.status:922: config.h is unchanged
config.status:968: executing depfiles commands
configure:23380: result:
Build options:
  Module directory                    
  Module recommender                  no
  Ginga CC Tuner support              yes
  Ginga CC TS Parser                  yes
  Ginga CC Data Processing            yes
  Ginga CC Cgc support                no
  Ginga CC Player With NCLET Support  no


## ---------------- ##
## Cache variables. ##
## ---------------- ##

ac_cv_build=i686-pc-linux-gnu
ac_cv_c_compiler_gnu=yes
ac_cv_cxx_compiler_gnu=yes
ac_cv_env_CCC_set=
ac_cv_env_CCC_value=
ac_cv_env_CC_set=
ac_cv_env_CC_value=
ac_cv_env_CFLAGS_set=
ac_cv_env_CFLAGS_value=
ac_cv_env_CPPFLAGS_set=
ac_cv_env_CPPFLAGS_value=
ac_cv_env_CPP_set=
ac_cv_env_CPP_value=
ac_cv_env_CXXCPP_set=
ac_cv_env_CXXCPP_value=
ac_cv_env_CXXFLAGS_set=
ac_cv_env_CXXFLAGS_value=
ac_cv_env_CXX_set=
ac_cv_env_CXX_value=
ac_cv_env_F77_set=
ac_cv_env_F77_value=
ac_cv_env_FFLAGS_set=
ac_cv_env_FFLAGS_value=
ac_cv_env_LDFLAGS_set=
ac_cv_env_LDFLAGS_value=
ac_cv_env_LIBS_set=
ac_cv_env_LIBS_value=
ac_cv_env_build_alias_set=
ac_cv_env_build_alias_value=
ac_cv_env_host_alias_set=
ac_cv_env_host_alias_value=
ac_cv_env_target_alias_set=
ac_cv_env_target_alias_value=
ac_cv_f77_compiler_gnu=no
ac_cv_header_dataprocessing_IDataProcessor_h=yes
ac_cv_header_dlfcn_h=yes
ac_cv_header_inttypes_h=yes
ac_cv_header_memory_h=yes
ac_cv_header_ncl_Entity_h=yes
ac_cv_header_player_IPlayerListener_h=yes
ac_cv_header_recommender_scheduler_Scheduler_h=no
ac_cv_header_recommender_sqlite3_h=yes
ac_cv_header_stdc=yes
ac_cv_header_stdint_h=yes
ac_cv_header_stdlib_h=yes
ac_cv_header_string_h=yes
ac_cv_header_strings_h=yes
ac_cv_header_sys_stat_h=yes
ac_cv_header_sys_types_h=yes
ac_cv_header_system_io_interface_output_IWindow_h=yes
ac_cv_header_system_thread_Thread_h=yes
ac_cv_header_tsparser_ITSPacket_h=yes
ac_cv_header_tuner_ITuner_h=yes
ac_cv_header_unistd_h=yes
ac_cv_header_util_functions_h=yes
ac_cv_host=i686-pc-linux-gnu
ac_cv_lib_gingaccdataprocessing=ac_cv_lib_gingaccdataprocessing_main
ac_cv_lib_gingaccdataprocessing_main=yes
ac_cv_lib_gingaccplayer=ac_cv_lib_gingaccplayer_main
ac_cv_lib_gingaccplayer_main=yes
ac_cv_lib_gingaccsystemthread=ac_cv_lib_gingaccsystemthread_main
ac_cv_lib_gingaccsystemthread_main=yes
ac_cv_lib_gingacctsparser=ac_cv_lib_gingacctsparser_main
ac_cv_lib_gingacctsparser_main=yes
ac_cv_lib_gingacctuner=ac_cv_lib_gingacctuner_main
ac_cv_lib_gingacctuner_main=yes
ac_cv_lib_ncl30=ac_cv_lib_ncl30_main
ac_cv_lib_ncl30_main=yes
ac_cv_lib_telemidiautil=ac_cv_lib_telemidiautil_main
ac_cv_lib_telemidiautil_main=yes
ac_cv_objext=o
ac_cv_path_EGREP='/bin/grep -E'
ac_cv_path_GREP=/bin/grep
ac_cv_path_install='/usr/bin/install -c'
ac_cv_path_mkdir=/bin/mkdir
ac_cv_prog_AWK=gawk
ac_cv_prog_CPP='gcc -E'
ac_cv_prog_CXXCPP='g++ -E'
ac_cv_prog_ac_ct_AR=ar
ac_cv_prog_ac_ct_CC=gcc
ac_cv_prog_ac_ct_CXX=g++
ac_cv_prog_ac_ct_RANLIB=ranlib
ac_cv_prog_ac_ct_STRIP=strip
ac_cv_prog_cc_c89=
ac_cv_prog_cc_g=yes
ac_cv_prog_cxx_g=yes
ac_cv_prog_f77_g=no
ac_cv_prog_make_make_set=yes
am_cv_CC_dependencies_compiler_type=gcc3
am_cv_CXX_dependencies_compiler_type=gcc3
lt_cv_deplibs_check_method=pass_all
lt_cv_file_magic_cmd='$MAGIC_CMD'
lt_cv_file_magic_test_file=
lt_cv_ld_reload_flag=-r
lt_cv_objdir=.libs
lt_cv_path_LD=/usr/bin/ld
lt_cv_path_LDCXX=/usr/bin/ld
lt_cv_path_NM='/usr/bin/nm -B'
lt_cv_path_SED=/bin/sed
lt_cv_prog_compiler_c_o=yes
lt_cv_prog_compiler_c_o_CXX=yes
lt_cv_prog_compiler_rtti_exceptions=no
lt_cv_prog_gnu_ld=yes
lt_cv_prog_gnu_ldcxx=yes
lt_cv_sys_global_symbol_pipe='sed -n -e '\''s/^.*[ 	]\([ABCDGIRSTW][ABCDGIRSTW]*\)[ 	][ 	]*\([_A-Za-z][_A-Za-z0-9]*\)$/\1 \2 \2/p'\'''
lt_cv_sys_global_symbol_to_c_name_address='sed -n -e '\''s/^: \([^ ]*\) $/  {\"\1\", (lt_ptr) 0},/p'\'' -e '\''s/^[BCDEGRST] \([^ ]*\) \([^ ]*\)$/  {"\2", (lt_ptr) \&\2},/p'\'''
lt_cv_sys_global_symbol_to_cdecl='sed -n -e '\''s/^. .* \(.*\)$/extern int \1;/p'\'''
lt_cv_sys_max_cmd_len=32768
lt_lt_cv_prog_compiler_c_o='"yes"'
lt_lt_cv_prog_compiler_c_o_CXX='"yes"'
lt_lt_cv_sys_global_symbol_pipe='"sed -n -e '\''s/^.*[ 	]\\([ABCDGIRSTW][ABCDGIRSTW]*\\)[ 	][ 	]*\\([_A-Za-z][_A-Za-z0-9]*\\)\$/\\1 \\2 \\2/p'\''"'
lt_lt_cv_sys_global_symbol_to_c_name_address='"sed -n -e '\''s/^: \\([^ ]*\\) \$/  {\\\"\\1\\\", (lt_ptr) 0},/p'\'' -e '\''s/^[BCDEGRST] \\([^ ]*\\) \\([^ ]*\\)\$/  {\"\\2\", (lt_ptr) \\&\\2},/p'\''"'
lt_lt_cv_sys_global_symbol_to_cdecl='"sed -n -e '\''s/^. .* \\(.*\\)\$/extern int \\1;/p'\''"'

## ----------------- ##
## Output variables. ##
## ----------------- ##

ACLOCAL='${SHELL} /usr/src/gingaUFSCAR/gingalssm-cpp/missing --run aclocal-1.10'
AMDEPBACKSLASH='\'
AMDEP_FALSE='#'
AMDEP_TRUE=''
AMTAR='${SHELL} /usr/src/gingaUFSCAR/gingalssm-cpp/missing --run tar'
AR='ar'
AUTOCONF='${SHELL} /usr/src/gingaUFSCAR/gingalssm-cpp/missing --run autoconf'
AUTOHEADER='${SHELL} /usr/src/gingaUFSCAR/gingalssm-cpp/missing --run autoheader'
AUTOMAKE='${SHELL} /usr/src/gingaUFSCAR/gingalssm-cpp/missing --run automake-1.10'
AWK='gawk'
CC='gcc'
CCDEPMODE='depmode=gcc3'
CFLAGS='-fPIC -g -O2'
CGC_FALSE=''
CGC_LIBS=''
CGC_TRUE='#'
COMPONENTS_FALSE=''
COMPONENTS_LIBS='-ldl -L/usr/local/lib/ -L/usr/local/lib/ginga/'
COMPONENTS_TRUE='#'
CPP='gcc -E'
CPPFLAGS='-I/usr/local/include/ginga/ -I/usr/local/include/ -I/usr/include/ '
CXX='g++'
CXXCPP='g++ -E'
CXXDEPMODE='depmode=gcc3'
CXXFLAGS='-fPIC -g -O2'
CYGPATH_W='echo'
DATAPROCESSING_FALSE='#'
DATAPROCESSING_LIBS='-lgingaccdataprocessing -lgingaccdataprocncledit -L/usr/local/lib/ginga/dp'
DATAPROCESSING_TRUE=''
DEFS='-DHAVE_CONFIG_H'
DEPDIR='.deps'
ECHO='echo'
ECHO_C=''
ECHO_N='-n'
ECHO_T=''
EGREP='/bin/grep -E'
EXEEXT=''
F77=''
FFLAGS=''
GREP='/bin/grep'
INSTALL_DATA='${INSTALL} -m 644'
INSTALL_PROGRAM='${INSTALL}'
INSTALL_SCRIPT='${INSTALL}'
INSTALL_STRIP_PROGRAM='$(install_sh) -c -s'
LDFLAGS='-L/usr/local/lib/ginga/iocontents -L/usr/local/lib/ginga/ -L/usr/local/lib/ -L/usr/lib/ '
LIBOBJS=''
LIBS='-lgingaccplayer -lgingaccsystemthread -lncl30 -ltelemidiautil '
LIBTOOL='$(SHELL) $(top_builddir)/libtool'
LN_S='ln -s'
LTLIBOBJS=''
MAKEINFO='${SHELL} /usr/src/gingaUFSCAR/gingalssm-cpp/missing --run makeinfo'
NCLET_FALSE=''
NCLET_LIBS='-lrecommender'
NCLET_TRUE='#'
OBJEXT='o'
PACKAGE='gingalssm'
PACKAGE_BUGREPORT=''
PACKAGE_NAME=''
PACKAGE_STRING=''
PACKAGE_TARNAME=''
PACKAGE_VERSION=''
PATH_SEPARATOR=':'
RANLIB='ranlib'
RECOMMENDER_FALSE=''
RECOMMENDER_LIBS=''
RECOMMENDER_TRUE='#'
SED='/bin/sed'
SET_MAKE=''
SHELL='/bin/sh'
STRIP='strip'
TSPARSER_FALSE='#'
TSPARSER_LIBS='-lgingacctsparser'
TSPARSER_TRUE=''
TUNER_FALSE='#'
TUNER_LIBS='-lgingacctuner'
TUNER_TRUE=''
VERSION='0.11.2'
ac_ct_CC='gcc'
ac_ct_CXX='g++'
ac_ct_F77=''
am__fastdepCC_FALSE='#'
am__fastdepCC_TRUE=''
am__fastdepCXX_FALSE='#'
am__fastdepCXX_TRUE=''
am__include='include'
am__isrc=''
am__leading_dot='.'
am__quote=''
am__tar='${AMTAR} chof - "$$tardir"'
am__untar='${AMTAR} xf -'
bindir='${exec_prefix}/bin'
build='i686-pc-linux-gnu'
build_alias=''
build_cpu='i686'
build_os='linux-gnu'
build_vendor='pc'
datadir='${datarootdir}'
datarootdir='${prefix}/share'
docdir='${datarootdir}/doc/${PACKAGE}'
dvidir='${docdir}'
exec_prefix='${prefix}'
host='i686-pc-linux-gnu'
host_alias=''
host_cpu='i686'
host_os='linux-gnu'
host_vendor='pc'
htmldir='${docdir}'
includedir='${prefix}/include'
infodir='${datarootdir}/info'
install_sh='$(SHELL) /usr/src/gingaUFSCAR/gingalssm-cpp/install-sh'
libdir='${exec_prefix}/lib'
libexecdir='${exec_prefix}/libexec'
localedir='${datarootdir}/locale'
localstatedir='${prefix}/var'
mandir='${datarootdir}/man'
mkdir_p='/bin/mkdir -p'
oldincludedir='/usr/include'
pdfdir='${docdir}'
prefix='/usr/local'
program_transform_name='s,x,x,'
psdir='${docdir}'
sbindir='${exec_prefix}/sbin'
sharedstatedir='${prefix}/com'
sysconfdir='${prefix}/etc'
target_alias=''

## ----------- ##
## confdefs.h. ##
## ----------- ##

#define PACKAGE_NAME ""
#define PACKAGE_TARNAME ""
#define PACKAGE_VERSION ""
#define PACKAGE_STRING ""
#define PACKAGE_BUGREPORT ""
#define PACKAGE "gingalssm"
#define VERSION "0.11.2"
#define STDC_HEADERS 1
#define HAVE_SYS_TYPES_H 1
#define HAVE_SYS_STAT_H 1
#define HAVE_STDLIB_H 1
#define HAVE_STRING_H 1
#define HAVE_MEMORY_H 1
#define HAVE_STRINGS_H 1
#define HAVE_INTTYPES_H 1
#define HAVE_STDINT_H 1
#define HAVE_UNISTD_H 1
#define HAVE_DLFCN_H 1
#define HAVE_RECOMMENDER 1
#define HAVE_LIBTELEMIDIAUTIL 1
#define HAVE_LIBNCL30 1
#define HAVE_LIBGINGACCSYSTEMTHREAD 1
#define HAVE_LIBGINGACCPLAYER 1
#define HAVE_TUNER 1
#define HAVE_TSPARSER 1
#define HAVE_DSMCC 1
#define HAVE_COMPSUPPORT 1

configure: exit 0
