This file contains any messages produced by compilers while
running configure, to aid debugging if configure makes a mistake.

It was created by configure, which was
generated by GNU Autoconf 2.61.  Invocation command line was

  $ ./configure 

## --------- ##
## Platform. ##
## --------- ##

hostname = gingavm.telemidia.puc-rio.br
uname -m = i686
uname -r = 2.6.23.17-88.fc7
uname -s = Linux
uname -v = #1 SMP Thu May 15 00:35:10 EDT 2008

/usr/bin/uname -p = unknown
/bin/uname -X     = unknown

/bin/arch              = i686
/usr/bin/arch -k       = unknown
/usr/convex/getsysinfo = unknown
/usr/bin/hostinfo      = unknown
/bin/machine           = unknown
/usr/bin/oslevel       = unknown
/bin/universe          = unknown

PATH: /usr/kerberos/sbin
PATH: /usr/kerberos/bin
PATH: /usr/local/sbin
PATH: /usr/local/bin
PATH: /sbin
PATH: /bin
PATH: /usr/sbin
PATH: /usr/bin
PATH: /root/bin


## ----------- ##
## Core tests. ##
## ----------- ##

configure:1972: checking for a BSD-compatible install
configure:2028: result: /usr/bin/install -c
configure:2039: checking whether build environment is sane
configure:2082: result: yes
configure:2110: checking for a thread-safe mkdir -p
configure:2149: result: /bin/mkdir -p
configure:2162: checking for gawk
configure:2178: found /bin/gawk
configure:2189: result: gawk
configure:2200: checking whether make sets $(MAKE)
configure:2221: result: yes
configure:2411: checking whether to enable maintainer-specific portions of Makefiles
configure:2420: result: no
configure:2450: checking for style of include used by make
configure:2478: result: GNU
configure:2548: checking for gcc
configure:2564: found /usr/bin/gcc
configure:2575: result: gcc
configure:2813: checking for C compiler version
configure:2820: gcc --version >&5
gcc (GCC) 4.1.2 20070925 (Red Hat 4.1.2-27)
Copyright (C) 2006 Free Software Foundation, Inc.
This is free software; see the source for copying conditions.  There is NO
warranty; not even for MERCHANTABILITY or FITNESS FOR A PARTICULAR PURPOSE.

configure:2823: $? = 0
configure:2830: gcc -v >&5
Using built-in specs.
Target: i386-redhat-linux
Configured with: ../configure --prefix=/usr --mandir=/usr/share/man --infodir=/usr/share/info --enable-shared --enable-threads=posix --enable-checking=release --with-system-zlib --enable-__cxa_atexit --disable-libunwind-exceptions --enable-languages=c,c++,objc,obj-c++,java,fortran,ada --enable-java-awt=gtk --disable-dssi --enable-plugin --with-java-home=/usr/lib/jvm/java-1.5.0-gcj-1.5.0.0/jre --enable-libgcj-multifile --enable-java-maintainer-mode --with-ecj-jar=/usr/share/java/eclipse-ecj.jar --with-cpu=generic --host=i386-redhat-linux
Thread model: posix
gcc version 4.1.2 20070925 (Red Hat 4.1.2-27)
configure:2833: $? = 0
configure:2840: gcc -V >&5
gcc: '-V' option must have argument
configure:2843: $? = 1
configure:2866: checking for C compiler default output file name
configure:2893: gcc    conftest.c  >&5
configure:2896: $? = 0
configure:2934: result: a.out
configure:2951: checking whether the C compiler works
configure:2961: ./a.out
configure:2964: $? = 0
configure:2981: result: yes
configure:2988: checking whether we are cross compiling
configure:2990: result: no
configure:2993: checking for suffix of executables
configure:3000: gcc -o conftest    conftest.c  >&5
configure:3003: $? = 0
configure:3027: result: 
configure:3033: checking for suffix of object files
configure:3059: gcc -c   conftest.c >&5
configure:3062: $? = 0
configure:3085: result: o
configure:3089: checking whether we are using the GNU C compiler
configure:3118: gcc -c   conftest.c >&5
configure:3124: $? = 0
configure:3141: result: yes
configure:3146: checking whether gcc accepts -g
configure:3176: gcc -c -g  conftest.c >&5
configure:3182: $? = 0
configure:3281: result: yes
configure:3298: checking for gcc option to accept ISO C89
configure:3372: gcc  -c -g -O2  conftest.c >&5
configure:3378: $? = 0
configure:3401: result: none needed
configure:3421: checking dependency style of gcc
configure:3512: result: gcc3
configure:3533: checking how to run the C preprocessor
configure:3573: gcc -E  conftest.c
configure:3579: $? = 0
configure:3610: gcc -E  conftest.c
conftest.c:10:28: error: ac_nonexistent.h: No such file or directory
configure:3616: $? = 1
configure: failed program was:
| /* confdefs.h.  */
| #define PACKAGE_NAME ""
| #define PACKAGE_TARNAME ""
| #define PACKAGE_VERSION ""
| #define PACKAGE_STRING ""
| #define PACKAGE_BUGREPORT ""
| #define PACKAGE "LinceUtil"
| #define VERSION "1.0"
| /* end confdefs.h.  */
| #include <ac_nonexistent.h>
configure:3649: result: gcc -E
configure:3678: gcc -E  conftest.c
configure:3684: $? = 0
configure:3715: gcc -E  conftest.c
conftest.c:10:28: error: ac_nonexistent.h: No such file or directory
configure:3721: $? = 1
configure: failed program was:
| /* confdefs.h.  */
| #define PACKAGE_NAME ""
| #define PACKAGE_TARNAME ""
| #define PACKAGE_VERSION ""
| #define PACKAGE_STRING ""
| #define PACKAGE_BUGREPORT ""
| #define PACKAGE "LinceUtil"
| #define VERSION "1.0"
| /* end confdefs.h.  */
| #include <ac_nonexistent.h>
configure:3759: checking for grep that handles long lines and -e
configure:3833: result: /bin/grep
configure:3838: checking for egrep
configure:3916: result: /bin/grep -E
configure:3921: checking for ANSI C header files
configure:3951: gcc -c -g -O2  conftest.c >&5
configure:3957: $? = 0
configure:4056: gcc -o conftest -g -O2   conftest.c  >&5
configure:4059: $? = 0
configure:4065: ./conftest
configure:4068: $? = 0
configure:4085: result: yes
configure:4109: checking for sys/types.h
configure:4130: gcc -c -g -O2  conftest.c >&5
configure:4136: $? = 0
configure:4152: result: yes
configure:4109: checking for sys/stat.h
configure:4130: gcc -c -g -O2  conftest.c >&5
configure:4136: $? = 0
configure:4152: result: yes
configure:4109: checking for stdlib.h
configure:4130: gcc -c -g -O2  conftest.c >&5
configure:4136: $? = 0
configure:4152: result: yes
configure:4109: checking for string.h
configure:4130: gcc -c -g -O2  conftest.c >&5
configure:4136: $? = 0
configure:4152: result: yes
configure:4109: checking for memory.h
configure:4130: gcc -c -g -O2  conftest.c >&5
configure:4136: $? = 0
configure:4152: result: yes
configure:4109: checking for strings.h
configure:4130: gcc -c -g -O2  conftest.c >&5
configure:4136: $? = 0
configure:4152: result: yes
configure:4109: checking for inttypes.h
configure:4130: gcc -c -g -O2  conftest.c >&5
configure:4136: $? = 0
configure:4152: result: yes
configure:4109: checking for stdint.h
configure:4130: gcc -c -g -O2  conftest.c >&5
configure:4136: $? = 0
configure:4152: result: yes
configure:4109: checking for unistd.h
configure:4130: gcc -c -g -O2  conftest.c >&5
configure:4136: $? = 0
configure:4152: result: yes
configure:4164: checking for size_t
configure:4194: gcc -c -g -O2  conftest.c >&5
configure:4200: $? = 0
configure:4215: result: yes
configure:4227: checking for off_t
configure:4257: gcc -c -g -O2  conftest.c >&5
configure:4263: $? = 0
configure:4278: result: yes
configure:4394: checking for g++
configure:4410: found /usr/bin/g++
configure:4421: result: g++
configure:4452: checking for C++ compiler version
configure:4459: g++ --version >&5
g++ (GCC) 4.1.2 20070925 (Red Hat 4.1.2-27)
Copyright (C) 2006 Free Software Foundation, Inc.
This is free software; see the source for copying conditions.  There is NO
warranty; not even for MERCHANTABILITY or FITNESS FOR A PARTICULAR PURPOSE.

configure:4462: $? = 0
configure:4469: g++ -v >&5
Using built-in specs.
Target: i386-redhat-linux
Configured with: ../configure --prefix=/usr --mandir=/usr/share/man --infodir=/usr/share/info --enable-shared --enable-threads=posix --enable-checking=release --with-system-zlib --enable-__cxa_atexit --disable-libunwind-exceptions --enable-languages=c,c++,objc,obj-c++,java,fortran,ada --enable-java-awt=gtk --disable-dssi --enable-plugin --with-java-home=/usr/lib/jvm/java-1.5.0-gcj-1.5.0.0/jre --enable-libgcj-multifile --enable-java-maintainer-mode --with-ecj-jar=/usr/share/java/eclipse-ecj.jar --with-cpu=generic --host=i386-redhat-linux
Thread model: posix
gcc version 4.1.2 20070925 (Red Hat 4.1.2-27)
configure:4472: $? = 0
configure:4479: g++ -V >&5
g++: '-V' option must have argument
configure:4482: $? = 1
configure:4485: checking whether we are using the GNU C++ compiler
configure:4514: g++ -c   conftest.cpp >&5
configure:4520: $? = 0
configure:4537: result: yes
configure:4542: checking whether g++ accepts -g
configure:4572: g++ -c -g  conftest.cpp >&5
configure:4578: $? = 0
configure:4677: result: yes
configure:4702: checking dependency style of g++
configure:4793: result: gcc3
configure:4886: checking build system type
configure:4904: result: i686-pc-linux-gnu
configure:4926: checking host system type
configure:4941: result: i686-pc-linux-gnu
configure:4963: checking for a sed that does not truncate output
configure:5019: result: /bin/sed
configure:5033: checking for ld used by gcc
configure:5100: result: /usr/bin/ld
configure:5109: checking if the linker (/usr/bin/ld) is GNU ld
configure:5124: result: yes
configure:5129: checking for /usr/bin/ld option to reload object files
configure:5136: result: -r
configure:5154: checking for BSD-compatible nm
configure:5203: result: /usr/bin/nm -B
configure:5207: checking whether ln -s works
configure:5211: result: yes
configure:5218: checking how to recognise dependent libraries
configure:5394: result: pass_all
configure:5637: checking dlfcn.h usability
configure:5654: g++ -c -g -O2  conftest.cpp >&5
configure:5660: $? = 0
configure:5674: result: yes
configure:5678: checking dlfcn.h presence
configure:5693:   conftest.cpp
./configure: line 5694: conftest.cpp: command not found
configure:5699: $? = 127
configure: failed program was:
| /* confdefs.h.  */
| #define PACKAGE_NAME ""
| #define PACKAGE_TARNAME ""
| #define PACKAGE_VERSION ""
| #define PACKAGE_STRING ""
| #define PACKAGE_BUGREPORT ""
| #define PACKAGE "LinceUtil"
| #define VERSION "1.0"
| #define STDC_HEADERS 1
| #define HAVE_SYS_TYPES_H 1
| #define HAVE_SYS_STAT_H 1
| #define HAVE_STDLIB_H 1
| #define HAVE_STRING_H 1
| #define HAVE_MEMORY_H 1
| #define HAVE_STRINGS_H 1
| #define HAVE_INTTYPES_H 1
| #define HAVE_STDINT_H 1
| #define HAVE_UNISTD_H 1
| #define _FILE_OFFSET_BITS 64
| #define _LARGEFILE_SOURCE 1
| #define _LARGE_FILE_SOURCE 1
| #define _LARGEFILE64_SOURCE 1
| #define __USE_LARGEFILE64 1
| #define MAX_BUFFER 4*1024*1024
| /* end confdefs.h.  */
| #include <dlfcn.h>
configure:5713: result: no
configure:5719: WARNING: dlfcn.h: accepted by the compiler, rejected by the preprocessor!
configure:5721: WARNING: dlfcn.h: proceeding with the compiler's result
configure:5741: checking for dlfcn.h
configure:5749: result: yes
configure:5772: checking how to run the C++ preprocessor
configure:5808: g++ -E  conftest.cpp
configure:5814: $? = 0
configure:5845: g++ -E  conftest.cpp
conftest.cpp:27:28: error: ac_nonexistent.h: No such file or directory
configure:5851: $? = 1
configure: failed program was:
| /* confdefs.h.  */
| #define PACKAGE_NAME ""
| #define PACKAGE_TARNAME ""
| #define PACKAGE_VERSION ""
| #define PACKAGE_STRING ""
| #define PACKAGE_BUGREPORT ""
| #define PACKAGE "LinceUtil"
| #define VERSION "1.0"
| #define STDC_HEADERS 1
| #define HAVE_SYS_TYPES_H 1
| #define HAVE_SYS_STAT_H 1
| #define HAVE_STDLIB_H 1
| #define HAVE_STRING_H 1
| #define HAVE_MEMORY_H 1
| #define HAVE_STRINGS_H 1
| #define HAVE_INTTYPES_H 1
| #define HAVE_STDINT_H 1
| #define HAVE_UNISTD_H 1
| #define _FILE_OFFSET_BITS 64
| #define _LARGEFILE_SOURCE 1
| #define _LARGE_FILE_SOURCE 1
| #define _LARGEFILE64_SOURCE 1
| #define __USE_LARGEFILE64 1
| #define MAX_BUFFER 4*1024*1024
| #define HAVE_DLFCN_H 1
| /* end confdefs.h.  */
| #include <ac_nonexistent.h>
configure:5884: result: g++ -E
configure:5913: g++ -E  conftest.cpp
configure:5919: $? = 0
configure:5950: g++ -E  conftest.cpp
conftest.cpp:27:28: error: ac_nonexistent.h: No such file or directory
configure:5956: $? = 1
configure: failed program was:
| /* confdefs.h.  */
| #define PACKAGE_NAME ""
| #define PACKAGE_TARNAME ""
| #define PACKAGE_VERSION ""
| #define PACKAGE_STRING ""
| #define PACKAGE_BUGREPORT ""
| #define PACKAGE "LinceUtil"
| #define VERSION "1.0"
| #define STDC_HEADERS 1
| #define HAVE_SYS_TYPES_H 1
| #define HAVE_SYS_STAT_H 1
| #define HAVE_STDLIB_H 1
| #define HAVE_STRING_H 1
| #define HAVE_MEMORY_H 1
| #define HAVE_STRINGS_H 1
| #define HAVE_INTTYPES_H 1
| #define HAVE_STDINT_H 1
| #define HAVE_UNISTD_H 1
| #define _FILE_OFFSET_BITS 64
| #define _LARGEFILE_SOURCE 1
| #define _LARGE_FILE_SOURCE 1
| #define _LARGEFILE64_SOURCE 1
| #define __USE_LARGEFILE64 1
| #define MAX_BUFFER 4*1024*1024
| #define HAVE_DLFCN_H 1
| /* end confdefs.h.  */
| #include <ac_nonexistent.h>
configure:6049: checking for g77
configure:6079: result: no
configure:6049: checking for xlf
configure:6079: result: no
configure:6049: checking for f77
configure:6079: result: no
configure:6049: checking for frt
configure:6079: result: no
configure:6049: checking for pgf77
configure:6079: result: no
configure:6049: checking for cf77
configure:6079: result: no
configure:6049: checking for fort77
configure:6079: result: no
configure:6049: checking for fl32
configure:6079: result: no
configure:6049: checking for af77
configure:6079: result: no
configure:6049: checking for xlf90
configure:6079: result: no
configure:6049: checking for f90
configure:6079: result: no
configure:6049: checking for pgf90
configure:6079: result: no
configure:6049: checking for pghpf
configure:6079: result: no
configure:6049: checking for epcf90
configure:6079: result: no
configure:6049: checking for gfortran
configure:6079: result: no
configure:6049: checking for g95
configure:6079: result: no
configure:6049: checking for xlf95
configure:6079: result: no
configure:6049: checking for f95
configure:6079: result: no
configure:6049: checking for fort
configure:6079: result: no
configure:6049: checking for ifort
configure:6079: result: no
configure:6049: checking for ifc
configure:6079: result: no
configure:6049: checking for efc
configure:6079: result: no
configure:6049: checking for pgf95
configure:6079: result: no
configure:6049: checking for lf95
configure:6079: result: no
configure:6049: checking for ftn
configure:6079: result: no
configure:6106: checking for Fortran 77 compiler version
configure:6113:  --version >&5
./configure: line 6114: --version: command not found
configure:6116: $? = 127
configure:6123:  -v >&5
./configure: line 6124: -v: command not found
configure:6126: $? = 127
configure:6133:  -V >&5
./configure: line 6134: -V: command not found
configure:6136: $? = 127
configure:6144: checking whether we are using the GNU Fortran 77 compiler
configure:6163:  -c  conftest.F >&5
./configure: line 6164: -c: command not found
configure:6169: $? = 127
configure: failed program was:
|       program main
| #ifndef __GNUC__
|        choke me
| #endif
| 
|       end
configure:6186: result: no
configure:6192: checking whether  accepts -g
configure:6209:  -c -g conftest.f >&5
./configure: line 6210: -c: command not found
configure:6215: $? = 127
configure: failed program was:
|       program main
| 
|       end
configure:6231: result: no
configure:6261: checking the maximum length of command line arguments
configure:6370: result: 32768
configure:6381: checking command to parse /usr/bin/nm -B output from gcc object
configure:6486: g++ -c -g -O2  conftest.cpp >&5
configure:6489: $? = 0
configure:6493: /usr/bin/nm -B conftest.o \| sed -n -e 's/^.*[ 	]\([ABCDGIRSTW][ABCDGIRSTW]*\)[ 	][ 	]*\([_A-Za-z][_A-Za-z0-9]*\)$/\1 \2 \2/p' \> conftest.nm
configure:6496: $? = 0
configure:6548: g++ -o conftest -g -O2   conftest.cpp conftstm.o >&5
configure:6551: $? = 0
configure:6589: result: ok
configure:6593: checking for objdir
configure:6608: result: .libs
configure:6700: checking for ar
configure:6716: found /usr/bin/ar
configure:6727: result: ar
configure:6796: checking for ranlib
configure:6812: found /usr/bin/ranlib
configure:6823: result: ranlib
configure:6892: checking for strip
configure:6908: found /usr/bin/strip
configure:6919: result: strip
configure:7205: checking if gcc supports -fno-rtti -fno-exceptions
configure:7223: gcc -c -g -O2  -fno-rtti -fno-exceptions conftest.c >&5
cc1: warning: command line option "-fno-rtti" is valid for C++/ObjC++ but not for C
configure:7227: $? = 0
configure:7240: result: no
configure:7255: checking for gcc option to produce PIC
configure:7465: result: -fPIC
configure:7473: checking if gcc PIC flag -fPIC works
configure:7491: gcc -c -g -O2  -fPIC -DPIC conftest.c >&5
configure:7495: $? = 0
configure:7508: result: yes
configure:7536: checking if gcc static flag -static works
configure:7564: result: yes
configure:7574: checking if gcc supports -c -o file.o
configure:7595: gcc -c -g -O2  -o out/conftest2.o conftest.c >&5
configure:7599: $? = 0
configure:7621: result: yes
configure:7647: checking whether the gcc linker (/usr/bin/ld) supports shared libraries
configure:8601: result: yes
configure:8622: checking whether -lc should be explicitly linked in
configure:8627: gcc -c -g -O2  conftest.c >&5
configure:8630: $? = 0
configure:8645: gcc -shared conftest.o  -v -Wl,-soname -Wl,conftest -o conftest 2\>\&1 \| grep  -lc  \>/dev/null 2\>\&1
configure:8648: $? = 0
configure:8660: result: no
configure:8668: checking dynamic linker characteristics
configure:9277: result: GNU/Linux ld.so
configure:9286: checking how to hardcode library paths into programs
configure:9311: result: immediate
configure:9325: checking whether stripping libraries is possible
configure:9330: result: yes
configure:10131: checking if libtool supports shared libraries
configure:10133: result: yes
configure:10136: checking whether to build shared libraries
configure:10157: result: yes
configure:10160: checking whether to build static libraries
configure:10164: result: yes
configure:10256: creating libtool
configure:10844: checking for ld used by g++
configure:10911: result: /usr/bin/ld
configure:10920: checking if the linker (/usr/bin/ld) is GNU ld
configure:10935: result: yes
configure:10986: checking whether the g++ linker (/usr/bin/ld) supports shared libraries
configure:11920: result: yes
configure:11938: g++ -c -g -O2  conftest.cpp >&5
configure:11941: $? = 0
configure:12060: checking for g++ option to produce PIC
configure:12334: result: -fPIC
configure:12342: checking if g++ PIC flag -fPIC works
configure:12360: g++ -c -g -O2  -fPIC -DPIC conftest.cpp >&5
configure:12364: $? = 0
configure:12377: result: yes
configure:12405: checking if g++ static flag -static works
configure:12433: result: yes
configure:12443: checking if g++ supports -c -o file.o
configure:12464: g++ -c -g -O2  -o out/conftest2.o conftest.cpp >&5
configure:12468: $? = 0
configure:12490: result: yes
configure:12516: checking whether the g++ linker (/usr/bin/ld) supports shared libraries
configure:12541: result: yes
configure:12608: checking dynamic linker characteristics
configure:13217: result: GNU/Linux ld.so
configure:13226: checking how to hardcode library paths into programs
configure:13251: result: immediate
configure:19452: checking for ANSI C header files
configure:19616: result: yes
configure:19649: checking arpa/inet.h usability
configure:19666: g++ -c -fPIC -g -O2  conftest.cpp >&5
configure:19672: $? = 0
configure:19686: result: yes
configure:19690: checking arpa/inet.h presence
configure:19705: g++ -E  conftest.cpp
configure:19711: $? = 0
configure:19725: result: yes
configure:19753: checking for arpa/inet.h
configure:19761: result: yes
configure:19649: checking net/if.h usability
configure:19666: g++ -c -fPIC -g -O2  conftest.cpp >&5
configure:19672: $? = 0
configure:19686: result: yes
configure:19690: checking net/if.h presence
configure:19705: g++ -E  conftest.cpp
configure:19711: $? = 0
configure:19725: result: yes
configure:19753: checking for net/if.h
configure:19761: result: yes
configure:19649: checking sys/socket.h usability
configure:19666: g++ -c -fPIC -g -O2  conftest.cpp >&5
configure:19672: $? = 0
configure:19686: result: yes
configure:19690: checking sys/socket.h presence
configure:19705: g++ -E  conftest.cpp
configure:19711: $? = 0
configure:19725: result: yes
configure:19753: checking for sys/socket.h
configure:19761: result: yes
configure:19649: checking sys/ioctl.h usability
configure:19666: g++ -c -fPIC -g -O2  conftest.cpp >&5
configure:19672: $? = 0
configure:19686: result: yes
configure:19690: checking sys/ioctl.h presence
configure:19705: g++ -E  conftest.cpp
configure:19711: $? = 0
configure:19725: result: yes
configure:19753: checking for sys/ioctl.h
configure:19761: result: yes
configure:19649: checking time.h usability
configure:19666: g++ -c -fPIC -g -O2  conftest.cpp >&5
configure:19672: $? = 0
configure:19686: result: yes
configure:19690: checking time.h presence
configure:19705: g++ -E  conftest.cpp
configure:19711: $? = 0
configure:19725: result: yes
configure:19753: checking for time.h
configure:19761: result: yes
configure:19649: checking stdio.h usability
configure:19666: g++ -c -fPIC -g -O2  conftest.cpp >&5
configure:19672: $? = 0
configure:19686: result: yes
configure:19690: checking stdio.h presence
configure:19705: g++ -E  conftest.cpp
configure:19711: $? = 0
configure:19725: result: yes
configure:19753: checking for stdio.h
configure:19761: result: yes
configure:19649: checking dirent.h usability
configure:19666: g++ -c -fPIC -g -O2  conftest.cpp >&5
configure:19672: $? = 0
configure:19686: result: yes
configure:19690: checking dirent.h presence
configure:19705: g++ -E  conftest.cpp
configure:19711: $? = 0
configure:19725: result: yes
configure:19753: checking for dirent.h
configure:19761: result: yes
configure:19649: checking fcntl.h usability
configure:19666: g++ -c -fPIC -g -O2  conftest.cpp >&5
configure:19672: $? = 0
configure:19686: result: yes
configure:19690: checking fcntl.h presence
configure:19705: g++ -E  conftest.cpp
configure:19711: $? = 0
configure:19725: result: yes
configure:19753: checking for fcntl.h
configure:19761: result: yes
configure:19649: checking ctype.h usability
configure:19666: g++ -c -fPIC -g -O2  conftest.cpp >&5
configure:19672: $? = 0
configure:19686: result: yes
configure:19690: checking ctype.h presence
configure:19705: g++ -E  conftest.cpp
configure:19711: $? = 0
configure:19725: result: yes
configure:19753: checking for ctype.h
configure:19761: result: yes
configure:19799: checking log4cxx/logger.h usability
configure:19816: g++ -c -fPIC -g -O2  conftest.cpp >&5
conftest.cpp:70:28: error: log4cxx/logger.h: No such file or directory
configure:19822: $? = 1
configure: failed program was:
| /* confdefs.h.  */
| #define PACKAGE_NAME ""
| #define PACKAGE_TARNAME ""
| #define PACKAGE_VERSION ""
| #define PACKAGE_STRING ""
| #define PACKAGE_BUGREPORT ""
| #define PACKAGE "LinceUtil"
| #define VERSION "1.0"
| #define STDC_HEADERS 1
| #define HAVE_SYS_TYPES_H 1
| #define HAVE_SYS_STAT_H 1
| #define HAVE_STDLIB_H 1
| #define HAVE_STRING_H 1
| #define HAVE_MEMORY_H 1
| #define HAVE_STRINGS_H 1
| #define HAVE_INTTYPES_H 1
| #define HAVE_STDINT_H 1
| #define HAVE_UNISTD_H 1
| #define _FILE_OFFSET_BITS 64
| #define _LARGEFILE_SOURCE 1
| #define _LARGE_FILE_SOURCE 1
| #define _LARGEFILE64_SOURCE 1
| #define __USE_LARGEFILE64 1
| #define MAX_BUFFER 4*1024*1024
| #define HAVE_DLFCN_H 1
| #define STDC_HEADERS 1
| #define HAVE_ARPA_INET_H 1
| #define HAVE_NET_IF_H 1
| #define HAVE_SYS_SOCKET_H 1
| #define HAVE_SYS_IOCTL_H 1
| #define HAVE_TIME_H 1
| #define HAVE_STDIO_H 1
| #define HAVE_DIRENT_H 1
| #define HAVE_FCNTL_H 1
| #define HAVE_CTYPE_H 1
| /* end confdefs.h.  */
| #include <stdio.h>
| #ifdef HAVE_SYS_TYPES_H
| # include <sys/types.h>
| #endif
| #ifdef HAVE_SYS_STAT_H
| # include <sys/stat.h>
| #endif
| #ifdef STDC_HEADERS
| # include <stdlib.h>
| # include <stddef.h>
| #else
| # ifdef HAVE_STDLIB_H
| #  include <stdlib.h>
| # endif
| #endif
| #ifdef HAVE_STRING_H
| # if !defined STDC_HEADERS && defined HAVE_MEMORY_H
| #  include <memory.h>
| # endif
| # include <string.h>
| #endif
| #ifdef HAVE_STRINGS_H
| # include <strings.h>
| #endif
| #ifdef HAVE_INTTYPES_H
| # include <inttypes.h>
| #endif
| #ifdef HAVE_STDINT_H
| # include <stdint.h>
| #endif
| #ifdef HAVE_UNISTD_H
| # include <unistd.h>
| #endif
| #include <log4cxx/logger.h>
configure:19836: result: no
configure:19840: checking log4cxx/logger.h presence
configure:19855: g++ -E  conftest.cpp
conftest.cpp:37:28: error: log4cxx/logger.h: No such file or directory
configure:19861: $? = 1
configure: failed program was:
| /* confdefs.h.  */
| #define PACKAGE_NAME ""
| #define PACKAGE_TARNAME ""
| #define PACKAGE_VERSION ""
| #define PACKAGE_STRING ""
| #define PACKAGE_BUGREPORT ""
| #define PACKAGE "LinceUtil"
| #define VERSION "1.0"
| #define STDC_HEADERS 1
| #define HAVE_SYS_TYPES_H 1
| #define HAVE_SYS_STAT_H 1
| #define HAVE_STDLIB_H 1
| #define HAVE_STRING_H 1
| #define HAVE_MEMORY_H 1
| #define HAVE_STRINGS_H 1
| #define HAVE_INTTYPES_H 1
| #define HAVE_STDINT_H 1
| #define HAVE_UNISTD_H 1
| #define _FILE_OFFSET_BITS 64
| #define _LARGEFILE_SOURCE 1
| #define _LARGE_FILE_SOURCE 1
| #define _LARGEFILE64_SOURCE 1
| #define __USE_LARGEFILE64 1
| #define MAX_BUFFER 4*1024*1024
| #define HAVE_DLFCN_H 1
| #define STDC_HEADERS 1
| #define HAVE_ARPA_INET_H 1
| #define HAVE_NET_IF_H 1
| #define HAVE_SYS_SOCKET_H 1
| #define HAVE_SYS_IOCTL_H 1
| #define HAVE_TIME_H 1
| #define HAVE_STDIO_H 1
| #define HAVE_DIRENT_H 1
| #define HAVE_FCNTL_H 1
| #define HAVE_CTYPE_H 1
| /* end confdefs.h.  */
| #include <log4cxx/logger.h>
configure:19875: result: no
configure:19903: checking for log4cxx/logger.h
configure:19911: result: no
configure:20004: checking for an ANSI C-conforming const
configure:20079: g++ -c -fPIC -g -O2  conftest.cpp >&5
configure:20085: $? = 0
configure:20100: result: yes
configure:20110: checking for inline
configure:20136: g++ -c -fPIC -g -O2  conftest.cpp >&5
configure:20142: $? = 0
configure:20160: result: inline
configure:20179: checking whether struct tm is in sys/time.h or time.h
configure:20209: g++ -c -fPIC -g -O2  conftest.cpp >&5
configure:20215: $? = 0
configure:20230: result: time.h
configure:20249: checking for socket
configure:20305: g++ -o conftest -fPIC -g -O2   conftest.cpp  >&5
configure:20311: $? = 0
configure:20329: result: yes
configure:20343: checking for inet_ntop
configure:20399: g++ -o conftest -fPIC -g -O2   conftest.cpp  >&5
configure:20405: $? = 0
configure:20423: result: yes
configure:20437: checking for inet_pton
configure:20493: g++ -o conftest -fPIC -g -O2   conftest.cpp  >&5
configure:20499: $? = 0
configure:20517: result: yes
configure:20547: checking sstream usability
configure:20564: g++ -c -fPIC -g -O2  conftest.cpp >&5
configure:20570: $? = 0
configure:20584: result: yes
configure:20588: checking sstream presence
configure:20603: g++ -E  conftest.cpp
configure:20609: $? = 0
configure:20623: result: yes
configure:20651: checking for sstream
configure:20659: result: yes
configure:20807: creating ./config.status

## ---------------------- ##
## Running config.status. ##
## ---------------------- ##

This file was extended by config.status, which was
generated by GNU Autoconf 2.61.  Invocation command line was

  CONFIG_FILES    = 
  CONFIG_HEADERS  = 
  CONFIG_LINKS    = 
  CONFIG_COMMANDS = 
  $ ./config.status 

on gingavm.telemidia.puc-rio.br

config.status:668: creating Makefile
config.status:668: creating bin/Makefile
config.status:668: creating test/Makefile
config.status:668: creating utilconfig.h
config.status:915: utilconfig.h is unchanged
config.status:961: executing depfiles commands

## ---------------- ##
## Cache variables. ##
## ---------------- ##

ac_cv_build=i686-pc-linux-gnu
ac_cv_c_compiler_gnu=yes
ac_cv_c_const=yes
ac_cv_c_inline=inline
ac_cv_cxx_compiler_gnu=yes
ac_cv_env_CCC_set=
ac_cv_env_CCC_value=
ac_cv_env_CC_set=
ac_cv_env_CC_value=
ac_cv_env_CFLAGS_set=
ac_cv_env_CFLAGS_value=
ac_cv_env_CPPFLAGS_set=
ac_cv_env_CPPFLAGS_value=
ac_cv_env_CPP_set=
ac_cv_env_CPP_value=
ac_cv_env_CXXCPP_set=
ac_cv_env_CXXCPP_value=
ac_cv_env_CXXFLAGS_set=
ac_cv_env_CXXFLAGS_value=
ac_cv_env_CXX_set=
ac_cv_env_CXX_value=
ac_cv_env_F77_set=
ac_cv_env_F77_value=
ac_cv_env_FFLAGS_set=
ac_cv_env_FFLAGS_value=
ac_cv_env_LDFLAGS_set=
ac_cv_env_LDFLAGS_value=
ac_cv_env_LIBS_set=
ac_cv_env_LIBS_value=
ac_cv_env_build_alias_set=
ac_cv_env_build_alias_value=
ac_cv_env_host_alias_set=
ac_cv_env_host_alias_value=
ac_cv_env_target_alias_set=
ac_cv_env_target_alias_value=
ac_cv_f77_compiler_gnu=no
ac_cv_func_inet_ntop=yes
ac_cv_func_inet_pton=yes
ac_cv_func_socket=yes
ac_cv_header_arpa_inet_h=yes
ac_cv_header_ctype_h=yes
ac_cv_header_dirent_h=yes
ac_cv_header_dlfcn_h=yes
ac_cv_header_fcntl_h=yes
ac_cv_header_inttypes_h=yes
ac_cv_header_log4cxx_logger_h=no
ac_cv_header_memory_h=yes
ac_cv_header_net_if_h=yes
ac_cv_header_sstream=yes
ac_cv_header_stdc=yes
ac_cv_header_stdint_h=yes
ac_cv_header_stdio_h=yes
ac_cv_header_stdlib_h=yes
ac_cv_header_string_h=yes
ac_cv_header_strings_h=yes
ac_cv_header_sys_ioctl_h=yes
ac_cv_header_sys_socket_h=yes
ac_cv_header_sys_stat_h=yes
ac_cv_header_sys_types_h=yes
ac_cv_header_time_h=yes
ac_cv_header_unistd_h=yes
ac_cv_host=i686-pc-linux-gnu
ac_cv_objext=o
ac_cv_path_EGREP='/bin/grep -E'
ac_cv_path_GREP=/bin/grep
ac_cv_path_install='/usr/bin/install -c'
ac_cv_path_mkdir=/bin/mkdir
ac_cv_prog_AWK=gawk
ac_cv_prog_CPP='gcc -E'
ac_cv_prog_CXXCPP='g++ -E'
ac_cv_prog_ac_ct_AR=ar
ac_cv_prog_ac_ct_CC=gcc
ac_cv_prog_ac_ct_CXX=g++
ac_cv_prog_ac_ct_RANLIB=ranlib
ac_cv_prog_ac_ct_STRIP=strip
ac_cv_prog_cc_c89=
ac_cv_prog_cc_g=yes
ac_cv_prog_cxx_g=yes
ac_cv_prog_f77_g=no
ac_cv_prog_make_make_set=yes
ac_cv_struct_tm=time.h
ac_cv_type_off_t=yes
ac_cv_type_size_t=yes
am_cv_CC_dependencies_compiler_type=gcc3
am_cv_CXX_dependencies_compiler_type=gcc3
lt_cv_deplibs_check_method=pass_all
lt_cv_file_magic_cmd='$MAGIC_CMD'
lt_cv_file_magic_test_file=
lt_cv_ld_reload_flag=-r
lt_cv_objdir=.libs
lt_cv_path_LD=/usr/bin/ld
lt_cv_path_LDCXX=/usr/bin/ld
lt_cv_path_NM='/usr/bin/nm -B'
lt_cv_path_SED=/bin/sed
lt_cv_prog_compiler_c_o=yes
lt_cv_prog_compiler_c_o_CXX=yes
lt_cv_prog_compiler_rtti_exceptions=no
lt_cv_prog_gnu_ld=yes
lt_cv_prog_gnu_ldcxx=yes
lt_cv_sys_global_symbol_pipe='sed -n -e '\''s/^.*[ 	]\([ABCDGIRSTW][ABCDGIRSTW]*\)[ 	][ 	]*\([_A-Za-z][_A-Za-z0-9]*\)$/\1 \2 \2/p'\'''
lt_cv_sys_global_symbol_to_c_name_address='sed -n -e '\''s/^: \([^ ]*\) $/  {\"\1\", (lt_ptr) 0},/p'\'' -e '\''s/^[BCDEGRST] \([^ ]*\) \([^ ]*\)$/  {"\2", (lt_ptr) \&\2},/p'\'''
lt_cv_sys_global_symbol_to_cdecl='sed -n -e '\''s/^. .* \(.*\)$/extern int \1;/p'\'''
lt_cv_sys_max_cmd_len=32768
lt_lt_cv_prog_compiler_c_o='"yes"'
lt_lt_cv_prog_compiler_c_o_CXX='"yes"'
lt_lt_cv_sys_global_symbol_pipe='"sed -n -e '\''s/^.*[ 	]\\([ABCDGIRSTW][ABCDGIRSTW]*\\)[ 	][ 	]*\\([_A-Za-z][_A-Za-z0-9]*\\)\$/\\1 \\2 \\2/p'\''"'
lt_lt_cv_sys_global_symbol_to_c_name_address='"sed -n -e '\''s/^: \\([^ ]*\\) \$/  {\\\"\\1\\\", (lt_ptr) 0},/p'\'' -e '\''s/^[BCDEGRST] \\([^ ]*\\) \\([^ ]*\\)\$/  {\"\\2\", (lt_ptr) \\&\\2},/p'\''"'
lt_lt_cv_sys_global_symbol_to_cdecl='"sed -n -e '\''s/^. .* \\(.*\\)\$/extern int \\1;/p'\''"'

## ----------------- ##
## Output variables. ##
## ----------------- ##

ACLOCAL='${SHELL} /usr/src/gingaUFSCAR/LinceUtil/missing --run aclocal-1.10'
AMDEPBACKSLASH='\'
AMDEP_FALSE='#'
AMDEP_TRUE=''
AMTAR='${SHELL} /usr/src/gingaUFSCAR/LinceUtil/missing --run tar'
AR='ar'
AUTOCONF='${SHELL} /usr/src/gingaUFSCAR/LinceUtil/missing --run autoconf'
AUTOHEADER='${SHELL} /usr/src/gingaUFSCAR/LinceUtil/missing --run autoheader'
AUTOMAKE='${SHELL} /usr/src/gingaUFSCAR/LinceUtil/missing --run automake-1.10'
AWK='gawk'
CC='gcc'
CCDEPMODE='depmode=gcc3'
CFLAGS='-fPIC -g -O2'
CPP='gcc -E'
CPPFLAGS=''
CXX='g++'
CXXCPP='g++ -E'
CXXDEPMODE='depmode=gcc3'
CXXFLAGS='-fPIC -g -O2'
CYGPATH_W='echo'
DEFS='-DHAVE_CONFIG_H'
DEPDIR='.deps'
ECHO='echo'
ECHO_C=''
ECHO_N='-n'
ECHO_T=''
EGREP='/bin/grep -E'
EXEEXT=''
F77=''
FFLAGS=''
GREP='/bin/grep'
INSTALL_DATA='${INSTALL} -m 644'
INSTALL_PROGRAM='${INSTALL}'
INSTALL_SCRIPT='${INSTALL}'
INSTALL_STRIP_PROGRAM='$(install_sh) -c -s'
LDFLAGS=''
LIBOBJS=''
LIBS=''
LIBTOOL='$(SHELL) $(top_builddir)/libtool'
LN_S='ln -s'
LTLIBOBJS=''
MAINT='#'
MAINTAINER_MODE_FALSE=''
MAINTAINER_MODE_TRUE='#'
MAKEINFO='${SHELL} /usr/src/gingaUFSCAR/LinceUtil/missing --run makeinfo'
OBJEXT='o'
PACKAGE='LinceUtil'
PACKAGE_BUGREPORT=''
PACKAGE_NAME=''
PACKAGE_STRING=''
PACKAGE_TARNAME=''
PACKAGE_VERSION=''
PATH_SEPARATOR=':'
RANLIB='ranlib'
SED='/bin/sed'
SET_MAKE=''
SHELL='/bin/sh'
STRIP='strip'
UTIL_LIBS=' '
VERSION='1.0'
ac_ct_CC='gcc'
ac_ct_CXX='g++'
ac_ct_F77=''
am__fastdepCC_FALSE='#'
am__fastdepCC_TRUE=''
am__fastdepCXX_FALSE='#'
am__fastdepCXX_TRUE=''
am__include='include'
am__isrc=''
am__leading_dot='.'
am__quote=''
am__tar='${AMTAR} chof - "$$tardir"'
am__untar='${AMTAR} xf -'
bindir='${exec_prefix}/bin'
build='i686-pc-linux-gnu'
build_alias=''
build_cpu='i686'
build_os='linux-gnu'
build_vendor='pc'
datadir='${datarootdir}'
datarootdir='${prefix}/share'
docdir='${datarootdir}/doc/${PACKAGE}'
dvidir='${docdir}'
exec_prefix='${prefix}'
host='i686-pc-linux-gnu'
host_alias=''
host_cpu='i686'
host_os='linux-gnu'
host_vendor='pc'
htmldir='${docdir}'
includedir='${prefix}/include'
infodir='${datarootdir}/info'
install_sh='$(SHELL) /usr/src/gingaUFSCAR/LinceUtil/install-sh'
libdir='${exec_prefix}/lib'
libexecdir='${exec_prefix}/libexec'
localedir='${datarootdir}/locale'
localstatedir='${prefix}/var'
mandir='${datarootdir}/man'
mkdir_p='/bin/mkdir -p'
oldincludedir='/usr/include'
pdfdir='${docdir}'
prefix='/usr/local'
program_transform_name='s,x,x,'
psdir='${docdir}'
sbindir='${exec_prefix}/sbin'
sharedstatedir='${prefix}/com'
sysconfdir='${prefix}/etc'
target_alias=''

## ----------- ##
## confdefs.h. ##
## ----------- ##

#define PACKAGE_NAME ""
#define PACKAGE_TARNAME ""
#define PACKAGE_VERSION ""
#define PACKAGE_STRING ""
#define PACKAGE_BUGREPORT ""
#define PACKAGE "LinceUtil"
#define VERSION "1.0"
#define STDC_HEADERS 1
#define HAVE_SYS_TYPES_H 1
#define HAVE_SYS_STAT_H 1
#define HAVE_STDLIB_H 1
#define HAVE_STRING_H 1
#define HAVE_MEMORY_H 1
#define HAVE_STRINGS_H 1
#define HAVE_INTTYPES_H 1
#define HAVE_STDINT_H 1
#define HAVE_UNISTD_H 1
#define _FILE_OFFSET_BITS 64
#define _LARGEFILE_SOURCE 1
#define _LARGE_FILE_SOURCE 1
#define _LARGEFILE64_SOURCE 1
#define __USE_LARGEFILE64 1
#define MAX_BUFFER 4*1024*1024
#define HAVE_DLFCN_H 1
#define STDC_HEADERS 1
#define HAVE_ARPA_INET_H 1
#define HAVE_NET_IF_H 1
#define HAVE_SYS_SOCKET_H 1
#define HAVE_SYS_IOCTL_H 1
#define HAVE_TIME_H 1
#define HAVE_STDIO_H 1
#define HAVE_DIRENT_H 1
#define HAVE_FCNTL_H 1
#define HAVE_CTYPE_H 1
#define HAVE_SOCKET 1
#define HAVE_INET_NTOP 1
#define HAVE_INET_PTON 1
#define HAVE_SSTREAM 1

configure: exit 0
