This file contains any messages produced by compilers while
running configure, to aid debugging if configure makes a mistake.

It was created by configure, which was
generated by GNU Autoconf 2.61.  Invocation command line was

  $ ./configure 

## --------- ##
## Platform. ##
## --------- ##

hostname = gingavm.telemidia.puc-rio.br
uname -m = i686
uname -r = 2.6.23.17-88.fc7
uname -s = Linux
uname -v = #1 SMP Thu May 15 00:35:10 EDT 2008

/usr/bin/uname -p = unknown
/bin/uname -X     = unknown

/bin/arch              = i686
/usr/bin/arch -k       = unknown
/usr/convex/getsysinfo = unknown
/usr/bin/hostinfo      = unknown
/bin/machine           = unknown
/usr/bin/oslevel       = unknown
/bin/universe          = unknown

PATH: /usr/kerberos/sbin
PATH: /usr/kerberos/bin
PATH: /usr/local/sbin
PATH: /usr/local/bin
PATH: /sbin
PATH: /bin
PATH: /usr/sbin
PATH: /usr/bin
PATH: /root/bin


## ----------- ##
## Core tests. ##
## ----------- ##

configure:1975: checking for a BSD-compatible install
configure:2031: result: /usr/bin/install -c
configure:2042: checking whether build environment is sane
configure:2085: result: yes
configure:2113: checking for a thread-safe mkdir -p
configure:2152: result: /bin/mkdir -p
configure:2165: checking for gawk
configure:2181: found /bin/gawk
configure:2192: result: gawk
configure:2203: checking whether make sets $(MAKE)
configure:2224: result: yes
configure:2477: checking for g++
configure:2493: found /usr/bin/g++
configure:2504: result: g++
configure:2535: checking for C++ compiler version
configure:2542: g++ --version >&5
g++ (GCC) 4.1.2 20070925 (Red Hat 4.1.2-27)
Copyright (C) 2006 Free Software Foundation, Inc.
This is free software; see the source for copying conditions.  There is NO
warranty; not even for MERCHANTABILITY or FITNESS FOR A PARTICULAR PURPOSE.

configure:2545: $? = 0
configure:2552: g++ -v >&5
Using built-in specs.
Target: i386-redhat-linux
Configured with: ../configure --prefix=/usr --mandir=/usr/share/man --infodir=/usr/share/info --enable-shared --enable-threads=posix --enable-checking=release --with-system-zlib --enable-__cxa_atexit --disable-libunwind-exceptions --enable-languages=c,c++,objc,obj-c++,java,fortran,ada --enable-java-awt=gtk --disable-dssi --enable-plugin --with-java-home=/usr/lib/jvm/java-1.5.0-gcj-1.5.0.0/jre --enable-libgcj-multifile --enable-java-maintainer-mode --with-ecj-jar=/usr/share/java/eclipse-ecj.jar --with-cpu=generic --host=i386-redhat-linux
Thread model: posix
gcc version 4.1.2 20070925 (Red Hat 4.1.2-27)
configure:2555: $? = 0
configure:2562: g++ -V >&5
g++: '-V' option must have argument
configure:2565: $? = 1
configure:2588: checking for C++ compiler default output file name
configure:2615: g++    conftest.cpp  >&5
configure:2618: $? = 0
configure:2656: result: a.out
configure:2673: checking whether the C++ compiler works
configure:2683: ./a.out
configure:2686: $? = 0
configure:2703: result: yes
configure:2710: checking whether we are cross compiling
configure:2712: result: no
configure:2715: checking for suffix of executables
configure:2722: g++ -o conftest    conftest.cpp  >&5
configure:2725: $? = 0
configure:2749: result: 
configure:2755: checking for suffix of object files
configure:2781: g++ -c   conftest.cpp >&5
configure:2784: $? = 0
configure:2807: result: o
configure:2811: checking whether we are using the GNU C++ compiler
configure:2840: g++ -c   conftest.cpp >&5
configure:2846: $? = 0
configure:2863: result: yes
configure:2868: checking whether g++ accepts -g
configure:2898: g++ -c -g  conftest.cpp >&5
configure:2904: $? = 0
configure:3003: result: yes
configure:3037: checking for style of include used by make
configure:3065: result: GNU
configure:3090: checking dependency style of g++
configure:3181: result: gcc3
configure:3274: checking build system type
configure:3292: result: i686-pc-linux-gnu
configure:3314: checking host system type
configure:3329: result: i686-pc-linux-gnu
configure:3399: checking for gcc
configure:3415: found /usr/bin/gcc
configure:3426: result: gcc
configure:3664: checking for C compiler version
configure:3671: gcc --version >&5
gcc (GCC) 4.1.2 20070925 (Red Hat 4.1.2-27)
Copyright (C) 2006 Free Software Foundation, Inc.
This is free software; see the source for copying conditions.  There is NO
warranty; not even for MERCHANTABILITY or FITNESS FOR A PARTICULAR PURPOSE.

configure:3674: $? = 0
configure:3681: gcc -v >&5
Using built-in specs.
Target: i386-redhat-linux
Configured with: ../configure --prefix=/usr --mandir=/usr/share/man --infodir=/usr/share/info --enable-shared --enable-threads=posix --enable-checking=release --with-system-zlib --enable-__cxa_atexit --disable-libunwind-exceptions --enable-languages=c,c++,objc,obj-c++,java,fortran,ada --enable-java-awt=gtk --disable-dssi --enable-plugin --with-java-home=/usr/lib/jvm/java-1.5.0-gcj-1.5.0.0/jre --enable-libgcj-multifile --enable-java-maintainer-mode --with-ecj-jar=/usr/share/java/eclipse-ecj.jar --with-cpu=generic --host=i386-redhat-linux
Thread model: posix
gcc version 4.1.2 20070925 (Red Hat 4.1.2-27)
configure:3684: $? = 0
configure:3691: gcc -V >&5
gcc: '-V' option must have argument
configure:3694: $? = 1
configure:3697: checking whether we are using the GNU C compiler
configure:3726: gcc -c   conftest.c >&5
configure:3732: $? = 0
configure:3749: result: yes
configure:3754: checking whether gcc accepts -g
configure:3784: gcc -c -g  conftest.c >&5
configure:3790: $? = 0
configure:3889: result: yes
configure:3906: checking for gcc option to accept ISO C89
configure:3980: gcc  -c -g -O2  conftest.c >&5
configure:3986: $? = 0
configure:4009: result: none needed
configure:4029: checking dependency style of gcc
configure:4120: result: gcc3
configure:4135: checking for a sed that does not truncate output
configure:4191: result: /bin/sed
configure:4194: checking for grep that handles long lines and -e
configure:4268: result: /bin/grep
configure:4273: checking for egrep
configure:4351: result: /bin/grep -E
configure:4367: checking for ld used by gcc
configure:4434: result: /usr/bin/ld
configure:4443: checking if the linker (/usr/bin/ld) is GNU ld
configure:4458: result: yes
configure:4463: checking for /usr/bin/ld option to reload object files
configure:4470: result: -r
configure:4488: checking for BSD-compatible nm
configure:4537: result: /usr/bin/nm -B
configure:4541: checking whether ln -s works
configure:4545: result: yes
configure:4552: checking how to recognise dependent libraries
configure:4728: result: pass_all
configure:4962: checking how to run the C preprocessor
configure:5002: gcc -E  conftest.c
configure:5008: $? = 0
configure:5039: gcc -E  conftest.c
conftest.c:10:28: error: ac_nonexistent.h: No such file or directory
configure:5045: $? = 1
configure: failed program was:
| /* confdefs.h.  */
| #define PACKAGE_NAME ""
| #define PACKAGE_TARNAME ""
| #define PACKAGE_VERSION ""
| #define PACKAGE_STRING ""
| #define PACKAGE_BUGREPORT ""
| #define PACKAGE "gingacctuner"
| #define VERSION "0.11.2"
| /* end confdefs.h.  */
| #include <ac_nonexistent.h>
configure:5078: result: gcc -E
configure:5107: gcc -E  conftest.c
configure:5113: $? = 0
configure:5144: gcc -E  conftest.c
conftest.c:10:28: error: ac_nonexistent.h: No such file or directory
configure:5150: $? = 1
configure: failed program was:
| /* confdefs.h.  */
| #define PACKAGE_NAME ""
| #define PACKAGE_TARNAME ""
| #define PACKAGE_VERSION ""
| #define PACKAGE_STRING ""
| #define PACKAGE_BUGREPORT ""
| #define PACKAGE "gingacctuner"
| #define VERSION "0.11.2"
| /* end confdefs.h.  */
| #include <ac_nonexistent.h>
configure:5188: checking for ANSI C header files
configure:5218: gcc -c -g -O2  conftest.c >&5
configure:5224: $? = 0
configure:5323: gcc -o conftest -g -O2   conftest.c  >&5
configure:5326: $? = 0
configure:5332: ./conftest
configure:5335: $? = 0
configure:5352: result: yes
configure:5376: checking for sys/types.h
configure:5397: gcc -c -g -O2  conftest.c >&5
configure:5403: $? = 0
configure:5419: result: yes
configure:5376: checking for sys/stat.h
configure:5397: gcc -c -g -O2  conftest.c >&5
configure:5403: $? = 0
configure:5419: result: yes
configure:5376: checking for stdlib.h
configure:5397: gcc -c -g -O2  conftest.c >&5
configure:5403: $? = 0
configure:5419: result: yes
configure:5376: checking for string.h
configure:5397: gcc -c -g -O2  conftest.c >&5
configure:5403: $? = 0
configure:5419: result: yes
configure:5376: checking for memory.h
configure:5397: gcc -c -g -O2  conftest.c >&5
configure:5403: $? = 0
configure:5419: result: yes
configure:5376: checking for strings.h
configure:5397: gcc -c -g -O2  conftest.c >&5
configure:5403: $? = 0
configure:5419: result: yes
configure:5376: checking for inttypes.h
configure:5397: gcc -c -g -O2  conftest.c >&5
configure:5403: $? = 0
configure:5419: result: yes
configure:5376: checking for stdint.h
configure:5397: gcc -c -g -O2  conftest.c >&5
configure:5403: $? = 0
configure:5419: result: yes
configure:5376: checking for unistd.h
configure:5397: gcc -c -g -O2  conftest.c >&5
configure:5403: $? = 0
configure:5419: result: yes
configure:5446: checking dlfcn.h usability
configure:5463: gcc -c -g -O2  conftest.c >&5
configure:5469: $? = 0
configure:5483: result: yes
configure:5487: checking dlfcn.h presence
configure:5502: gcc -E  conftest.c
configure:5508: $? = 0
configure:5522: result: yes
configure:5550: checking for dlfcn.h
configure:5558: result: yes
configure:5581: checking how to run the C++ preprocessor
configure:5617: g++ -E  conftest.cpp
configure:5623: $? = 0
configure:5654: g++ -E  conftest.cpp
conftest.cpp:21:28: error: ac_nonexistent.h: No such file or directory
configure:5660: $? = 1
configure: failed program was:
| /* confdefs.h.  */
| #define PACKAGE_NAME ""
| #define PACKAGE_TARNAME ""
| #define PACKAGE_VERSION ""
| #define PACKAGE_STRING ""
| #define PACKAGE_BUGREPORT ""
| #define PACKAGE "gingacctuner"
| #define VERSION "0.11.2"
| #define STDC_HEADERS 1
| #define HAVE_SYS_TYPES_H 1
| #define HAVE_SYS_STAT_H 1
| #define HAVE_STDLIB_H 1
| #define HAVE_STRING_H 1
| #define HAVE_MEMORY_H 1
| #define HAVE_STRINGS_H 1
| #define HAVE_INTTYPES_H 1
| #define HAVE_STDINT_H 1
| #define HAVE_UNISTD_H 1
| #define HAVE_DLFCN_H 1
| /* end confdefs.h.  */
| #include <ac_nonexistent.h>
configure:5693: result: g++ -E
configure:5722: g++ -E  conftest.cpp
configure:5728: $? = 0
configure:5759: g++ -E  conftest.cpp
conftest.cpp:21:28: error: ac_nonexistent.h: No such file or directory
configure:5765: $? = 1
configure: failed program was:
| /* confdefs.h.  */
| #define PACKAGE_NAME ""
| #define PACKAGE_TARNAME ""
| #define PACKAGE_VERSION ""
| #define PACKAGE_STRING ""
| #define PACKAGE_BUGREPORT ""
| #define PACKAGE "gingacctuner"
| #define VERSION "0.11.2"
| #define STDC_HEADERS 1
| #define HAVE_SYS_TYPES_H 1
| #define HAVE_SYS_STAT_H 1
| #define HAVE_STDLIB_H 1
| #define HAVE_STRING_H 1
| #define HAVE_MEMORY_H 1
| #define HAVE_STRINGS_H 1
| #define HAVE_INTTYPES_H 1
| #define HAVE_STDINT_H 1
| #define HAVE_UNISTD_H 1
| #define HAVE_DLFCN_H 1
| /* end confdefs.h.  */
| #include <ac_nonexistent.h>
configure:5858: checking for g77
configure:5888: result: no
configure:5858: checking for xlf
configure:5888: result: no
configure:5858: checking for f77
configure:5888: result: no
configure:5858: checking for frt
configure:5888: result: no
configure:5858: checking for pgf77
configure:5888: result: no
configure:5858: checking for cf77
configure:5888: result: no
configure:5858: checking for fort77
configure:5888: result: no
configure:5858: checking for fl32
configure:5888: result: no
configure:5858: checking for af77
configure:5888: result: no
configure:5858: checking for xlf90
configure:5888: result: no
configure:5858: checking for f90
configure:5888: result: no
configure:5858: checking for pgf90
configure:5888: result: no
configure:5858: checking for pghpf
configure:5888: result: no
configure:5858: checking for epcf90
configure:5888: result: no
configure:5858: checking for gfortran
configure:5888: result: no
configure:5858: checking for g95
configure:5888: result: no
configure:5858: checking for xlf95
configure:5888: result: no
configure:5858: checking for f95
configure:5888: result: no
configure:5858: checking for fort
configure:5888: result: no
configure:5858: checking for ifort
configure:5888: result: no
configure:5858: checking for ifc
configure:5888: result: no
configure:5858: checking for efc
configure:5888: result: no
configure:5858: checking for pgf95
configure:5888: result: no
configure:5858: checking for lf95
configure:5888: result: no
configure:5858: checking for ftn
configure:5888: result: no
configure:5915: checking for Fortran 77 compiler version
configure:5922:  --version >&5
./configure: line 5923: --version: command not found
configure:5925: $? = 127
configure:5932:  -v >&5
./configure: line 5933: -v: command not found
configure:5935: $? = 127
configure:5942:  -V >&5
./configure: line 5943: -V: command not found
configure:5945: $? = 127
configure:5953: checking whether we are using the GNU Fortran 77 compiler
configure:5972:  -c  conftest.F >&5
./configure: line 5973: -c: command not found
configure:5978: $? = 127
configure: failed program was:
|       program main
| #ifndef __GNUC__
|        choke me
| #endif
| 
|       end
configure:5995: result: no
configure:6001: checking whether  accepts -g
configure:6018:  -c -g conftest.f >&5
./configure: line 6019: -c: command not found
configure:6024: $? = 127
configure: failed program was:
|       program main
| 
|       end
configure:6040: result: no
configure:6070: checking the maximum length of command line arguments
configure:6179: result: 32768
configure:6190: checking command to parse /usr/bin/nm -B output from gcc object
configure:6295: g++ -c -g -O2  conftest.cpp >&5
configure:6298: $? = 0
configure:6302: /usr/bin/nm -B conftest.o \| sed -n -e 's/^.*[ 	]\([ABCDGIRSTW][ABCDGIRSTW]*\)[ 	][ 	]*\([_A-Za-z][_A-Za-z0-9]*\)$/\1 \2 \2/p' \> conftest.nm
configure:6305: $? = 0
configure:6357: g++ -o conftest -g -O2   conftest.cpp conftstm.o >&5
configure:6360: $? = 0
configure:6398: result: ok
configure:6402: checking for objdir
configure:6417: result: .libs
configure:6509: checking for ar
configure:6525: found /usr/bin/ar
configure:6536: result: ar
configure:6605: checking for ranlib
configure:6621: found /usr/bin/ranlib
configure:6632: result: ranlib
configure:6701: checking for strip
configure:6717: found /usr/bin/strip
configure:6728: result: strip
configure:7014: checking if gcc supports -fno-rtti -fno-exceptions
configure:7032: gcc -c -g -O2  -fno-rtti -fno-exceptions conftest.c >&5
cc1: warning: command line option "-fno-rtti" is valid for C++/ObjC++ but not for C
configure:7036: $? = 0
configure:7049: result: no
configure:7064: checking for gcc option to produce PIC
configure:7274: result: -fPIC
configure:7282: checking if gcc PIC flag -fPIC works
configure:7300: gcc -c -g -O2  -fPIC -DPIC conftest.c >&5
configure:7304: $? = 0
configure:7317: result: yes
configure:7345: checking if gcc static flag -static works
configure:7373: result: yes
configure:7383: checking if gcc supports -c -o file.o
configure:7404: gcc -c -g -O2  -o out/conftest2.o conftest.c >&5
configure:7408: $? = 0
configure:7430: result: yes
configure:7456: checking whether the gcc linker (/usr/bin/ld) supports shared libraries
configure:8410: result: yes
configure:8431: checking whether -lc should be explicitly linked in
configure:8436: gcc -c -g -O2  conftest.c >&5
configure:8439: $? = 0
configure:8454: gcc -shared conftest.o  -v -Wl,-soname -Wl,conftest -o conftest 2\>\&1 \| grep  -lc  \>/dev/null 2\>\&1
configure:8457: $? = 0
configure:8469: result: no
configure:8477: checking dynamic linker characteristics
configure:9086: result: GNU/Linux ld.so
configure:9095: checking how to hardcode library paths into programs
configure:9120: result: immediate
configure:9134: checking whether stripping libraries is possible
configure:9139: result: yes
configure:9940: checking if libtool supports shared libraries
configure:9942: result: yes
configure:9945: checking whether to build shared libraries
configure:9966: result: yes
configure:9969: checking whether to build static libraries
configure:9973: result: yes
configure:10065: creating libtool
configure:10653: checking for ld used by g++
configure:10720: result: /usr/bin/ld
configure:10729: checking if the linker (/usr/bin/ld) is GNU ld
configure:10744: result: yes
configure:10795: checking whether the g++ linker (/usr/bin/ld) supports shared libraries
configure:11729: result: yes
configure:11747: g++ -c -g -O2  conftest.cpp >&5
configure:11750: $? = 0
configure:11869: checking for g++ option to produce PIC
configure:12143: result: -fPIC
configure:12151: checking if g++ PIC flag -fPIC works
configure:12169: g++ -c -g -O2  -fPIC -DPIC conftest.cpp >&5
configure:12173: $? = 0
configure:12186: result: yes
configure:12214: checking if g++ static flag -static works
configure:12242: result: yes
configure:12252: checking if g++ supports -c -o file.o
configure:12273: g++ -c -g -O2  -o out/conftest2.o conftest.cpp >&5
configure:12277: $? = 0
configure:12299: result: yes
configure:12325: checking whether the g++ linker (/usr/bin/ld) supports shared libraries
configure:12350: result: yes
configure:12417: checking dynamic linker characteristics
configure:13026: result: GNU/Linux ld.so
configure:13035: checking how to hardcode library paths into programs
configure:13060: result: immediate
configure:19278: checking util/functions.h usability
configure:19295: g++ -c -fPIC -g -O2 -I/usr/local/include/ginga/ -I/usr/local/include/ -I/usr/include/  conftest.cpp >&5
configure:19301: $? = 0
configure:19315: result: yes
configure:19319: checking util/functions.h presence
configure:19334: g++ -E -I/usr/local/include/ginga/ -I/usr/local/include/ -I/usr/include/  conftest.cpp
configure:19340: $? = 0
configure:19354: result: yes
configure:19382: checking for util/functions.h
configure:19389: result: yes
configure:19426: checking system/thread/Thread.h usability
configure:19443: g++ -c -fPIC -g -O2 -I/usr/local/include/ginga/ -I/usr/local/include/ -I/usr/include/  conftest.cpp >&5
configure:19449: $? = 0
configure:19463: result: yes
configure:19467: checking system/thread/Thread.h presence
configure:19482: g++ -E -I/usr/local/include/ginga/ -I/usr/local/include/ -I/usr/include/  conftest.cpp
configure:19488: $? = 0
configure:19502: result: yes
configure:19530: checking for system/thread/Thread.h
configure:19537: result: yes
configure:19570: checking for main in -ltelemidiautil
configure:19599: g++ -o conftest -fPIC -g -O2 -I/usr/local/include/ginga/ -I/usr/local/include/ -I/usr/include/  -L/usr/local/lib/ginga/ -L/usr/local/lib/ -L/usr/lib/  conftest.cpp -ltelemidiautil   >&5
configure:19605: $? = 0
configure:19623: result: yes
configure:19654: checking for main in -lgingaccsystemthread
configure:19683: g++ -o conftest -fPIC -g -O2 -I/usr/local/include/ginga/ -I/usr/local/include/ -I/usr/include/  -L/usr/local/lib/ginga/ -L/usr/local/lib/ -L/usr/lib/  conftest.cpp -lgingaccsystemthread  -ltelemidiautil  >&5
configure:19689: $? = 0
configure:19707: result: yes
configure:19749: checking linux/dvb/frontend.h usability
configure:19766: g++ -c -fPIC -g -O2 -I/usr/local/include/ginga/ -I/usr/local/include/ -I/usr/include/  conftest.cpp >&5
configure:19772: $? = 0
configure:19786: result: yes
configure:19790: checking linux/dvb/frontend.h presence
configure:19805: g++ -E -I/usr/local/include/ginga/ -I/usr/local/include/ -I/usr/include/  conftest.cpp
configure:19811: $? = 0
configure:19825: result: yes
configure:19853: checking for linux/dvb/frontend.h
configure:19860: result: yes
configure:19870: result: *** DVB V4L support will be built.
configure:19925: result: *** Component support will be built.
configure:20077: creating ./config.status

## ---------------------- ##
## Running config.status. ##
## ---------------------- ##

This file was extended by config.status, which was
generated by GNU Autoconf 2.61.  Invocation command line was

  CONFIG_FILES    = 
  CONFIG_HEADERS  = 
  CONFIG_LINKS    = 
  CONFIG_COMMANDS = 
  $ ./config.status 

on gingavm.telemidia.puc-rio.br

config.status:671: creating Makefile
config.status:671: creating files/Makefile
config.status:671: creating src/Makefile
config.status:671: creating include/Makefile
config.status:671: creating test/Makefile
config.status:671: creating config.h
config.status:902: config.h is unchanged
config.status:948: executing depfiles commands

## ---------------- ##
## Cache variables. ##
## ---------------- ##

ac_cv_build=i686-pc-linux-gnu
ac_cv_c_compiler_gnu=yes
ac_cv_cxx_compiler_gnu=yes
ac_cv_env_CCC_set=
ac_cv_env_CCC_value=
ac_cv_env_CC_set=
ac_cv_env_CC_value=
ac_cv_env_CFLAGS_set=
ac_cv_env_CFLAGS_value=
ac_cv_env_CPPFLAGS_set=
ac_cv_env_CPPFLAGS_value=
ac_cv_env_CPP_set=
ac_cv_env_CPP_value=
ac_cv_env_CXXCPP_set=
ac_cv_env_CXXCPP_value=
ac_cv_env_CXXFLAGS_set=
ac_cv_env_CXXFLAGS_value=
ac_cv_env_CXX_set=
ac_cv_env_CXX_value=
ac_cv_env_F77_set=
ac_cv_env_F77_value=
ac_cv_env_FFLAGS_set=
ac_cv_env_FFLAGS_value=
ac_cv_env_LDFLAGS_set=
ac_cv_env_LDFLAGS_value=
ac_cv_env_LIBS_set=
ac_cv_env_LIBS_value=
ac_cv_env_build_alias_set=
ac_cv_env_build_alias_value=
ac_cv_env_host_alias_set=
ac_cv_env_host_alias_value=
ac_cv_env_target_alias_set=
ac_cv_env_target_alias_value=
ac_cv_f77_compiler_gnu=no
ac_cv_header_dlfcn_h=yes
ac_cv_header_inttypes_h=yes
ac_cv_header_linux_dvb_frontend_h=yes
ac_cv_header_memory_h=yes
ac_cv_header_stdc=yes
ac_cv_header_stdint_h=yes
ac_cv_header_stdlib_h=yes
ac_cv_header_string_h=yes
ac_cv_header_strings_h=yes
ac_cv_header_sys_stat_h=yes
ac_cv_header_sys_types_h=yes
ac_cv_header_system_thread_Thread_h=yes
ac_cv_header_unistd_h=yes
ac_cv_header_util_functions_h=yes
ac_cv_host=i686-pc-linux-gnu
ac_cv_lib_gingaccsystemthread=ac_cv_lib_gingaccsystemthread_main
ac_cv_lib_gingaccsystemthread_main=yes
ac_cv_lib_telemidiautil=ac_cv_lib_telemidiautil_main
ac_cv_lib_telemidiautil_main=yes
ac_cv_objext=o
ac_cv_path_EGREP='/bin/grep -E'
ac_cv_path_GREP=/bin/grep
ac_cv_path_install='/usr/bin/install -c'
ac_cv_path_mkdir=/bin/mkdir
ac_cv_prog_AWK=gawk
ac_cv_prog_CPP='gcc -E'
ac_cv_prog_CXXCPP='g++ -E'
ac_cv_prog_ac_ct_AR=ar
ac_cv_prog_ac_ct_CC=gcc
ac_cv_prog_ac_ct_CXX=g++
ac_cv_prog_ac_ct_RANLIB=ranlib
ac_cv_prog_ac_ct_STRIP=strip
ac_cv_prog_cc_c89=
ac_cv_prog_cc_g=yes
ac_cv_prog_cxx_g=yes
ac_cv_prog_f77_g=no
ac_cv_prog_make_make_set=yes
am_cv_CC_dependencies_compiler_type=gcc3
am_cv_CXX_dependencies_compiler_type=gcc3
lt_cv_deplibs_check_method=pass_all
lt_cv_file_magic_cmd='$MAGIC_CMD'
lt_cv_file_magic_test_file=
lt_cv_ld_reload_flag=-r
lt_cv_objdir=.libs
lt_cv_path_LD=/usr/bin/ld
lt_cv_path_LDCXX=/usr/bin/ld
lt_cv_path_NM='/usr/bin/nm -B'
lt_cv_path_SED=/bin/sed
lt_cv_prog_compiler_c_o=yes
lt_cv_prog_compiler_c_o_CXX=yes
lt_cv_prog_compiler_rtti_exceptions=no
lt_cv_prog_gnu_ld=yes
lt_cv_prog_gnu_ldcxx=yes
lt_cv_sys_global_symbol_pipe='sed -n -e '\''s/^.*[ 	]\([ABCDGIRSTW][ABCDGIRSTW]*\)[ 	][ 	]*\([_A-Za-z][_A-Za-z0-9]*\)$/\1 \2 \2/p'\'''
lt_cv_sys_global_symbol_to_c_name_address='sed -n -e '\''s/^: \([^ ]*\) $/  {\"\1\", (lt_ptr) 0},/p'\'' -e '\''s/^[BCDEGRST] \([^ ]*\) \([^ ]*\)$/  {"\2", (lt_ptr) \&\2},/p'\'''
lt_cv_sys_global_symbol_to_cdecl='sed -n -e '\''s/^. .* \(.*\)$/extern int \1;/p'\'''
lt_cv_sys_max_cmd_len=32768
lt_lt_cv_prog_compiler_c_o='"yes"'
lt_lt_cv_prog_compiler_c_o_CXX='"yes"'
lt_lt_cv_sys_global_symbol_pipe='"sed -n -e '\''s/^.*[ 	]\\([ABCDGIRSTW][ABCDGIRSTW]*\\)[ 	][ 	]*\\([_A-Za-z][_A-Za-z0-9]*\\)\$/\\1 \\2 \\2/p'\''"'
lt_lt_cv_sys_global_symbol_to_c_name_address='"sed -n -e '\''s/^: \\([^ ]*\\) \$/  {\\\"\\1\\\", (lt_ptr) 0},/p'\'' -e '\''s/^[BCDEGRST] \\([^ ]*\\) \\([^ ]*\\)\$/  {\"\\2\", (lt_ptr) \\&\\2},/p'\''"'
lt_lt_cv_sys_global_symbol_to_cdecl='"sed -n -e '\''s/^. .* \\(.*\\)\$/extern int \\1;/p'\''"'

## ----------------- ##
## Output variables. ##
## ----------------- ##

ACLOCAL='${SHELL} /usr/src/gingaUFSCAR/gingacc-cpp/gingacc-tuner/missing --run aclocal-1.10'
AMDEPBACKSLASH='\'
AMDEP_FALSE='#'
AMDEP_TRUE=''
AMTAR='${SHELL} /usr/src/gingaUFSCAR/gingacc-cpp/gingacc-tuner/missing --run tar'
AR='ar'
AUTOCONF='${SHELL} /usr/src/gingaUFSCAR/gingacc-cpp/gingacc-tuner/missing --run autoconf'
AUTOHEADER='${SHELL} /usr/src/gingaUFSCAR/gingacc-cpp/gingacc-tuner/missing --run autoheader'
AUTOMAKE='${SHELL} /usr/src/gingaUFSCAR/gingacc-cpp/gingacc-tuner/missing --run automake-1.10'
AWK='gawk'
CC='gcc'
CCDEPMODE='depmode=gcc3'
CFLAGS='-fPIC -g -O2'
COMPONENTS_FALSE=''
COMPONENTS_LIBS='-ldl -L/usr/local/lib/ -L/usr/local/lib/ginga/'
COMPONENTS_TRUE='#'
CPP='gcc -E'
CPPFLAGS='-I/usr/local/include/ginga/ -I/usr/local/include/ -I/usr/include/ '
CXX='g++'
CXXCPP='g++ -E'
CXXDEPMODE='depmode=gcc3'
CXXFLAGS='-fPIC -g -O2'
CYGPATH_W='echo'
DEFS='-DHAVE_CONFIG_H'
DEPDIR='.deps'
ECHO='echo'
ECHO_C=''
ECHO_N='-n'
ECHO_T=''
EGREP='/bin/grep -E'
EXEEXT=''
F77=''
FFLAGS=''
GREP='/bin/grep'
HASFRONTEND_FALSE=''
HASFRONTEND_TRUE='#'
INSTALL_DATA='${INSTALL} -m 644'
INSTALL_PROGRAM='${INSTALL}'
INSTALL_SCRIPT='${INSTALL}'
INSTALL_STRIP_PROGRAM='$(install_sh) -c -s'
LDFLAGS='-L/usr/local/lib/ginga/ -L/usr/local/lib/ -L/usr/lib/ '
LIBOBJS=''
LIBS='-lgingaccsystemthread -ltelemidiautil '
LIBTOOL='$(SHELL) $(top_builddir)/libtool'
LN_S='ln -s'
LTLIBOBJS=''
MAKEINFO='${SHELL} /usr/src/gingaUFSCAR/gingacc-cpp/gingacc-tuner/missing --run makeinfo'
OBJEXT='o'
PACKAGE='gingacctuner'
PACKAGE_BUGREPORT=''
PACKAGE_NAME=''
PACKAGE_STRING=''
PACKAGE_TARNAME=''
PACKAGE_VERSION=''
PATH_SEPARATOR=':'
RANLIB='ranlib'
SED='/bin/sed'
SET_MAKE=''
SHELL='/bin/sh'
STRIP='strip'
VERSION='0.11.2'
ac_ct_CC='gcc'
ac_ct_CXX='g++'
ac_ct_F77=''
am__fastdepCC_FALSE='#'
am__fastdepCC_TRUE=''
am__fastdepCXX_FALSE='#'
am__fastdepCXX_TRUE=''
am__include='include'
am__isrc=''
am__leading_dot='.'
am__quote=''
am__tar='${AMTAR} chof - "$$tardir"'
am__untar='${AMTAR} xf -'
bindir='${exec_prefix}/bin'
build='i686-pc-linux-gnu'
build_alias=''
build_cpu='i686'
build_os='linux-gnu'
build_vendor='pc'
datadir='${datarootdir}'
datarootdir='${prefix}/share'
docdir='${datarootdir}/doc/${PACKAGE}'
dvidir='${docdir}'
exec_prefix='${prefix}'
host='i686-pc-linux-gnu'
host_alias=''
host_cpu='i686'
host_os='linux-gnu'
host_vendor='pc'
htmldir='${docdir}'
includedir='${prefix}/include'
infodir='${datarootdir}/info'
install_sh='$(SHELL) /usr/src/gingaUFSCAR/gingacc-cpp/gingacc-tuner/install-sh'
libdir='${exec_prefix}/lib'
libexecdir='${exec_prefix}/libexec'
localedir='${datarootdir}/locale'
localstatedir='${prefix}/var'
mandir='${datarootdir}/man'
mkdir_p='/bin/mkdir -p'
oldincludedir='/usr/include'
pdfdir='${docdir}'
prefix='/usr/local'
program_transform_name='s,x,x,'
psdir='${docdir}'
sbindir='${exec_prefix}/sbin'
sharedstatedir='${prefix}/com'
sysconfdir='${prefix}/etc'
target_alias=''

## ----------- ##
## confdefs.h. ##
## ----------- ##

#define PACKAGE_NAME ""
#define PACKAGE_TARNAME ""
#define PACKAGE_VERSION ""
#define PACKAGE_STRING ""
#define PACKAGE_BUGREPORT ""
#define PACKAGE "gingacctuner"
#define VERSION "0.11.2"
#define STDC_HEADERS 1
#define HAVE_SYS_TYPES_H 1
#define HAVE_SYS_STAT_H 1
#define HAVE_STDLIB_H 1
#define HAVE_STRING_H 1
#define HAVE_MEMORY_H 1
#define HAVE_STRINGS_H 1
#define HAVE_INTTYPES_H 1
#define HAVE_STDINT_H 1
#define HAVE_UNISTD_H 1
#define HAVE_DLFCN_H 1
#define HAVE_LIBTELEMIDIAUTIL 1
#define HAVE_LIBGINGACCSYSTEMTHREAD 1
#define HAVE_DVBV4L 1
#define HAVE_COMPSUPPORT 1

configure: exit 0
