This file contains any messages produced by compilers while
running configure, to aid debugging if configure makes a mistake.

It was created by configure, which was
generated by GNU Autoconf 2.61.  Invocation command line was

  $ ./configure 

## --------- ##
## Platform. ##
## --------- ##

hostname = gingavm.telemidia.puc-rio.br
uname -m = i686
uname -r = 2.6.23.17-88.fc7
uname -s = Linux
uname -v = #1 SMP Thu May 15 00:35:10 EDT 2008

/usr/bin/uname -p = unknown
/bin/uname -X     = unknown

/bin/arch              = i686
/usr/bin/arch -k       = unknown
/usr/convex/getsysinfo = unknown
/usr/bin/hostinfo      = unknown
/bin/machine           = unknown
/usr/bin/oslevel       = unknown
/bin/universe          = unknown

PATH: /usr/kerberos/sbin
PATH: /usr/kerberos/bin
PATH: /usr/local/sbin
PATH: /usr/local/bin
PATH: /sbin
PATH: /bin
PATH: /usr/sbin
PATH: /usr/bin
PATH: /root/bin


## ----------- ##
## Core tests. ##
## ----------- ##

configure:1973: checking for a BSD-compatible install
configure:2029: result: /usr/bin/install -c
configure:2040: checking whether build environment is sane
configure:2083: result: yes
configure:2111: checking for a thread-safe mkdir -p
configure:2150: result: /bin/mkdir -p
configure:2163: checking for gawk
configure:2179: found /bin/gawk
configure:2190: result: gawk
configure:2201: checking whether make sets $(MAKE)
configure:2222: result: yes
configure:2475: checking for g++
configure:2491: found /usr/bin/g++
configure:2502: result: g++
configure:2533: checking for C++ compiler version
configure:2540: g++ --version >&5
g++ (GCC) 4.1.2 20070925 (Red Hat 4.1.2-27)
Copyright (C) 2006 Free Software Foundation, Inc.
This is free software; see the source for copying conditions.  There is NO
warranty; not even for MERCHANTABILITY or FITNESS FOR A PARTICULAR PURPOSE.

configure:2543: $? = 0
configure:2550: g++ -v >&5
Using built-in specs.
Target: i386-redhat-linux
Configured with: ../configure --prefix=/usr --mandir=/usr/share/man --infodir=/usr/share/info --enable-shared --enable-threads=posix --enable-checking=release --with-system-zlib --enable-__cxa_atexit --disable-libunwind-exceptions --enable-languages=c,c++,objc,obj-c++,java,fortran,ada --enable-java-awt=gtk --disable-dssi --enable-plugin --with-java-home=/usr/lib/jvm/java-1.5.0-gcj-1.5.0.0/jre --enable-libgcj-multifile --enable-java-maintainer-mode --with-ecj-jar=/usr/share/java/eclipse-ecj.jar --with-cpu=generic --host=i386-redhat-linux
Thread model: posix
gcc version 4.1.2 20070925 (Red Hat 4.1.2-27)
configure:2553: $? = 0
configure:2560: g++ -V >&5
g++: '-V' option must have argument
configure:2563: $? = 1
configure:2586: checking for C++ compiler default output file name
configure:2613: g++    conftest.cpp  >&5
configure:2616: $? = 0
configure:2654: result: a.out
configure:2671: checking whether the C++ compiler works
configure:2681: ./a.out
configure:2684: $? = 0
configure:2701: result: yes
configure:2708: checking whether we are cross compiling
configure:2710: result: no
configure:2713: checking for suffix of executables
configure:2720: g++ -o conftest    conftest.cpp  >&5
configure:2723: $? = 0
configure:2747: result: 
configure:2753: checking for suffix of object files
configure:2779: g++ -c   conftest.cpp >&5
configure:2782: $? = 0
configure:2805: result: o
configure:2809: checking whether we are using the GNU C++ compiler
configure:2838: g++ -c   conftest.cpp >&5
configure:2844: $? = 0
configure:2861: result: yes
configure:2866: checking whether g++ accepts -g
configure:2896: g++ -c -g  conftest.cpp >&5
configure:2902: $? = 0
configure:3001: result: yes
configure:3035: checking for style of include used by make
configure:3063: result: GNU
configure:3088: checking dependency style of g++
configure:3179: result: gcc3
configure:3272: checking build system type
configure:3290: result: i686-pc-linux-gnu
configure:3312: checking host system type
configure:3327: result: i686-pc-linux-gnu
configure:3397: checking for gcc
configure:3413: found /usr/bin/gcc
configure:3424: result: gcc
configure:3662: checking for C compiler version
configure:3669: gcc --version >&5
gcc (GCC) 4.1.2 20070925 (Red Hat 4.1.2-27)
Copyright (C) 2006 Free Software Foundation, Inc.
This is free software; see the source for copying conditions.  There is NO
warranty; not even for MERCHANTABILITY or FITNESS FOR A PARTICULAR PURPOSE.

configure:3672: $? = 0
configure:3679: gcc -v >&5
Using built-in specs.
Target: i386-redhat-linux
Configured with: ../configure --prefix=/usr --mandir=/usr/share/man --infodir=/usr/share/info --enable-shared --enable-threads=posix --enable-checking=release --with-system-zlib --enable-__cxa_atexit --disable-libunwind-exceptions --enable-languages=c,c++,objc,obj-c++,java,fortran,ada --enable-java-awt=gtk --disable-dssi --enable-plugin --with-java-home=/usr/lib/jvm/java-1.5.0-gcj-1.5.0.0/jre --enable-libgcj-multifile --enable-java-maintainer-mode --with-ecj-jar=/usr/share/java/eclipse-ecj.jar --with-cpu=generic --host=i386-redhat-linux
Thread model: posix
gcc version 4.1.2 20070925 (Red Hat 4.1.2-27)
configure:3682: $? = 0
configure:3689: gcc -V >&5
gcc: '-V' option must have argument
configure:3692: $? = 1
configure:3695: checking whether we are using the GNU C compiler
configure:3724: gcc -c   conftest.c >&5
configure:3730: $? = 0
configure:3747: result: yes
configure:3752: checking whether gcc accepts -g
configure:3782: gcc -c -g  conftest.c >&5
configure:3788: $? = 0
configure:3887: result: yes
configure:3904: checking for gcc option to accept ISO C89
configure:3978: gcc  -c -g -O2  conftest.c >&5
configure:3984: $? = 0
configure:4007: result: none needed
configure:4027: checking dependency style of gcc
configure:4118: result: gcc3
configure:4133: checking for a sed that does not truncate output
configure:4189: result: /bin/sed
configure:4192: checking for grep that handles long lines and -e
configure:4266: result: /bin/grep
configure:4271: checking for egrep
configure:4349: result: /bin/grep -E
configure:4365: checking for ld used by gcc
configure:4432: result: /usr/bin/ld
configure:4441: checking if the linker (/usr/bin/ld) is GNU ld
configure:4456: result: yes
configure:4461: checking for /usr/bin/ld option to reload object files
configure:4468: result: -r
configure:4486: checking for BSD-compatible nm
configure:4535: result: /usr/bin/nm -B
configure:4539: checking whether ln -s works
configure:4543: result: yes
configure:4550: checking how to recognise dependent libraries
configure:4726: result: pass_all
configure:4960: checking how to run the C preprocessor
configure:5000: gcc -E  conftest.c
configure:5006: $? = 0
configure:5037: gcc -E  conftest.c
conftest.c:10:28: error: ac_nonexistent.h: No such file or directory
configure:5043: $? = 1
configure: failed program was:
| /* confdefs.h.  */
| #define PACKAGE_NAME ""
| #define PACKAGE_TARNAME ""
| #define PACKAGE_VERSION ""
| #define PACKAGE_STRING ""
| #define PACKAGE_BUGREPORT ""
| #define PACKAGE "gingacctsparser"
| #define VERSION "0.11.2"
| /* end confdefs.h.  */
| #include <ac_nonexistent.h>
configure:5076: result: gcc -E
configure:5105: gcc -E  conftest.c
configure:5111: $? = 0
configure:5142: gcc -E  conftest.c
conftest.c:10:28: error: ac_nonexistent.h: No such file or directory
configure:5148: $? = 1
configure: failed program was:
| /* confdefs.h.  */
| #define PACKAGE_NAME ""
| #define PACKAGE_TARNAME ""
| #define PACKAGE_VERSION ""
| #define PACKAGE_STRING ""
| #define PACKAGE_BUGREPORT ""
| #define PACKAGE "gingacctsparser"
| #define VERSION "0.11.2"
| /* end confdefs.h.  */
| #include <ac_nonexistent.h>
configure:5186: checking for ANSI C header files
configure:5216: gcc -c -g -O2  conftest.c >&5
configure:5222: $? = 0
configure:5321: gcc -o conftest -g -O2   conftest.c  >&5
configure:5324: $? = 0
configure:5330: ./conftest
configure:5333: $? = 0
configure:5350: result: yes
configure:5374: checking for sys/types.h
configure:5395: gcc -c -g -O2  conftest.c >&5
configure:5401: $? = 0
configure:5417: result: yes
configure:5374: checking for sys/stat.h
configure:5395: gcc -c -g -O2  conftest.c >&5
configure:5401: $? = 0
configure:5417: result: yes
configure:5374: checking for stdlib.h
configure:5395: gcc -c -g -O2  conftest.c >&5
configure:5401: $? = 0
configure:5417: result: yes
configure:5374: checking for string.h
configure:5395: gcc -c -g -O2  conftest.c >&5
configure:5401: $? = 0
configure:5417: result: yes
configure:5374: checking for memory.h
configure:5395: gcc -c -g -O2  conftest.c >&5
configure:5401: $? = 0
configure:5417: result: yes
configure:5374: checking for strings.h
configure:5395: gcc -c -g -O2  conftest.c >&5
configure:5401: $? = 0
configure:5417: result: yes
configure:5374: checking for inttypes.h
configure:5395: gcc -c -g -O2  conftest.c >&5
configure:5401: $? = 0
configure:5417: result: yes
configure:5374: checking for stdint.h
configure:5395: gcc -c -g -O2  conftest.c >&5
configure:5401: $? = 0
configure:5417: result: yes
configure:5374: checking for unistd.h
configure:5395: gcc -c -g -O2  conftest.c >&5
configure:5401: $? = 0
configure:5417: result: yes
configure:5444: checking dlfcn.h usability
configure:5461: gcc -c -g -O2  conftest.c >&5
configure:5467: $? = 0
configure:5481: result: yes
configure:5485: checking dlfcn.h presence
configure:5500: gcc -E  conftest.c
configure:5506: $? = 0
configure:5520: result: yes
configure:5548: checking for dlfcn.h
configure:5556: result: yes
configure:5579: checking how to run the C++ preprocessor
configure:5615: g++ -E  conftest.cpp
configure:5621: $? = 0
configure:5652: g++ -E  conftest.cpp
conftest.cpp:21:28: error: ac_nonexistent.h: No such file or directory
configure:5658: $? = 1
configure: failed program was:
| /* confdefs.h.  */
| #define PACKAGE_NAME ""
| #define PACKAGE_TARNAME ""
| #define PACKAGE_VERSION ""
| #define PACKAGE_STRING ""
| #define PACKAGE_BUGREPORT ""
| #define PACKAGE "gingacctsparser"
| #define VERSION "0.11.2"
| #define STDC_HEADERS 1
| #define HAVE_SYS_TYPES_H 1
| #define HAVE_SYS_STAT_H 1
| #define HAVE_STDLIB_H 1
| #define HAVE_STRING_H 1
| #define HAVE_MEMORY_H 1
| #define HAVE_STRINGS_H 1
| #define HAVE_INTTYPES_H 1
| #define HAVE_STDINT_H 1
| #define HAVE_UNISTD_H 1
| #define HAVE_DLFCN_H 1
| /* end confdefs.h.  */
| #include <ac_nonexistent.h>
configure:5691: result: g++ -E
configure:5720: g++ -E  conftest.cpp
configure:5726: $? = 0
configure:5757: g++ -E  conftest.cpp
conftest.cpp:21:28: error: ac_nonexistent.h: No such file or directory
configure:5763: $? = 1
configure: failed program was:
| /* confdefs.h.  */
| #define PACKAGE_NAME ""
| #define PACKAGE_TARNAME ""
| #define PACKAGE_VERSION ""
| #define PACKAGE_STRING ""
| #define PACKAGE_BUGREPORT ""
| #define PACKAGE "gingacctsparser"
| #define VERSION "0.11.2"
| #define STDC_HEADERS 1
| #define HAVE_SYS_TYPES_H 1
| #define HAVE_SYS_STAT_H 1
| #define HAVE_STDLIB_H 1
| #define HAVE_STRING_H 1
| #define HAVE_MEMORY_H 1
| #define HAVE_STRINGS_H 1
| #define HAVE_INTTYPES_H 1
| #define HAVE_STDINT_H 1
| #define HAVE_UNISTD_H 1
| #define HAVE_DLFCN_H 1
| /* end confdefs.h.  */
| #include <ac_nonexistent.h>
configure:5856: checking for g77
configure:5886: result: no
configure:5856: checking for xlf
configure:5886: result: no
configure:5856: checking for f77
configure:5886: result: no
configure:5856: checking for frt
configure:5886: result: no
configure:5856: checking for pgf77
configure:5886: result: no
configure:5856: checking for cf77
configure:5886: result: no
configure:5856: checking for fort77
configure:5886: result: no
configure:5856: checking for fl32
configure:5886: result: no
configure:5856: checking for af77
configure:5886: result: no
configure:5856: checking for xlf90
configure:5886: result: no
configure:5856: checking for f90
configure:5886: result: no
configure:5856: checking for pgf90
configure:5886: result: no
configure:5856: checking for pghpf
configure:5886: result: no
configure:5856: checking for epcf90
configure:5886: result: no
configure:5856: checking for gfortran
configure:5886: result: no
configure:5856: checking for g95
configure:5886: result: no
configure:5856: checking for xlf95
configure:5886: result: no
configure:5856: checking for f95
configure:5886: result: no
configure:5856: checking for fort
configure:5886: result: no
configure:5856: checking for ifort
configure:5886: result: no
configure:5856: checking for ifc
configure:5886: result: no
configure:5856: checking for efc
configure:5886: result: no
configure:5856: checking for pgf95
configure:5886: result: no
configure:5856: checking for lf95
configure:5886: result: no
configure:5856: checking for ftn
configure:5886: result: no
configure:5913: checking for Fortran 77 compiler version
configure:5920:  --version >&5
./configure: line 5921: --version: command not found
configure:5923: $? = 127
configure:5930:  -v >&5
./configure: line 5931: -v: command not found
configure:5933: $? = 127
configure:5940:  -V >&5
./configure: line 5941: -V: command not found
configure:5943: $? = 127
configure:5951: checking whether we are using the GNU Fortran 77 compiler
configure:5970:  -c  conftest.F >&5
./configure: line 5971: -c: command not found
configure:5976: $? = 127
configure: failed program was:
|       program main
| #ifndef __GNUC__
|        choke me
| #endif
| 
|       end
configure:5993: result: no
configure:5999: checking whether  accepts -g
configure:6016:  -c -g conftest.f >&5
./configure: line 6017: -c: command not found
configure:6022: $? = 127
configure: failed program was:
|       program main
| 
|       end
configure:6038: result: no
configure:6068: checking the maximum length of command line arguments
configure:6177: result: 32768
configure:6188: checking command to parse /usr/bin/nm -B output from gcc object
configure:6293: g++ -c -g -O2  conftest.cpp >&5
configure:6296: $? = 0
configure:6300: /usr/bin/nm -B conftest.o \| sed -n -e 's/^.*[ 	]\([ABCDGIRSTW][ABCDGIRSTW]*\)[ 	][ 	]*\([_A-Za-z][_A-Za-z0-9]*\)$/\1 \2 \2/p' \> conftest.nm
configure:6303: $? = 0
configure:6355: g++ -o conftest -g -O2   conftest.cpp conftstm.o >&5
configure:6358: $? = 0
configure:6396: result: ok
configure:6400: checking for objdir
configure:6415: result: .libs
configure:6507: checking for ar
configure:6523: found /usr/bin/ar
configure:6534: result: ar
configure:6603: checking for ranlib
configure:6619: found /usr/bin/ranlib
configure:6630: result: ranlib
configure:6699: checking for strip
configure:6715: found /usr/bin/strip
configure:6726: result: strip
configure:7012: checking if gcc supports -fno-rtti -fno-exceptions
configure:7030: gcc -c -g -O2  -fno-rtti -fno-exceptions conftest.c >&5
cc1: warning: command line option "-fno-rtti" is valid for C++/ObjC++ but not for C
configure:7034: $? = 0
configure:7047: result: no
configure:7062: checking for gcc option to produce PIC
configure:7272: result: -fPIC
configure:7280: checking if gcc PIC flag -fPIC works
configure:7298: gcc -c -g -O2  -fPIC -DPIC conftest.c >&5
configure:7302: $? = 0
configure:7315: result: yes
configure:7343: checking if gcc static flag -static works
configure:7371: result: yes
configure:7381: checking if gcc supports -c -o file.o
configure:7402: gcc -c -g -O2  -o out/conftest2.o conftest.c >&5
configure:7406: $? = 0
configure:7428: result: yes
configure:7454: checking whether the gcc linker (/usr/bin/ld) supports shared libraries
configure:8408: result: yes
configure:8429: checking whether -lc should be explicitly linked in
configure:8434: gcc -c -g -O2  conftest.c >&5
configure:8437: $? = 0
configure:8452: gcc -shared conftest.o  -v -Wl,-soname -Wl,conftest -o conftest 2\>\&1 \| grep  -lc  \>/dev/null 2\>\&1
configure:8455: $? = 0
configure:8467: result: no
configure:8475: checking dynamic linker characteristics
configure:9084: result: GNU/Linux ld.so
configure:9093: checking how to hardcode library paths into programs
configure:9118: result: immediate
configure:9132: checking whether stripping libraries is possible
configure:9137: result: yes
configure:9938: checking if libtool supports shared libraries
configure:9940: result: yes
configure:9943: checking whether to build shared libraries
configure:9964: result: yes
configure:9967: checking whether to build static libraries
configure:9971: result: yes
configure:10063: creating libtool
configure:10651: checking for ld used by g++
configure:10718: result: /usr/bin/ld
configure:10727: checking if the linker (/usr/bin/ld) is GNU ld
configure:10742: result: yes
configure:10793: checking whether the g++ linker (/usr/bin/ld) supports shared libraries
configure:11727: result: yes
configure:11745: g++ -c -g -O2  conftest.cpp >&5
configure:11748: $? = 0
configure:11867: checking for g++ option to produce PIC
configure:12141: result: -fPIC
configure:12149: checking if g++ PIC flag -fPIC works
configure:12167: g++ -c -g -O2  -fPIC -DPIC conftest.cpp >&5
configure:12171: $? = 0
configure:12184: result: yes
configure:12212: checking if g++ static flag -static works
configure:12240: result: yes
configure:12250: checking if g++ supports -c -o file.o
configure:12271: g++ -c -g -O2  -o out/conftest2.o conftest.cpp >&5
configure:12275: $? = 0
configure:12297: result: yes
configure:12323: checking whether the g++ linker (/usr/bin/ld) supports shared libraries
configure:12348: result: yes
configure:12415: checking dynamic linker characteristics
configure:13024: result: GNU/Linux ld.so
configure:13033: checking how to hardcode library paths into programs
configure:13058: result: immediate
configure:19276: checking util/functions.h usability
configure:19293: g++ -c -fPIC -g -O2 -I/usr/local/include/ginga -I/usr/local/include -I/usr/include  conftest.cpp >&5
configure:19299: $? = 0
configure:19313: result: yes
configure:19317: checking util/functions.h presence
configure:19332: g++ -E -I/usr/local/include/ginga -I/usr/local/include -I/usr/include  conftest.cpp
configure:19338: $? = 0
configure:19352: result: yes
configure:19380: checking for util/functions.h
configure:19387: result: yes
configure:19424: checking system/thread/Thread.h usability
configure:19441: g++ -c -fPIC -g -O2 -I/usr/local/include/ginga -I/usr/local/include -I/usr/include  conftest.cpp >&5
configure:19447: $? = 0
configure:19461: result: yes
configure:19465: checking system/thread/Thread.h presence
configure:19480: g++ -E -I/usr/local/include/ginga -I/usr/local/include -I/usr/include  conftest.cpp
configure:19486: $? = 0
configure:19500: result: yes
configure:19528: checking for system/thread/Thread.h
configure:19535: result: yes
configure:19572: checking tuner/ITuner.h usability
configure:19589: g++ -c -fPIC -g -O2 -I/usr/local/include/ginga -I/usr/local/include -I/usr/include  conftest.cpp >&5
configure:19595: $? = 0
configure:19609: result: yes
configure:19613: checking tuner/ITuner.h presence
configure:19628: g++ -E -I/usr/local/include/ginga -I/usr/local/include -I/usr/include  conftest.cpp
configure:19634: $? = 0
configure:19648: result: yes
configure:19676: checking for tuner/ITuner.h
configure:19683: result: yes
configure:19716: checking for main in -ltelemidiautil
configure:19745: g++ -o conftest -fPIC -g -O2 -I/usr/local/include/ginga -I/usr/local/include -I/usr/include  -L/usr/local/lib/ginga -L/usr/local/lib -L/usr/lib  conftest.cpp -ltelemidiautil   >&5
configure:19751: $? = 0
configure:19769: result: yes
configure:19800: checking for main in -lgingaccsystemthread
configure:19829: g++ -o conftest -fPIC -g -O2 -I/usr/local/include/ginga -I/usr/local/include -I/usr/include  -L/usr/local/lib/ginga -L/usr/local/lib -L/usr/lib  conftest.cpp -lgingaccsystemthread  -ltelemidiautil  >&5
configure:19835: $? = 0
configure:19853: result: yes
configure:19884: checking for main in -lgingacctuner
configure:19913: g++ -o conftest -fPIC -g -O2 -I/usr/local/include/ginga -I/usr/local/include -I/usr/include  -L/usr/local/lib/ginga -L/usr/local/lib -L/usr/lib  conftest.cpp -lgingacctuner  -lgingaccsystemthread -ltelemidiautil  >&5
configure:19919: $? = 0
configure:19937: result: yes
configure:19993: result: *** Component support will be built.
configure:20138: creating ./config.status

## ---------------------- ##
## Running config.status. ##
## ---------------------- ##

This file was extended by config.status, which was
generated by GNU Autoconf 2.61.  Invocation command line was

  CONFIG_FILES    = 
  CONFIG_HEADERS  = 
  CONFIG_LINKS    = 
  CONFIG_COMMANDS = 
  $ ./config.status 

on gingavm.telemidia.puc-rio.br

config.status:668: creating Makefile
config.status:668: creating include/Makefile
config.status:668: creating src/Makefile
config.status:668: creating test/Makefile
config.status:668: creating config.h
config.status:899: config.h is unchanged
config.status:945: executing depfiles commands

## ---------------- ##
## Cache variables. ##
## ---------------- ##

ac_cv_build=i686-pc-linux-gnu
ac_cv_c_compiler_gnu=yes
ac_cv_cxx_compiler_gnu=yes
ac_cv_env_CCC_set=
ac_cv_env_CCC_value=
ac_cv_env_CC_set=
ac_cv_env_CC_value=
ac_cv_env_CFLAGS_set=
ac_cv_env_CFLAGS_value=
ac_cv_env_CPPFLAGS_set=
ac_cv_env_CPPFLAGS_value=
ac_cv_env_CPP_set=
ac_cv_env_CPP_value=
ac_cv_env_CXXCPP_set=
ac_cv_env_CXXCPP_value=
ac_cv_env_CXXFLAGS_set=
ac_cv_env_CXXFLAGS_value=
ac_cv_env_CXX_set=
ac_cv_env_CXX_value=
ac_cv_env_F77_set=
ac_cv_env_F77_value=
ac_cv_env_FFLAGS_set=
ac_cv_env_FFLAGS_value=
ac_cv_env_LDFLAGS_set=
ac_cv_env_LDFLAGS_value=
ac_cv_env_LIBS_set=
ac_cv_env_LIBS_value=
ac_cv_env_build_alias_set=
ac_cv_env_build_alias_value=
ac_cv_env_host_alias_set=
ac_cv_env_host_alias_value=
ac_cv_env_target_alias_set=
ac_cv_env_target_alias_value=
ac_cv_f77_compiler_gnu=no
ac_cv_header_dlfcn_h=yes
ac_cv_header_inttypes_h=yes
ac_cv_header_memory_h=yes
ac_cv_header_stdc=yes
ac_cv_header_stdint_h=yes
ac_cv_header_stdlib_h=yes
ac_cv_header_string_h=yes
ac_cv_header_strings_h=yes
ac_cv_header_sys_stat_h=yes
ac_cv_header_sys_types_h=yes
ac_cv_header_system_thread_Thread_h=yes
ac_cv_header_tuner_ITuner_h=yes
ac_cv_header_unistd_h=yes
ac_cv_header_util_functions_h=yes
ac_cv_host=i686-pc-linux-gnu
ac_cv_lib_gingaccsystemthread=ac_cv_lib_gingaccsystemthread_main
ac_cv_lib_gingaccsystemthread_main=yes
ac_cv_lib_gingacctuner=ac_cv_lib_gingacctuner_main
ac_cv_lib_gingacctuner_main=yes
ac_cv_lib_telemidiautil=ac_cv_lib_telemidiautil_main
ac_cv_lib_telemidiautil_main=yes
ac_cv_objext=o
ac_cv_path_EGREP='/bin/grep -E'
ac_cv_path_GREP=/bin/grep
ac_cv_path_install='/usr/bin/install -c'
ac_cv_path_mkdir=/bin/mkdir
ac_cv_prog_AWK=gawk
ac_cv_prog_CPP='gcc -E'
ac_cv_prog_CXXCPP='g++ -E'
ac_cv_prog_ac_ct_AR=ar
ac_cv_prog_ac_ct_CC=gcc
ac_cv_prog_ac_ct_CXX=g++
ac_cv_prog_ac_ct_RANLIB=ranlib
ac_cv_prog_ac_ct_STRIP=strip
ac_cv_prog_cc_c89=
ac_cv_prog_cc_g=yes
ac_cv_prog_cxx_g=yes
ac_cv_prog_f77_g=no
ac_cv_prog_make_make_set=yes
am_cv_CC_dependencies_compiler_type=gcc3
am_cv_CXX_dependencies_compiler_type=gcc3
lt_cv_deplibs_check_method=pass_all
lt_cv_file_magic_cmd='$MAGIC_CMD'
lt_cv_file_magic_test_file=
lt_cv_ld_reload_flag=-r
lt_cv_objdir=.libs
lt_cv_path_LD=/usr/bin/ld
lt_cv_path_LDCXX=/usr/bin/ld
lt_cv_path_NM='/usr/bin/nm -B'
lt_cv_path_SED=/bin/sed
lt_cv_prog_compiler_c_o=yes
lt_cv_prog_compiler_c_o_CXX=yes
lt_cv_prog_compiler_rtti_exceptions=no
lt_cv_prog_gnu_ld=yes
lt_cv_prog_gnu_ldcxx=yes
lt_cv_sys_global_symbol_pipe='sed -n -e '\''s/^.*[ 	]\([ABCDGIRSTW][ABCDGIRSTW]*\)[ 	][ 	]*\([_A-Za-z][_A-Za-z0-9]*\)$/\1 \2 \2/p'\'''
lt_cv_sys_global_symbol_to_c_name_address='sed -n -e '\''s/^: \([^ ]*\) $/  {\"\1\", (lt_ptr) 0},/p'\'' -e '\''s/^[BCDEGRST] \([^ ]*\) \([^ ]*\)$/  {"\2", (lt_ptr) \&\2},/p'\'''
lt_cv_sys_global_symbol_to_cdecl='sed -n -e '\''s/^. .* \(.*\)$/extern int \1;/p'\'''
lt_cv_sys_max_cmd_len=32768
lt_lt_cv_prog_compiler_c_o='"yes"'
lt_lt_cv_prog_compiler_c_o_CXX='"yes"'
lt_lt_cv_sys_global_symbol_pipe='"sed -n -e '\''s/^.*[ 	]\\([ABCDGIRSTW][ABCDGIRSTW]*\\)[ 	][ 	]*\\([_A-Za-z][_A-Za-z0-9]*\\)\$/\\1 \\2 \\2/p'\''"'
lt_lt_cv_sys_global_symbol_to_c_name_address='"sed -n -e '\''s/^: \\([^ ]*\\) \$/  {\\\"\\1\\\", (lt_ptr) 0},/p'\'' -e '\''s/^[BCDEGRST] \\([^ ]*\\) \\([^ ]*\\)\$/  {\"\\2\", (lt_ptr) \\&\\2},/p'\''"'
lt_lt_cv_sys_global_symbol_to_cdecl='"sed -n -e '\''s/^. .* \\(.*\\)\$/extern int \\1;/p'\''"'

## ----------------- ##
## Output variables. ##
## ----------------- ##

ACLOCAL='${SHELL} /usr/src/gingaUFSCAR/gingacc-cpp/gingacc-tsparser/missing --run aclocal-1.10'
AMDEPBACKSLASH='\'
AMDEP_FALSE='#'
AMDEP_TRUE=''
AMTAR='${SHELL} /usr/src/gingaUFSCAR/gingacc-cpp/gingacc-tsparser/missing --run tar'
AR='ar'
AUTOCONF='${SHELL} /usr/src/gingaUFSCAR/gingacc-cpp/gingacc-tsparser/missing --run autoconf'
AUTOHEADER='${SHELL} /usr/src/gingaUFSCAR/gingacc-cpp/gingacc-tsparser/missing --run autoheader'
AUTOMAKE='${SHELL} /usr/src/gingaUFSCAR/gingacc-cpp/gingacc-tsparser/missing --run automake-1.10'
AWK='gawk'
CC='gcc'
CCDEPMODE='depmode=gcc3'
CFLAGS='-fPIC -g -O2'
COMPONENTS_FALSE=''
COMPONENTS_LIBS='-ldl -L/usr/local/lib/ -L/usr/local/lib/ginga/'
COMPONENTS_TRUE='#'
CPP='gcc -E'
CPPFLAGS='-I/usr/local/include/ginga -I/usr/local/include -I/usr/include '
CXX='g++'
CXXCPP='g++ -E'
CXXDEPMODE='depmode=gcc3'
CXXFLAGS='-fPIC -g -O2'
CYGPATH_W='echo'
DEFS='-DHAVE_CONFIG_H'
DEPDIR='.deps'
ECHO='echo'
ECHO_C=''
ECHO_N='-n'
ECHO_T=''
EGREP='/bin/grep -E'
EXEEXT=''
F77=''
FFLAGS=''
GREP='/bin/grep'
INSTALL_DATA='${INSTALL} -m 644'
INSTALL_PROGRAM='${INSTALL}'
INSTALL_SCRIPT='${INSTALL}'
INSTALL_STRIP_PROGRAM='$(install_sh) -c -s'
LDFLAGS='-L/usr/local/lib/ginga -L/usr/local/lib -L/usr/lib '
LIBOBJS=''
LIBS='-lgingacctuner -lgingaccsystemthread -ltelemidiautil '
LIBTOOL='$(SHELL) $(top_builddir)/libtool'
LN_S='ln -s'
LTLIBOBJS=''
MAKEINFO='${SHELL} /usr/src/gingaUFSCAR/gingacc-cpp/gingacc-tsparser/missing --run makeinfo'
OBJEXT='o'
PACKAGE='gingacctsparser'
PACKAGE_BUGREPORT=''
PACKAGE_NAME=''
PACKAGE_STRING=''
PACKAGE_TARNAME=''
PACKAGE_VERSION=''
PATH_SEPARATOR=':'
RANLIB='ranlib'
SED='/bin/sed'
SET_MAKE=''
SHELL='/bin/sh'
STRIP='strip'
VERSION='0.11.2'
ac_ct_CC='gcc'
ac_ct_CXX='g++'
ac_ct_F77=''
am__fastdepCC_FALSE='#'
am__fastdepCC_TRUE=''
am__fastdepCXX_FALSE='#'
am__fastdepCXX_TRUE=''
am__include='include'
am__isrc=''
am__leading_dot='.'
am__quote=''
am__tar='${AMTAR} chof - "$$tardir"'
am__untar='${AMTAR} xf -'
bindir='${exec_prefix}/bin'
build='i686-pc-linux-gnu'
build_alias=''
build_cpu='i686'
build_os='linux-gnu'
build_vendor='pc'
datadir='${datarootdir}'
datarootdir='${prefix}/share'
docdir='${datarootdir}/doc/${PACKAGE}'
dvidir='${docdir}'
exec_prefix='${prefix}'
host='i686-pc-linux-gnu'
host_alias=''
host_cpu='i686'
host_os='linux-gnu'
host_vendor='pc'
htmldir='${docdir}'
includedir='${prefix}/include'
infodir='${datarootdir}/info'
install_sh='$(SHELL) /usr/src/gingaUFSCAR/gingacc-cpp/gingacc-tsparser/install-sh'
libdir='${exec_prefix}/lib'
libexecdir='${exec_prefix}/libexec'
localedir='${datarootdir}/locale'
localstatedir='${prefix}/var'
mandir='${datarootdir}/man'
mkdir_p='/bin/mkdir -p'
oldincludedir='/usr/include'
pdfdir='${docdir}'
prefix='/usr/local'
program_transform_name='s,x,x,'
psdir='${docdir}'
sbindir='${exec_prefix}/sbin'
sharedstatedir='${prefix}/com'
sysconfdir='${prefix}/etc'
target_alias=''

## ----------- ##
## confdefs.h. ##
## ----------- ##

#define PACKAGE_NAME ""
#define PACKAGE_TARNAME ""
#define PACKAGE_VERSION ""
#define PACKAGE_STRING ""
#define PACKAGE_BUGREPORT ""
#define PACKAGE "gingacctsparser"
#define VERSION "0.11.2"
#define STDC_HEADERS 1
#define HAVE_SYS_TYPES_H 1
#define HAVE_SYS_STAT_H 1
#define HAVE_STDLIB_H 1
#define HAVE_STRING_H 1
#define HAVE_MEMORY_H 1
#define HAVE_STRINGS_H 1
#define HAVE_INTTYPES_H 1
#define HAVE_STDINT_H 1
#define HAVE_UNISTD_H 1
#define HAVE_DLFCN_H 1
#define HAVE_LIBTELEMIDIAUTIL 1
#define HAVE_LIBGINGACCSYSTEMTHREAD 1
#define HAVE_LIBGINGACCTUNER 1
#define HAVE_COMPSUPPORT 1

configure: exit 0
